[0.035s] Invoking command in '/home/u22/turtlebot/build/semantic_density_map': CMAKE_PREFIX_PATH=/opt/ros/humble /usr/bin/cmake --build /home/u22/turtlebot/build/semantic_density_map -- -j4 -l4
[0.085s] -- Found ament_cmake: 1.3.13 (/opt/ros/humble/share/ament_cmake/cmake)
[0.358s] -- Found rclcpp: 16.0.18 (/opt/ros/humble/share/rclcpp/cmake)
[0.435s] -- Found rosidl_generator_c: 3.1.8 (/opt/ros/humble/share/rosidl_generator_c/cmake)
[0.439s] -- Found rosidl_adapter: 3.1.8 (/opt/ros/humble/share/rosidl_adapter/cmake)
[0.450s] -- Found rosidl_generator_cpp: 3.1.8 (/opt/ros/humble/share/rosidl_generator_cpp/cmake)
[0.468s] -- Using all available rosidl_typesupport_c: rosidl_typesupport_fastrtps_c;rosidl_typesupport_introspection_c
[0.492s] -- Using all available rosidl_typesupport_cpp: rosidl_typesupport_fastrtps_cpp;rosidl_typesupport_introspection_cpp
[0.550s] -- Found rmw_implementation_cmake: 6.1.2 (/opt/ros/humble/share/rmw_implementation_cmake/cmake)
[0.556s] -- Found rmw_fastrtps_cpp: 6.2.10 (/opt/ros/humble/share/rmw_fastrtps_cpp/cmake)
[0.788s] -- Using RMW implementation 'rmw_fastrtps_cpp' as default
[0.903s] -- Found geometry_msgs: 4.9.1 (/opt/ros/humble/share/geometry_msgs/cmake)
[0.928s] -- Found sensor_msgs: 4.9.1 (/opt/ros/humble/share/sensor_msgs/cmake)
[0.967s] -- Found nav_msgs: 4.9.1 (/opt/ros/humble/share/nav_msgs/cmake)
[1.012s] -- Found visualization_msgs: 4.9.1 (/opt/ros/humble/share/visualization_msgs/cmake)
[1.051s] -- Found tf2: 0.25.19 (/opt/ros/humble/share/tf2/cmake)
[1.059s] -- Found tf2_ros: 0.25.19 (/opt/ros/humble/share/tf2_ros/cmake)
[1.217s] -- Found tf2_geometry_msgs: 0.25.19 (/opt/ros/humble/share/tf2_geometry_msgs/cmake)
[1.223s] -- Found eigen3_cmake_module: 0.1.1 (/opt/ros/humble/share/eigen3_cmake_module/cmake)
[1.226s] -- Ensuring Eigen3 include directory is part of orocos-kdl CMake target
[1.228s] -- Found pcl_conversions: 2.4.5 (/opt/ros/humble/share/pcl_conversions/cmake)
[1.284s] -- Eigen found (include: /usr/include/eigen3, version: 3.4.0)
[1.345s] -- FLANN found (include: /usr/include, lib: /usr/lib/x86_64-linux-gnu/libflann_cpp.so)
[1.934s] -- OpenNI found (version: 1.5.4.0, include: /usr/include/ni, lib: /usr/lib/libOpenNI.so;libusb::libusb)
[1.946s] -- OpenNI2 found (version: 2.2.0.33, include: /usr/include/openni2, lib: /usr/lib/x86_64-linux-gnu/libOpenNI2.so;libusb::libusb)
[2.265s] -- Eigen found (include: /usr/include/eigen3, version: 3.4.0)
[2.280s] -- OpenNI found (version: 1.5.4.0, include: /usr/include/ni, lib: /usr/lib/libOpenNI.so;libusb::libusb)
[2.290s] -- OpenNI2 found (version: 2.2.0.33, include: /usr/include/openni2, lib: /usr/lib/x86_64-linux-gnu/libOpenNI2.so;libusb::libusb)
[2.620s] -- Found Qhull version 8.0.2
[2.951s] -- OpenNI found (version: 1.5.4.0, include: /usr/include/ni, lib: /usr/lib/libOpenNI.so;libusb::libusb)
[3.309s] [33mCMake Warning (dev) at CMakeLists.txt:20 (find_package):
[3.309s]   Policy CMP0074 is not set: find_package uses <PackageName>_ROOT variables.
[3.309s]   Run "cmake --help-policy CMP0074" for policy details.  Use the cmake_policy
[3.309s]   command to set the policy and suppress this warning.
[3.309s] 
[3.309s]   CMake variable PCL_ROOT is set to:
[3.309s] 
[3.309s]     /usr
[3.310s] 
[3.310s]   For compatibility, CMake is ignoring the variable.
[3.310s] This warning is for project developers.  Use -Wno-dev to suppress it.
[3.310s] [0m
[3.324s] -- Found nav2_msgs: 1.1.20 (/opt/ros/humble/share/nav2_msgs/cmake)
[3.401s] [31mCMake Error at /opt/ros/humble/share/ament_cmake_target_dependencies/cmake/ament_target_dependencies.cmake:77 (message):
[3.402s]   ament_target_dependencies() the passed package name 'nav2_core' was not
[3.402s]   found before
[3.402s] Call Stack (most recent call first):
[3.402s]   CMakeLists.txt:31 (ament_target_dependencies)
[3.402s] 
[3.402s] [0m
[3.402s] -- Configuring incomplete, errors occurred!
[3.402s] See also "/home/u22/turtlebot/build/semantic_density_map/CMakeFiles/CMakeOutput.log".
[3.430s] gmake: *** [Makefile:308: cmake_check_build_system] Error 1
[3.436s] Invoked command in '/home/u22/turtlebot/build/semantic_density_map' returned '2': CMAKE_PREFIX_PATH=/opt/ros/humble /usr/bin/cmake --build /home/u22/turtlebot/build/semantic_density_map -- -j4 -l4
