[0.055s] Invoking command in '/home/u22/turtlebot/build/turtlebot3_node': CMAKE_PREFIX_PATH=${CMAKE_PREFIX_PATH}:/home/u22/turtlebot/install/turtlebot3_teleop:/home/u22/turtlebot/install/turtlebot3_example:/opt/ros/humble /usr/bin/cmake /home/u22/turtlebot/turtlebot3/turtlebot3_node -DCMAKE_INSTALL_PREFIX=/home/u22/turtlebot/install/turtlebot3_node
[0.249s] -- The C compiler identification is GNU 11.4.0
[0.448s] -- The CXX compiler identification is GNU 11.4.0
[0.477s] -- Detecting C compiler ABI info
[0.669s] -- Detecting C compiler ABI info - done
[0.690s] -- Check for working C compiler: /usr/bin/cc - skipped
[0.692s] -- Detecting C compile features
[0.694s] -- Detecting C compile features - done
[0.700s] -- Detecting CXX compiler ABI info
[1.013s] -- Detecting CXX compiler ABI info - done
[1.039s] -- Check for working CXX compiler: /usr/bin/c++ - skipped
[1.039s] -- Detecting CXX compile features
[1.039s] -- Detecting CXX compile features - done
[1.045s] -- Found ament_cmake: 1.3.13 (/opt/ros/humble/share/ament_cmake/cmake)
[1.566s] -- Found Python3: /usr/bin/python3 (found version "3.10.12") found components: Interpreter 
[1.789s] -- Found dynamixel_sdk: 4.0.3 (/opt/ros/humble/share/dynamixel_sdk/cmake)
[1.809s] -- Found geometry_msgs: 4.9.1 (/opt/ros/humble/share/geometry_msgs/cmake)
[1.948s] -- Found rosidl_generator_c: 3.1.8 (/opt/ros/humble/share/rosidl_generator_c/cmake)
[1.962s] -- Found rosidl_adapter: 3.1.8 (/opt/ros/humble/share/rosidl_adapter/cmake)
[1.988s] -- Found rosidl_generator_cpp: 3.1.8 (/opt/ros/humble/share/rosidl_generator_cpp/cmake)
[2.021s] -- Using all available rosidl_typesupport_c: rosidl_typesupport_fastrtps_c;rosidl_typesupport_introspection_c
[2.072s] -- Using all available rosidl_typesupport_cpp: rosidl_typesupport_fastrtps_cpp;rosidl_typesupport_introspection_cpp
[2.186s] -- Found message_filters: 4.3.14 (/opt/ros/humble/share/message_filters/cmake)
[2.307s] -- Found rmw_implementation_cmake: 6.1.2 (/opt/ros/humble/share/rmw_implementation_cmake/cmake)
[2.313s] -- Found rmw_fastrtps_cpp: 6.2.10 (/opt/ros/humble/share/rmw_fastrtps_cpp/cmake)
[2.563s] -- Found OpenSSL: /usr/lib/x86_64-linux-gnu/libcrypto.so (found version "3.0.2")  
[2.631s] -- Found FastRTPS: /opt/ros/humble/include  
[2.742s] -- Using RMW implementation 'rmw_fastrtps_cpp' as default
[2.771s] -- Looking for pthread.h
[2.964s] -- Looking for pthread.h - found
[2.967s] -- Performing Test CMAKE_HAVE_LIBC_PTHREAD
[3.239s] -- Performing Test CMAKE_HAVE_LIBC_PTHREAD - Success
[3.251s] -- Found Threads: TRUE  
[3.402s] -- Found nav_msgs: 4.9.1 (/opt/ros/humble/share/nav_msgs/cmake)
[3.456s] -- Found sensor_msgs: 4.9.1 (/opt/ros/humble/share/sensor_msgs/cmake)
[3.510s] -- Found std_srvs: 4.9.1 (/opt/ros/humble/share/std_srvs/cmake)
[3.544s] -- Found tf2: 0.25.19 (/opt/ros/humble/share/tf2/cmake)
[3.590s] -- Found tf2_ros: 0.25.19 (/opt/ros/humble/share/tf2_ros/cmake)
[3.880s] -- Found turtlebot3_msgs: 2.4.0 (/opt/ros/humble/share/turtlebot3_msgs/cmake)
[4.163s] -- Configuring done
[4.227s] -- Generating done
[4.247s] -- Build files have been written to: /home/u22/turtlebot/build/turtlebot3_node
[4.287s] Invoked command in '/home/u22/turtlebot/build/turtlebot3_node' returned '0': CMAKE_PREFIX_PATH=${CMAKE_PREFIX_PATH}:/home/u22/turtlebot/install/turtlebot3_teleop:/home/u22/turtlebot/install/turtlebot3_example:/opt/ros/humble /usr/bin/cmake /home/u22/turtlebot/turtlebot3/turtlebot3_node -DCMAKE_INSTALL_PREFIX=/home/u22/turtlebot/install/turtlebot3_node
[4.288s] Invoking command in '/home/u22/turtlebot/build/turtlebot3_node': CMAKE_PREFIX_PATH=${CMAKE_PREFIX_PATH}:/home/u22/turtlebot/install/turtlebot3_teleop:/home/u22/turtlebot/install/turtlebot3_example:/opt/ros/humble /usr/bin/cmake --build /home/u22/turtlebot/build/turtlebot3_node -- -j4 -l4
[4.441s] [  7%] [32mBuilding CXX object CMakeFiles/turtlebot3_node_lib.dir/src/devices/sound.cpp.o[0m
[4.448s] [ 14%] [32mBuilding CXX object CMakeFiles/turtlebot3_node_lib.dir/src/devices/motor_power.cpp.o[0m
[4.451s] [ 21%] [32mBuilding CXX object CMakeFiles/turtlebot3_node_lib.dir/src/devices/reset.cpp.o[0m
[4.460s] [ 28%] [32mBuilding CXX object CMakeFiles/turtlebot3_node_lib.dir/src/diff_drive_controller.cpp.o[0m
[33.615s] [ 35%] [32mBuilding CXX object CMakeFiles/turtlebot3_node_lib.dir/src/turtlebot3.cpp.o[0m
[96.492s] [ 42%] [32mBuilding CXX object CMakeFiles/turtlebot3_node_lib.dir/src/sensors/battery_state.cpp.o[0m
[106.521s] [ 50%] [32mBuilding CXX object CMakeFiles/turtlebot3_node_lib.dir/src/sensors/imu.cpp.o[0m
[116.923s] [ 57%] [32mBuilding CXX object CMakeFiles/turtlebot3_node_lib.dir/src/sensors/joint_state.cpp.o[0m
[127.555s] [ 64%] [32mBuilding CXX object CMakeFiles/turtlebot3_node_lib.dir/src/sensors/sensor_state.cpp.o[0m
[138.009s] [ 71%] [32mBuilding CXX object CMakeFiles/turtlebot3_node_lib.dir/src/odometry.cpp.o[0m
[171.395s] [ 78%] [32mBuilding CXX object CMakeFiles/turtlebot3_node_lib.dir/src/dynamixel_sdk_wrapper.cpp.o[0m
[172.550s] [ 85%] [32m[1mLinking CXX static library libturtlebot3_node_lib.a[0m
[173.960s] [ 85%] Built target turtlebot3_node_lib
[174.008s] [ 92%] [32mBuilding CXX object CMakeFiles/turtlebot3_ros.dir/src/node_main.cpp.o[0m
[181.916s] [100%] [32m[1mLinking CXX executable turtlebot3_ros[0m
[185.876s] [100%] Built target turtlebot3_ros
[185.900s] Invoked command in '/home/u22/turtlebot/build/turtlebot3_node' returned '0': CMAKE_PREFIX_PATH=${CMAKE_PREFIX_PATH}:/home/u22/turtlebot/install/turtlebot3_teleop:/home/u22/turtlebot/install/turtlebot3_example:/opt/ros/humble /usr/bin/cmake --build /home/u22/turtlebot/build/turtlebot3_node -- -j4 -l4
[185.904s] Invoking command in '/home/u22/turtlebot/build/turtlebot3_node': CMAKE_PREFIX_PATH=${CMAKE_PREFIX_PATH}:/home/u22/turtlebot/install/turtlebot3_teleop:/home/u22/turtlebot/install/turtlebot3_example:/opt/ros/humble /usr/bin/cmake --install /home/u22/turtlebot/build/turtlebot3_node
[185.920s] -- Install configuration: ""
[185.920s] -- Installing: /home/u22/turtlebot/install/turtlebot3_node/share/turtlebot3_node/param
[185.920s] -- Installing: /home/u22/turtlebot/install/turtlebot3_node/share/turtlebot3_node/param/waffle.yaml
[185.926s] -- Installing: /home/u22/turtlebot/install/turtlebot3_node/share/turtlebot3_node/param/waffle_pi.yaml
[185.926s] -- Installing: /home/u22/turtlebot/install/turtlebot3_node/share/turtlebot3_node/param/burger.yaml
[185.950s] -- Installing: /home/u22/turtlebot/install/turtlebot3_node/lib/turtlebot3_node/turtlebot3_ros
[185.967s] -- Set runtime path of "/home/u22/turtlebot/install/turtlebot3_node/lib/turtlebot3_node/turtlebot3_ros" to ""
[185.968s] -- Installing: /home/u22/turtlebot/install/turtlebot3_node/share/ament_index/resource_index/package_run_dependencies/turtlebot3_node
[185.969s] -- Installing: /home/u22/turtlebot/install/turtlebot3_node/share/ament_index/resource_index/parent_prefix_path/turtlebot3_node
[185.969s] -- Installing: /home/u22/turtlebot/install/turtlebot3_node/share/turtlebot3_node/environment/ament_prefix_path.sh
[185.969s] -- Installing: /home/u22/turtlebot/install/turtlebot3_node/share/turtlebot3_node/environment/ament_prefix_path.dsv
[185.970s] -- Installing: /home/u22/turtlebot/install/turtlebot3_node/share/turtlebot3_node/environment/path.sh
[185.971s] -- Installing: /home/u22/turtlebot/install/turtlebot3_node/share/turtlebot3_node/environment/path.dsv
[185.972s] -- Installing: /home/u22/turtlebot/install/turtlebot3_node/share/turtlebot3_node/local_setup.bash
[185.972s] -- Installing: /home/u22/turtlebot/install/turtlebot3_node/share/turtlebot3_node/local_setup.sh
[185.973s] -- Installing: /home/u22/turtlebot/install/turtlebot3_node/share/turtlebot3_node/local_setup.zsh
[185.974s] -- Installing: /home/u22/turtlebot/install/turtlebot3_node/share/turtlebot3_node/local_setup.dsv
[185.974s] -- Installing: /home/u22/turtlebot/install/turtlebot3_node/share/turtlebot3_node/package.dsv
[185.975s] -- Installing: /home/u22/turtlebot/install/turtlebot3_node/share/ament_index/resource_index/packages/turtlebot3_node
[185.976s] -- Installing: /home/u22/turtlebot/install/turtlebot3_node/share/turtlebot3_node/cmake/ament_cmake_export_dependencies-extras.cmake
[185.977s] -- Installing: /home/u22/turtlebot/install/turtlebot3_node/share/turtlebot3_node/cmake/ament_cmake_export_include_directories-extras.cmake
[185.977s] -- Installing: /home/u22/turtlebot/install/turtlebot3_node/share/turtlebot3_node/cmake/turtlebot3_nodeConfig.cmake
[185.978s] -- Installing: /home/u22/turtlebot/install/turtlebot3_node/share/turtlebot3_node/cmake/turtlebot3_nodeConfig-version.cmake
[185.978s] -- Installing: /home/u22/turtlebot/install/turtlebot3_node/share/turtlebot3_node/package.xml
[185.982s] Invoked command in '/home/u22/turtlebot/build/turtlebot3_node' returned '0': CMAKE_PREFIX_PATH=${CMAKE_PREFIX_PATH}:/home/u22/turtlebot/install/turtlebot3_teleop:/home/u22/turtlebot/install/turtlebot3_example:/opt/ros/humble /usr/bin/cmake --install /home/u22/turtlebot/build/turtlebot3_node
