[0.030s] Invoking command in '/home/u22/turtlebot/build/turtlebot3': AMENT_PREFIX_PATH=/home/u22/turtlebot/install/turtlebot3_teleop:/home/u22/turtlebot/install/turtlebot3_example:/home/u22/turtlebot/install/turtlebot3:/home/u22/turtlebot/install/turtlebot3_simulations:/home/u22/turtlebot/install/turtlebot3_bringup:/home/u22/turtlebot/install/turtlebot3_node:/home/u22/turtlebot/install/turtlebot3_navigation2:/home/u22/turtlebot/install/turtlebot3_manipulation_gazebo:/home/u22/turtlebot/install/turtlebot3_gazebo:/home/u22/turtlebot/install/turtlebot3_fake_node:/home/u22/turtlebot/install/turtlebot3_description:/home/u22/turtlebot/install/turtlebot3_cartographer:/home/u22/turtlebot/install/turtlebot3_ball_collection:/opt/ros/humble CMAKE_PREFIX_PATH=/home/u22/turtlebot/install/turtlebot3_bringup:/home/u22/turtlebot/install/turtlebot3_node:/home/u22/turtlebot/install/turtlebot3_navigation2:/home/u22/turtlebot/install/turtlebot3_description:/home/u22/turtlebot/install/turtlebot3_cartographer:/home/u22/turtlebot/install/turtlebot3:/home/u22/turtlebot/install/turtlebot3_simulations:/home/u22/turtlebot/install/turtlebot3_manipulation_gazebo:/home/u22/turtlebot/install/turtlebot3_gazebo:/home/u22/turtlebot/install/turtlebot3_fake_node:/home/u22/turtlebot/install/turtlebot3_ball_collection:/home/u22/turtlebot/install/turtlebot3_teleop:/home/u22/turtlebot/install/turtlebot3_example:/opt/ros/humble /usr/bin/cmake /home/u22/turtlebot/turtlebot3/turtlebot3 -DCMAKE_INSTALL_PREFIX=/home/u22/turtlebot/install/turtlebot3
[0.150s] -- The C compiler identification is GNU 11.4.0
[0.288s] -- The CXX compiler identification is GNU 11.4.0
[0.303s] -- Detecting C compiler ABI info
[0.418s] -- Detecting C compiler ABI info - done
[0.432s] -- Check for working C compiler: /usr/bin/cc - skipped
[0.432s] -- Detecting C compile features
[0.432s] -- Detecting C compile features - done
[0.437s] -- Detecting CXX compiler ABI info
[0.579s] -- Detecting CXX compiler ABI info - done
[0.594s] -- Check for working CXX compiler: /usr/bin/c++ - skipped
[0.594s] -- Detecting CXX compile features
[0.596s] -- Detecting CXX compile features - done
[0.602s] -- Found ament_cmake: 1.3.13 (/opt/ros/humble/share/ament_cmake/cmake)
[0.930s] -- Found Python3: /usr/bin/python3 (found version "3.10.12") found components: Interpreter 
[1.331s] -- Configuring done
[1.336s] -- Generating done
[1.339s] -- Build files have been written to: /home/u22/turtlebot/build/turtlebot3
[1.349s] Invoked command in '/home/u22/turtlebot/build/turtlebot3' returned '0': AMENT_PREFIX_PATH=/home/u22/turtlebot/install/turtlebot3_teleop:/home/u22/turtlebot/install/turtlebot3_example:/home/u22/turtlebot/install/turtlebot3:/home/u22/turtlebot/install/turtlebot3_simulations:/home/u22/turtlebot/install/turtlebot3_bringup:/home/u22/turtlebot/install/turtlebot3_node:/home/u22/turtlebot/install/turtlebot3_navigation2:/home/u22/turtlebot/install/turtlebot3_manipulation_gazebo:/home/u22/turtlebot/install/turtlebot3_gazebo:/home/u22/turtlebot/install/turtlebot3_fake_node:/home/u22/turtlebot/install/turtlebot3_description:/home/u22/turtlebot/install/turtlebot3_cartographer:/home/u22/turtlebot/install/turtlebot3_ball_collection:/opt/ros/humble CMAKE_PREFIX_PATH=/home/u22/turtlebot/install/turtlebot3_bringup:/home/u22/turtlebot/install/turtlebot3_node:/home/u22/turtlebot/install/turtlebot3_navigation2:/home/u22/turtlebot/install/turtlebot3_description:/home/u22/turtlebot/install/turtlebot3_cartographer:/home/u22/turtlebot/install/turtlebot3:/home/u22/turtlebot/install/turtlebot3_simulations:/home/u22/turtlebot/install/turtlebot3_manipulation_gazebo:/home/u22/turtlebot/install/turtlebot3_gazebo:/home/u22/turtlebot/install/turtlebot3_fake_node:/home/u22/turtlebot/install/turtlebot3_ball_collection:/home/u22/turtlebot/install/turtlebot3_teleop:/home/u22/turtlebot/install/turtlebot3_example:/opt/ros/humble /usr/bin/cmake /home/u22/turtlebot/turtlebot3/turtlebot3 -DCMAKE_INSTALL_PREFIX=/home/u22/turtlebot/install/turtlebot3
[1.351s] Invoking command in '/home/u22/turtlebot/build/turtlebot3': AMENT_PREFIX_PATH=/home/u22/turtlebot/install/turtlebot3_teleop:/home/u22/turtlebot/install/turtlebot3_example:/home/u22/turtlebot/install/turtlebot3:/home/u22/turtlebot/install/turtlebot3_simulations:/home/u22/turtlebot/install/turtlebot3_bringup:/home/u22/turtlebot/install/turtlebot3_node:/home/u22/turtlebot/install/turtlebot3_navigation2:/home/u22/turtlebot/install/turtlebot3_manipulation_gazebo:/home/u22/turtlebot/install/turtlebot3_gazebo:/home/u22/turtlebot/install/turtlebot3_fake_node:/home/u22/turtlebot/install/turtlebot3_description:/home/u22/turtlebot/install/turtlebot3_cartographer:/home/u22/turtlebot/install/turtlebot3_ball_collection:/opt/ros/humble CMAKE_PREFIX_PATH=/home/u22/turtlebot/install/turtlebot3_bringup:/home/u22/turtlebot/install/turtlebot3_node:/home/u22/turtlebot/install/turtlebot3_navigation2:/home/u22/turtlebot/install/turtlebot3_description:/home/u22/turtlebot/install/turtlebot3_cartographer:/home/u22/turtlebot/install/turtlebot3:/home/u22/turtlebot/install/turtlebot3_simulations:/home/u22/turtlebot/install/turtlebot3_manipulation_gazebo:/home/u22/turtlebot/install/turtlebot3_gazebo:/home/u22/turtlebot/install/turtlebot3_fake_node:/home/u22/turtlebot/install/turtlebot3_ball_collection:/home/u22/turtlebot/install/turtlebot3_teleop:/home/u22/turtlebot/install/turtlebot3_example:/opt/ros/humble /usr/bin/cmake --build /home/u22/turtlebot/build/turtlebot3 -- -j4 -l4
[1.426s] Invoked command in '/home/u22/turtlebot/build/turtlebot3' returned '0': AMENT_PREFIX_PATH=/home/u22/turtlebot/install/turtlebot3_teleop:/home/u22/turtlebot/install/turtlebot3_example:/home/u22/turtlebot/install/turtlebot3:/home/u22/turtlebot/install/turtlebot3_simulations:/home/u22/turtlebot/install/turtlebot3_bringup:/home/u22/turtlebot/install/turtlebot3_node:/home/u22/turtlebot/install/turtlebot3_navigation2:/home/u22/turtlebot/install/turtlebot3_manipulation_gazebo:/home/u22/turtlebot/install/turtlebot3_gazebo:/home/u22/turtlebot/install/turtlebot3_fake_node:/home/u22/turtlebot/install/turtlebot3_description:/home/u22/turtlebot/install/turtlebot3_cartographer:/home/u22/turtlebot/install/turtlebot3_ball_collection:/opt/ros/humble CMAKE_PREFIX_PATH=/home/u22/turtlebot/install/turtlebot3_bringup:/home/u22/turtlebot/install/turtlebot3_node:/home/u22/turtlebot/install/turtlebot3_navigation2:/home/u22/turtlebot/install/turtlebot3_description:/home/u22/turtlebot/install/turtlebot3_cartographer:/home/u22/turtlebot/install/turtlebot3:/home/u22/turtlebot/install/turtlebot3_simulations:/home/u22/turtlebot/install/turtlebot3_manipulation_gazebo:/home/u22/turtlebot/install/turtlebot3_gazebo:/home/u22/turtlebot/install/turtlebot3_fake_node:/home/u22/turtlebot/install/turtlebot3_ball_collection:/home/u22/turtlebot/install/turtlebot3_teleop:/home/u22/turtlebot/install/turtlebot3_example:/opt/ros/humble /usr/bin/cmake --build /home/u22/turtlebot/build/turtlebot3 -- -j4 -l4
[1.430s] Invoking command in '/home/u22/turtlebot/build/turtlebot3': AMENT_PREFIX_PATH=/home/u22/turtlebot/install/turtlebot3_teleop:/home/u22/turtlebot/install/turtlebot3_example:/home/u22/turtlebot/install/turtlebot3:/home/u22/turtlebot/install/turtlebot3_simulations:/home/u22/turtlebot/install/turtlebot3_bringup:/home/u22/turtlebot/install/turtlebot3_node:/home/u22/turtlebot/install/turtlebot3_navigation2:/home/u22/turtlebot/install/turtlebot3_manipulation_gazebo:/home/u22/turtlebot/install/turtlebot3_gazebo:/home/u22/turtlebot/install/turtlebot3_fake_node:/home/u22/turtlebot/install/turtlebot3_description:/home/u22/turtlebot/install/turtlebot3_cartographer:/home/u22/turtlebot/install/turtlebot3_ball_collection:/opt/ros/humble CMAKE_PREFIX_PATH=/home/u22/turtlebot/install/turtlebot3_bringup:/home/u22/turtlebot/install/turtlebot3_node:/home/u22/turtlebot/install/turtlebot3_navigation2:/home/u22/turtlebot/install/turtlebot3_description:/home/u22/turtlebot/install/turtlebot3_cartographer:/home/u22/turtlebot/install/turtlebot3:/home/u22/turtlebot/install/turtlebot3_simulations:/home/u22/turtlebot/install/turtlebot3_manipulation_gazebo:/home/u22/turtlebot/install/turtlebot3_gazebo:/home/u22/turtlebot/install/turtlebot3_fake_node:/home/u22/turtlebot/install/turtlebot3_ball_collection:/home/u22/turtlebot/install/turtlebot3_teleop:/home/u22/turtlebot/install/turtlebot3_example:/opt/ros/humble /usr/bin/cmake --install /home/u22/turtlebot/build/turtlebot3
[1.444s] -- Install configuration: ""
[1.445s] -- Installing: /home/u22/turtlebot/install/turtlebot3/share/ament_index/resource_index/package_run_dependencies/turtlebot3
[1.446s] -- Installing: /home/u22/turtlebot/install/turtlebot3/share/ament_index/resource_index/parent_prefix_path/turtlebot3
[1.446s] -- Installing: /home/u22/turtlebot/install/turtlebot3/share/turtlebot3/environment/ament_prefix_path.sh
[1.446s] -- Installing: /home/u22/turtlebot/install/turtlebot3/share/turtlebot3/environment/ament_prefix_path.dsv
[1.446s] -- Installing: /home/u22/turtlebot/install/turtlebot3/share/turtlebot3/environment/path.sh
[1.446s] -- Installing: /home/u22/turtlebot/install/turtlebot3/share/turtlebot3/environment/path.dsv
[1.446s] -- Installing: /home/u22/turtlebot/install/turtlebot3/share/turtlebot3/local_setup.bash
[1.446s] -- Installing: /home/u22/turtlebot/install/turtlebot3/share/turtlebot3/local_setup.sh
[1.446s] -- Installing: /home/u22/turtlebot/install/turtlebot3/share/turtlebot3/local_setup.zsh
[1.446s] -- Installing: /home/u22/turtlebot/install/turtlebot3/share/turtlebot3/local_setup.dsv
[1.447s] -- Installing: /home/u22/turtlebot/install/turtlebot3/share/turtlebot3/package.dsv
[1.447s] -- Installing: /home/u22/turtlebot/install/turtlebot3/share/ament_index/resource_index/packages/turtlebot3
[1.447s] -- Installing: /home/u22/turtlebot/install/turtlebot3/share/turtlebot3/cmake/turtlebot3Config.cmake
[1.447s] -- Installing: /home/u22/turtlebot/install/turtlebot3/share/turtlebot3/cmake/turtlebot3Config-version.cmake
[1.447s] -- Installing: /home/u22/turtlebot/install/turtlebot3/share/turtlebot3/package.xml
[1.450s] Invoked command in '/home/u22/turtlebot/build/turtlebot3' returned '0': AMENT_PREFIX_PATH=/home/u22/turtlebot/install/turtlebot3_teleop:/home/u22/turtlebot/install/turtlebot3_example:/home/u22/turtlebot/install/turtlebot3:/home/u22/turtlebot/install/turtlebot3_simulations:/home/u22/turtlebot/install/turtlebot3_bringup:/home/u22/turtlebot/install/turtlebot3_node:/home/u22/turtlebot/install/turtlebot3_navigation2:/home/u22/turtlebot/install/turtlebot3_manipulation_gazebo:/home/u22/turtlebot/install/turtlebot3_gazebo:/home/u22/turtlebot/install/turtlebot3_fake_node:/home/u22/turtlebot/install/turtlebot3_description:/home/u22/turtlebot/install/turtlebot3_cartographer:/home/u22/turtlebot/install/turtlebot3_ball_collection:/opt/ros/humble CMAKE_PREFIX_PATH=/home/u22/turtlebot/install/turtlebot3_bringup:/home/u22/turtlebot/install/turtlebot3_node:/home/u22/turtlebot/install/turtlebot3_navigation2:/home/u22/turtlebot/install/turtlebot3_description:/home/u22/turtlebot/install/turtlebot3_cartographer:/home/u22/turtlebot/install/turtlebot3:/home/u22/turtlebot/install/turtlebot3_simulations:/home/u22/turtlebot/install/turtlebot3_manipulation_gazebo:/home/u22/turtlebot/install/turtlebot3_gazebo:/home/u22/turtlebot/install/turtlebot3_fake_node:/home/u22/turtlebot/install/turtlebot3_ball_collection:/home/u22/turtlebot/install/turtlebot3_teleop:/home/u22/turtlebot/install/turtlebot3_example:/opt/ros/humble /usr/bin/cmake --install /home/u22/turtlebot/build/turtlebot3
