[0.026s] Invoking command in '/home/u22/turtlebot/build/semantic_density_map': CMAKE_PREFIX_PATH=/opt/ros/humble /usr/bin/cmake /home/u22/turtlebot/turtlebot3/semantic_density_map -DCMAKE_INSTALL_PREFIX=/home/u22/turtlebot/install/semantic_density_map
[0.152s] -- The C compiler identification is GNU 11.4.0
[0.257s] -- The CXX compiler identification is GNU 11.4.0
[0.268s] -- Detecting C compiler ABI info
[0.407s] -- Detecting C compiler ABI info - done
[0.429s] -- Check for working C compiler: /usr/bin/cc - skipped
[0.429s] -- Detecting C compile features
[0.431s] -- Detecting C compile features - done
[0.437s] -- Detecting CXX compiler ABI info
[0.611s] -- Detecting CXX compiler ABI info - done
[0.622s] -- Check for working CXX compiler: /usr/bin/c++ - skipped
[0.623s] -- Detecting CXX compile features
[0.624s] -- Detecting CXX compile features - done
[0.627s] -- Found ament_cmake: 1.3.13 (/opt/ros/humble/share/ament_cmake/cmake)
[0.933s] -- Found Python3: /usr/bin/python3 (found version "3.10.12") found components: Interpreter 
[1.119s] -- Found rclcpp: 16.0.18 (/opt/ros/humble/share/rclcpp/cmake)
[1.219s] -- Found rosidl_generator_c: 3.1.8 (/opt/ros/humble/share/rosidl_generator_c/cmake)
[1.228s] -- Found rosidl_adapter: 3.1.8 (/opt/ros/humble/share/rosidl_adapter/cmake)
[1.242s] -- Found rosidl_generator_cpp: 3.1.8 (/opt/ros/humble/share/rosidl_generator_cpp/cmake)
[1.274s] -- Using all available rosidl_typesupport_c: rosidl_typesupport_fastrtps_c;rosidl_typesupport_introspection_c
[1.311s] -- Using all available rosidl_typesupport_cpp: rosidl_typesupport_fastrtps_cpp;rosidl_typesupport_introspection_cpp
[1.413s] -- Found rmw_implementation_cmake: 6.1.2 (/opt/ros/humble/share/rmw_implementation_cmake/cmake)
[1.419s] -- Found rmw_fastrtps_cpp: 6.2.10 (/opt/ros/humble/share/rmw_fastrtps_cpp/cmake)
[1.608s] -- Found OpenSSL: /usr/lib/x86_64-linux-gnu/libcrypto.so (found version "3.0.2")  
[1.676s] -- Found FastRTPS: /opt/ros/humble/include  
[1.773s] -- Using RMW implementation 'rmw_fastrtps_cpp' as default
[1.798s] -- Looking for pthread.h
[1.958s] -- Looking for pthread.h - found
[1.958s] -- Performing Test CMAKE_HAVE_LIBC_PTHREAD
[2.115s] -- Performing Test CMAKE_HAVE_LIBC_PTHREAD - Success
[2.117s] -- Found Threads: TRUE  
[2.225s] -- Found geometry_msgs: 4.9.1 (/opt/ros/humble/share/geometry_msgs/cmake)
[2.254s] -- Found sensor_msgs: 4.9.1 (/opt/ros/humble/share/sensor_msgs/cmake)
[2.289s] -- Found nav_msgs: 4.9.1 (/opt/ros/humble/share/nav_msgs/cmake)
[2.327s] -- Found visualization_msgs: 4.9.1 (/opt/ros/humble/share/visualization_msgs/cmake)
[2.375s] -- Found tf2: 0.25.19 (/opt/ros/humble/share/tf2/cmake)
[2.402s] -- Found tf2_ros: 0.25.19 (/opt/ros/humble/share/tf2_ros/cmake)
[2.630s] -- Found tf2_geometry_msgs: 0.25.19 (/opt/ros/humble/share/tf2_geometry_msgs/cmake)
[2.661s] -- Found eigen3_cmake_module: 0.1.1 (/opt/ros/humble/share/eigen3_cmake_module/cmake)
[2.663s] -- Found Eigen3: TRUE (found version "3.4.0") 
[2.664s] -- Ensuring Eigen3 include directory is part of orocos-kdl CMake target
[2.673s] -- Found pcl_conversions: 2.4.5 (/opt/ros/humble/share/pcl_conversions/cmake)
[2.755s] -- Checking for module 'eigen3'
[2.790s] --   Found eigen3, version 3.4.0
[2.872s] -- Found Eigen: /usr/include/eigen3 (Required is at least version "3.1") 
[2.872s] -- Eigen found (include: /usr/include/eigen3, version: 3.4.0)
[2.956s] -- Checking for module 'flann'
[2.983s] --   Found flann, version 1.9.1
[3.068s] -- Found FLANN: /usr/lib/x86_64-linux-gnu/libflann_cpp.so  
[3.068s] -- FLANN found (include: /usr/include, lib: /usr/lib/x86_64-linux-gnu/libflann_cpp.so)
[5.095s] -- Checking for module 'libusb-1.0'
[5.124s] --   Found libusb-1.0, version 1.0.25
[5.197s] -- Found libusb: /usr/lib/x86_64-linux-gnu/libusb-1.0.so  
[5.200s] -- OpenNI found (version: 1.5.4.0, include: /usr/include/ni, lib: /usr/lib/libOpenNI.so;libusb::libusb)
[5.322s] -- OpenNI2 found (version: 2.2.0.33, include: /usr/include/openni2, lib: /usr/lib/x86_64-linux-gnu/libOpenNI2.so;libusb::libusb)
[5.658s] -- Eigen found (include: /usr/include/eigen3, version: 3.4.0)
[5.671s] -- OpenNI found (version: 1.5.4.0, include: /usr/include/ni, lib: /usr/lib/libOpenNI.so;libusb::libusb)
[5.687s] -- OpenNI2 found (version: 2.2.0.33, include: /usr/include/openni2, lib: /usr/lib/x86_64-linux-gnu/libOpenNI2.so;libusb::libusb)
[6.048s] -- Found Qhull version 8.0.2
[6.411s] -- OpenNI found (version: 1.5.4.0, include: /usr/include/ni, lib: /usr/lib/libOpenNI.so;libusb::libusb)
[6.767s] -- Found PCL_COMMON: /usr/lib/x86_64-linux-gnu/libpcl_common.so  
[6.772s] -- Found PCL_KDTREE: /usr/lib/x86_64-linux-gnu/libpcl_kdtree.so  
[6.773s] -- Found PCL_OCTREE: /usr/lib/x86_64-linux-gnu/libpcl_octree.so  
[6.776s] -- Found PCL_SEARCH: /usr/lib/x86_64-linux-gnu/libpcl_search.so  
[6.778s] -- Found PCL_SAMPLE_CONSENSUS: /usr/lib/x86_64-linux-gnu/libpcl_sample_consensus.so  
[6.780s] -- Found PCL_FILTERS: /usr/lib/x86_64-linux-gnu/libpcl_filters.so  
[6.782s] -- Found PCL_2D: /usr/include/pcl-1.12  
[6.782s] -- Found PCL_GEOMETRY: /usr/include/pcl-1.12  
[6.785s] -- Found PCL_IO: /usr/lib/x86_64-linux-gnu/libpcl_io.so  
[6.788s] -- Found PCL_FEATURES: /usr/lib/x86_64-linux-gnu/libpcl_features.so  
[6.792s] -- Found PCL_ML: /usr/lib/x86_64-linux-gnu/libpcl_ml.so  
[6.795s] -- Found PCL_SEGMENTATION: /usr/lib/x86_64-linux-gnu/libpcl_segmentation.so  
[6.799s] -- Found PCL_VISUALIZATION: /usr/lib/x86_64-linux-gnu/libpcl_visualization.so  
[6.801s] -- Found PCL_SURFACE: /usr/lib/x86_64-linux-gnu/libpcl_surface.so  
[6.802s] -- Found PCL_REGISTRATION: /usr/lib/x86_64-linux-gnu/libpcl_registration.so  
[6.804s] -- Found PCL_KEYPOINTS: /usr/lib/x86_64-linux-gnu/libpcl_keypoints.so  
[6.806s] -- Found PCL_TRACKING: /usr/lib/x86_64-linux-gnu/libpcl_tracking.so  
[6.807s] -- Found PCL_RECOGNITION: /usr/lib/x86_64-linux-gnu/libpcl_recognition.so  
[6.809s] -- Found PCL_STEREO: /usr/lib/x86_64-linux-gnu/libpcl_stereo.so  
[6.810s] -- Found PCL_APPS: /usr/lib/x86_64-linux-gnu/libpcl_apps.so  
[6.812s] -- Found PCL_IN_HAND_SCANNER: /usr/include/pcl-1.12  
[6.813s] -- Found PCL_MODELER: /usr/include/pcl-1.12  
[6.813s] -- Found PCL_POINT_CLOUD_EDITOR: /usr/include/pcl-1.12  
[6.816s] -- Found PCL_OUTOFCORE: /usr/lib/x86_64-linux-gnu/libpcl_outofcore.so  
[6.817s] -- Found PCL_PEOPLE: /usr/lib/x86_64-linux-gnu/libpcl_people.so  
[6.823s] [33mCMake Warning (dev) at CMakeLists.txt:20 (find_package):
[6.823s]   Policy CMP0074 is not set: find_package uses <PackageName>_ROOT variables.
[6.823s]   Run "cmake --help-policy CMP0074" for policy details.  Use the cmake_policy
[6.823s]   command to set the policy and suppress this warning.
[6.823s] 
[6.823s]   CMake variable PCL_ROOT is set to:
[6.823s] 
[6.823s]     /usr
[6.824s] 
[6.824s]   For compatibility, CMake is ignoring the variable.
[6.824s] This warning is for project developers.  Use -Wno-dev to suppress it.
[6.825s] [0m
[6.849s] -- Found nav2_msgs: 1.1.20 (/opt/ros/humble/share/nav2_msgs/cmake)
[7.073s] -- Configuring done
[7.177s] -- Generating done
[7.208s] -- Build files have been written to: /home/u22/turtlebot/build/semantic_density_map
[7.250s] Invoked command in '/home/u22/turtlebot/build/semantic_density_map' returned '0': CMAKE_PREFIX_PATH=/opt/ros/humble /usr/bin/cmake /home/u22/turtlebot/turtlebot3/semantic_density_map -DCMAKE_INSTALL_PREFIX=/home/u22/turtlebot/install/semantic_density_map
[7.252s] Invoking command in '/home/u22/turtlebot/build/semantic_density_map': CMAKE_PREFIX_PATH=/opt/ros/humble /usr/bin/cmake --build /home/u22/turtlebot/build/semantic_density_map -- -j4 -l4
[7.391s] [ 25%] [32mBuilding CXX object CMakeFiles/density_map_builder_node.dir/src/density_map_builder_node.cpp.o[0m
[7.392s] [ 50%] [32mBuilding CXX object CMakeFiles/semantic_path_planner_node.dir/src/semantic_path_planner_node.cpp.o[0m
[8.018s] [01m[K/home/u22/turtlebot/turtlebot3/semantic_density_map/src/semantic_path_planner_node.cpp:3:10:[m[K [01;31m[Kfatal error: [m[Ktf2_geometry_msgs/tf2_geometry_msgs.hpp: No such file or directory
[8.019s]     3 | #include [01;31m[K<tf2_geometry_msgs/tf2_geometry_msgs.hpp>[m[K
[8.020s]       |          [01;31m[K^~~~~~~~~~~~~~~~~~~~~~~~~~~~~~~~~~~~~~~~~[m[K
[8.021s] compilation terminated.
[8.027s] gmake[2]: *** [CMakeFiles/semantic_path_planner_node.dir/build.make:76: CMakeFiles/semantic_path_planner_node.dir/src/semantic_path_planner_node.cpp.o] Error 1
[8.028s] gmake[1]: *** [CMakeFiles/Makefile2:165: CMakeFiles/semantic_path_planner_node.dir/all] Error 2
[8.028s] gmake[1]: *** Waiting for unfinished jobs....
[18.028s] gmake[2]: *** [CMakeFiles/density_map_builder_node.dir/build.make:76: CMakeFiles/density_map_builder_node.dir/src/density_map_builder_node.cpp.o] Interrupt
[18.028s] gmake[1]: *** [CMakeFiles/Makefile2:139: CMakeFiles/density_map_builder_node.dir/all] Interrupt
[18.028s] gmake: *** [Makefile:146: all] Interrupt
[18.073s] Invoked command in '/home/u22/turtlebot/build/semantic_density_map' returned '-2': CMAKE_PREFIX_PATH=/opt/ros/humble /usr/bin/cmake --build /home/u22/turtlebot/build/semantic_density_map -- -j4 -l4
