[1.383s] Invoking command in '/home/u22/turtlebot/turtlebot3/turtlebot3_vision': PYTHONPATH=/home/u22/turtlebot/build/turtlebot3_vision/prefix_override:/usr/lib/python3/dist-packages/colcon_core/task/python/colcon_distutils_commands:/home/u22/turtlebot/install/turtlebot3_vision/lib/python3.10/site-packages:${PYTHONPATH} /usr/bin/python3 -W ignore:setup.py install is deprecated -W ignore:easy_install command is deprecated setup.py egg_info --egg-base ../../build/turtlebot3_vision build --build-base /home/u22/turtlebot/build/turtlebot3_vision/build install --record /home/u22/turtlebot/build/turtlebot3_vision/install.log --single-version-externally-managed install_data
[1.851s] running egg_info
[1.851s] writing ../../build/turtlebot3_vision/turtlebot3_vision.egg-info/PKG-INFO
[1.851s] writing dependency_links to ../../build/turtlebot3_vision/turtlebot3_vision.egg-info/dependency_links.txt
[1.854s] writing entry points to ../../build/turtlebot3_vision/turtlebot3_vision.egg-info/entry_points.txt
[1.854s] writing requirements to ../../build/turtlebot3_vision/turtlebot3_vision.egg-info/requires.txt
[1.854s] writing top-level names to ../../build/turtlebot3_vision/turtlebot3_vision.egg-info/top_level.txt
[1.860s] reading manifest file '../../build/turtlebot3_vision/turtlebot3_vision.egg-info/SOURCES.txt'
[1.860s] writing manifest file '../../build/turtlebot3_vision/turtlebot3_vision.egg-info/SOURCES.txt'
[1.860s] running build
[1.860s] running build_py
[1.861s] running install
[1.862s] running install_lib
[1.863s] running install_data
[1.864s] running install_egg_info
[1.866s] removing '/home/u22/turtlebot/install/turtlebot3_vision/lib/python3.10/site-packages/turtlebot3_vision-0.0.0-py3.10.egg-info' (and everything under it)
[1.867s] Copying ../../build/turtlebot3_vision/turtlebot3_vision.egg-info to /home/u22/turtlebot/install/turtlebot3_vision/lib/python3.10/site-packages/turtlebot3_vision-0.0.0-py3.10.egg-info
[1.887s] running install_scripts
[1.927s] writing list of installed files to '/home/u22/turtlebot/build/turtlebot3_vision/install.log'
[1.966s] Invoked command in '/home/u22/turtlebot/turtlebot3/turtlebot3_vision' returned '0': PYTHONPATH=/home/u22/turtlebot/build/turtlebot3_vision/prefix_override:/usr/lib/python3/dist-packages/colcon_core/task/python/colcon_distutils_commands:/home/u22/turtlebot/install/turtlebot3_vision/lib/python3.10/site-packages:${PYTHONPATH} /usr/bin/python3 -W ignore:setup.py install is deprecated -W ignore:easy_install command is deprecated setup.py egg_info --egg-base ../../build/turtlebot3_vision build --build-base /home/u22/turtlebot/build/turtlebot3_vision/build install --record /home/u22/turtlebot/build/turtlebot3_vision/install.log --single-version-externally-managed install_data
