[0.103s] Invoking command in '/home/u22/turtlebot/build/turtlebot3_navigation2': CMAKE_PREFIX_PATH=${CMAKE_PREFIX_PATH}:/home/u22/turtlebot/install/turtlebot3_vision:/home/u22/turtlebot/install/turtlebot3_teleop:/home/u22/turtlebot/install/turtlebot3_example:/opt/ros/humble /usr/bin/cmake --build /home/u22/turtlebot/build/turtlebot3_navigation2 -- -j4 -l4
[0.807s] Invoked command in '/home/u22/turtlebot/build/turtlebot3_navigation2' returned '0': CMAKE_PREFIX_PATH=${CMAKE_PREFIX_PATH}:/home/u22/turtlebot/install/turtlebot3_vision:/home/u22/turtlebot/install/turtlebot3_teleop:/home/u22/turtlebot/install/turtlebot3_example:/opt/ros/humble /usr/bin/cmake --build /home/u22/turtlebot/build/turtlebot3_navigation2 -- -j4 -l4
[0.810s] Invoking command in '/home/u22/turtlebot/build/turtlebot3_navigation2': CMAKE_PREFIX_PATH=${CMAKE_PREFIX_PATH}:/home/u22/turtlebot/install/turtlebot3_vision:/home/u22/turtlebot/install/turtlebot3_teleop:/home/u22/turtlebot/install/turtlebot3_example:/opt/ros/humble /usr/bin/cmake --install /home/u22/turtlebot/build/turtlebot3_navigation2
[0.831s] -- Install configuration: ""
[0.831s] -- Up-to-date: /home/u22/turtlebot/install/turtlebot3_navigation2/share/turtlebot3_navigation2/launch
[0.831s] -- Up-to-date: /home/u22/turtlebot/install/turtlebot3_navigation2/share/turtlebot3_navigation2/launch/navigation2.launch.py
[0.831s] -- Up-to-date: /home/u22/turtlebot/install/turtlebot3_navigation2/share/turtlebot3_navigation2/map
[0.832s] -- Up-to-date: /home/u22/turtlebot/install/turtlebot3_navigation2/share/turtlebot3_navigation2/map/map.pgm
[0.832s] -- Up-to-date: /home/u22/turtlebot/install/turtlebot3_navigation2/share/turtlebot3_navigation2/map/map.yaml
[0.832s] -- Up-to-date: /home/u22/turtlebot/install/turtlebot3_navigation2/share/turtlebot3_navigation2/param
[0.832s] -- Up-to-date: /home/u22/turtlebot/install/turtlebot3_navigation2/share/turtlebot3_navigation2/param/waffle.yaml
[0.833s] -- Up-to-date: /home/u22/turtlebot/install/turtlebot3_navigation2/share/turtlebot3_navigation2/param/burger_cam.yaml
[0.833s] -- Up-to-date: /home/u22/turtlebot/install/turtlebot3_navigation2/share/turtlebot3_navigation2/param/waffle_pi.yaml
[0.833s] -- Up-to-date: /home/u22/turtlebot/install/turtlebot3_navigation2/share/turtlebot3_navigation2/param/humble
[0.833s] -- Up-to-date: /home/u22/turtlebot/install/turtlebot3_navigation2/share/turtlebot3_navigation2/param/humble/waffle.yaml
[0.833s] -- Up-to-date: /home/u22/turtlebot/install/turtlebot3_navigation2/share/turtlebot3_navigation2/param/humble/burger_cam.yaml
[0.833s] -- Up-to-date: /home/u22/turtlebot/install/turtlebot3_navigation2/share/turtlebot3_navigation2/param/humble/waffle_pi.yaml
[0.834s] -- Up-to-date: /home/u22/turtlebot/install/turtlebot3_navigation2/share/turtlebot3_navigation2/param/humble/burger.yaml
[0.838s] -- Up-to-date: /home/u22/turtlebot/install/turtlebot3_navigation2/share/turtlebot3_navigation2/param/burger.yaml
[0.841s] -- Up-to-date: /home/u22/turtlebot/install/turtlebot3_navigation2/share/turtlebot3_navigation2/rviz
[0.843s] -- Up-to-date: /home/u22/turtlebot/install/turtlebot3_navigation2/share/turtlebot3_navigation2/rviz/tb3_navigation2.rviz
[0.843s] -- Up-to-date: /home/u22/turtlebot/install/turtlebot3_navigation2/share/ament_index/resource_index/package_run_dependencies/turtlebot3_navigation2
[0.844s] -- Up-to-date: /home/u22/turtlebot/install/turtlebot3_navigation2/share/ament_index/resource_index/parent_prefix_path/turtlebot3_navigation2
[0.844s] -- Up-to-date: /home/u22/turtlebot/install/turtlebot3_navigation2/share/turtlebot3_navigation2/environment/ament_prefix_path.sh
[0.844s] -- Up-to-date: /home/u22/turtlebot/install/turtlebot3_navigation2/share/turtlebot3_navigation2/environment/ament_prefix_path.dsv
[0.844s] -- Up-to-date: /home/u22/turtlebot/install/turtlebot3_navigation2/share/turtlebot3_navigation2/environment/path.sh
[0.844s] -- Up-to-date: /home/u22/turtlebot/install/turtlebot3_navigation2/share/turtlebot3_navigation2/environment/path.dsv
[0.844s] -- Up-to-date: /home/u22/turtlebot/install/turtlebot3_navigation2/share/turtlebot3_navigation2/local_setup.bash
[0.844s] -- Up-to-date: /home/u22/turtlebot/install/turtlebot3_navigation2/share/turtlebot3_navigation2/local_setup.sh
[0.844s] -- Up-to-date: /home/u22/turtlebot/install/turtlebot3_navigation2/share/turtlebot3_navigation2/local_setup.zsh
[0.845s] -- Up-to-date: /home/u22/turtlebot/install/turtlebot3_navigation2/share/turtlebot3_navigation2/local_setup.dsv
[0.845s] -- Up-to-date: /home/u22/turtlebot/install/turtlebot3_navigation2/share/turtlebot3_navigation2/package.dsv
[0.845s] -- Up-to-date: /home/u22/turtlebot/install/turtlebot3_navigation2/share/ament_index/resource_index/packages/turtlebot3_navigation2
[0.845s] -- Up-to-date: /home/u22/turtlebot/install/turtlebot3_navigation2/share/turtlebot3_navigation2/cmake/turtlebot3_navigation2Config.cmake
[0.845s] -- Up-to-date: /home/u22/turtlebot/install/turtlebot3_navigation2/share/turtlebot3_navigation2/cmake/turtlebot3_navigation2Config-version.cmake
[0.846s] -- Up-to-date: /home/u22/turtlebot/install/turtlebot3_navigation2/share/turtlebot3_navigation2/package.xml
[0.848s] Invoked command in '/home/u22/turtlebot/build/turtlebot3_navigation2' returned '0': CMAKE_PREFIX_PATH=${CMAKE_PREFIX_PATH}:/home/u22/turtlebot/install/turtlebot3_vision:/home/u22/turtlebot/install/turtlebot3_teleop:/home/u22/turtlebot/install/turtlebot3_example:/opt/ros/humble /usr/bin/cmake --install /home/u22/turtlebot/build/turtlebot3_navigation2
