[2.158s] Invoking command in '/home/u22/turtlebot/turtlebot3/turtlebot3_teleop': PYTHONPATH=/home/u22/turtlebot/build/turtlebot3_teleop/prefix_override:/usr/lib/python3/dist-packages/colcon_core/task/python/colcon_distutils_commands:/home/u22/turtlebot/install/turtlebot3_teleop/lib/python3.10/site-packages:${PYTHONPATH} /usr/bin/python3 -W ignore:setup.py install is deprecated -W ignore:easy_install command is deprecated setup.py egg_info --egg-base ../../build/turtlebot3_teleop build --build-base /home/u22/turtlebot/build/turtlebot3_teleop/build install --record /home/u22/turtlebot/build/turtlebot3_teleop/install.log --single-version-externally-managed install_data
[2.726s] running egg_info
[2.727s] writing ../../build/turtlebot3_teleop/turtlebot3_teleop.egg-info/PKG-INFO
[2.728s] writing dependency_links to ../../build/turtlebot3_teleop/turtlebot3_teleop.egg-info/dependency_links.txt
[2.729s] writing entry points to ../../build/turtlebot3_teleop/turtlebot3_teleop.egg-info/entry_points.txt
[2.730s] writing requirements to ../../build/turtlebot3_teleop/turtlebot3_teleop.egg-info/requires.txt
[2.732s] writing top-level names to ../../build/turtlebot3_teleop/turtlebot3_teleop.egg-info/top_level.txt
[2.735s] reading manifest file '../../build/turtlebot3_teleop/turtlebot3_teleop.egg-info/SOURCES.txt'
[2.738s] writing manifest file '../../build/turtlebot3_teleop/turtlebot3_teleop.egg-info/SOURCES.txt'
[2.738s] running build
[2.738s] running build_py
[2.738s] running install
[2.739s] running install_lib
[2.741s] running install_data
[2.741s] running install_egg_info
[2.744s] removing '/home/u22/turtlebot/install/turtlebot3_teleop/lib/python3.10/site-packages/turtlebot3_teleop-2.3.6-py3.10.egg-info' (and everything under it)
[2.746s] Copying ../../build/turtlebot3_teleop/turtlebot3_teleop.egg-info to /home/u22/turtlebot/install/turtlebot3_teleop/lib/python3.10/site-packages/turtlebot3_teleop-2.3.6-py3.10.egg-info
[2.747s] running install_scripts
[2.786s] Installing teleop_keyboard script to /home/u22/turtlebot/install/turtlebot3_teleop/lib/turtlebot3_teleop
[2.790s] writing list of installed files to '/home/u22/turtlebot/build/turtlebot3_teleop/install.log'
[2.825s] Invoked command in '/home/u22/turtlebot/turtlebot3/turtlebot3_teleop' returned '0': PYTHONPATH=/home/u22/turtlebot/build/turtlebot3_teleop/prefix_override:/usr/lib/python3/dist-packages/colcon_core/task/python/colcon_distutils_commands:/home/u22/turtlebot/install/turtlebot3_teleop/lib/python3.10/site-packages:${PYTHONPATH} /usr/bin/python3 -W ignore:setup.py install is deprecated -W ignore:easy_install command is deprecated setup.py egg_info --egg-base ../../build/turtlebot3_teleop build --build-base /home/u22/turtlebot/build/turtlebot3_teleop/build install --record /home/u22/turtlebot/build/turtlebot3_teleop/install.log --single-version-externally-managed install_data
