[0.026s] Invoking command in '/home/u22/turtlebot/build/turtlebot3_gazebo': CMAKE_PREFIX_PATH=${CMAKE_PREFIX_PATH}:/home/u22/turtlebot/install/turtlebot3_teleop:/home/u22/turtlebot/install/turtlebot3_example:/opt/ros/humble /usr/bin/cmake /home/u22/turtlebot/turtlebot3_simulations/turtlebot3_gazebo -DCMAKE_INSTALL_PREFIX=/home/u22/turtlebot/install/turtlebot3_gazebo
[0.207s] -- The C compiler identification is GNU 11.4.0
[0.365s] -- The CXX compiler identification is GNU 11.4.0
[0.407s] -- Detecting C compiler ABI info
[0.715s] -- Detecting C compiler ABI info - done
[0.751s] -- Check for working C compiler: /usr/bin/cc - skipped
[0.752s] -- Detecting C compile features
[0.753s] -- Detecting C compile features - done
[0.768s] -- Detecting CXX compiler ABI info
[1.117s] -- Detecting CXX compiler ABI info - done
[1.158s] -- Check for working CXX compiler: /usr/bin/c++ - skipped
[1.160s] -- Detecting CXX compile features
[1.160s] -- Detecting CXX compile features - done
[1.166s] -- Found ament_cmake: 1.3.13 (/opt/ros/humble/share/ament_cmake/cmake)
[1.599s] -- Found Python3: /usr/bin/python3 (found version "3.10.12") found components: Interpreter 
[2.068s] [33mCMake Warning (dev) at /usr/share/cmake-3.22/Modules/FindPackageHandleStandardArgs.cmake:438 (message):
[2.068s]   The package name passed to `find_package_handle_standard_args` (PkgConfig)
[2.068s]   does not match the name of the calling package (gazebo).  This can lead to
[2.069s]   problems in calling code that expects `find_package` result variables
[2.069s]   (e.g., `_FOUND`) to follow a certain pattern.
[2.069s] Call Stack (most recent call first):
[2.069s]   /usr/share/cmake-3.22/Modules/FindPkgConfig.cmake:99 (find_package_handle_standard_args)
[2.069s]   /usr/lib/x86_64-linux-gnu/cmake/gazebo/gazebo-config.cmake:72 (include)
[2.069s]   CMakeLists.txt:23 (find_package)
[2.069s] This warning is for project developers.  Use -Wno-dev to suppress it.
[2.069s] [0m
[2.075s] -- Found PkgConfig: /usr/bin/pkg-config (found version "0.29.2") 
[2.107s] -- Checking for module 'bullet>=2.82'
[2.167s] --   Found bullet, version 3.05
[2.847s] -- Found fcl: /usr/include (found suitable version "0.7.0", minimum required is "0.5.0") 
[3.107s] -- Found assimp: /usr/include (found version "5.2.0") 
[3.234s] -- Found DART: /usr/include (Required is at least version "6.6") found components: dart 
[4.414s] -- Found Boost: /usr/lib/x86_64-linux-gnu/cmake/Boost-1.74.0/BoostConfig.cmake (found suitable version "1.74.0", minimum required is "1.40.0") found components: thread system filesystem program_options regex iostreams date_time 
[4.547s] -- Found Protobuf: /usr/lib/x86_64-linux-gnu/libprotobuf.so (found version "3.12.4") 
[4.569s] -- Looking for ignition-math6 -- found version 6.15.1
[4.611s] -- Searching for dependencies of ignition-math6
[4.627s] -- Looking for OGRE...
[4.627s] -- OGRE_PREFIX_WATCH changed.
[4.653s] -- Checking for module 'OGRE'
[4.724s] --   Found OGRE, version 1.9.0
[4.933s] -- Found Ogre Ghadamon (1.9.0)
[4.993s] -- Found OGRE: optimized;/usr/lib/x86_64-linux-gnu/libOgreMain.so;debug;/usr/lib/x86_64-linux-gnu/libOgreMain.so
[5.050s] -- Looking for OGRE_Paging...
[5.086s] -- Found OGRE_Paging: optimized;/usr/lib/x86_64-linux-gnu/libOgrePaging.so;debug;/usr/lib/x86_64-linux-gnu/libOgrePaging.so
[5.086s] -- Looking for OGRE_Terrain...
[5.115s] -- Found OGRE_Terrain: optimized;/usr/lib/x86_64-linux-gnu/libOgreTerrain.so;debug;/usr/lib/x86_64-linux-gnu/libOgreTerrain.so
[5.115s] -- Looking for OGRE_Property...
[5.154s] -- Found OGRE_Property: optimized;/usr/lib/x86_64-linux-gnu/libOgreProperty.so;debug;/usr/lib/x86_64-linux-gnu/libOgreProperty.so
[5.154s] -- Looking for OGRE_RTShaderSystem...
[5.181s] -- Found OGRE_RTShaderSystem: optimized;/usr/lib/x86_64-linux-gnu/libOgreRTShaderSystem.so;debug;/usr/lib/x86_64-linux-gnu/libOgreRTShaderSystem.so
[5.182s] -- Looking for OGRE_Volume...
[5.224s] -- Found OGRE_Volume: optimized;/usr/lib/x86_64-linux-gnu/libOgreVolume.so;debug;/usr/lib/x86_64-linux-gnu/libOgreVolume.so
[5.224s] -- Looking for OGRE_Overlay...
[5.252s] -- Found OGRE_Overlay: optimized;/usr/lib/x86_64-linux-gnu/libOgreOverlay.so;debug;/usr/lib/x86_64-linux-gnu/libOgreOverlay.so
[5.900s] -- Looking for ignition-math6 -- found version 6.15.1
[5.919s] -- Looking for ignition-transport8 -- found version 8.2.1
[5.924s] -- Searching for dependencies of ignition-transport8
[5.994s] -- Found Protobuf: /usr/lib/x86_64-linux-gnu/libprotobuf.so (found suitable version "3.12.4", minimum required is "3") 
[6.046s] -- Config-file not installed for ZeroMQ -- checking for pkg-config
[6.075s] -- Checking for module 'libzmq >= 4'
[6.146s] --   Found libzmq , version 4.3.4
[6.267s] -- Found ZeroMQ: TRUE (Required is at least version "4") 
[6.302s] -- Checking for module 'uuid'
[6.398s] --   Found uuid, version 2.37.2
[6.578s] -- Found UUID: TRUE  
[6.591s] -- Looking for ignition-msgs5 -- found version 5.8.1
[6.592s] -- Searching for dependencies of ignition-msgs5
[6.681s] -- Looking for ignition-math6 -- found version 6.15.1
[6.712s] -- Checking for module 'tinyxml2'
[6.761s] --   Found tinyxml2, version 9.0.0
[6.994s] -- Looking for ignition-msgs5 -- found version 5.8.1
[7.044s] -- Looking for ignition-common3 -- found version 3.14.0
[7.051s] -- Searching for dependencies of ignition-common3
[7.060s] -- Looking for dlfcn.h - found
[7.071s] -- Looking for libdl - found
[7.099s] -- Found DL: TRUE  
[7.147s] -- Found tinyobjloader: /usr/lib/x86_64-linux-gnu/cmake/tinyobjloader/tinyobjloader-config.cmake (found version "2.0.0") 
[7.154s] -- Searching for <ignition-common3> component [graphics]
[7.164s] -- Looking for ignition-common3-graphics -- found version 3.14.0
[7.181s] -- Searching for dependencies of ignition-common3-graphics
[7.181s] -- Looking for ignition-math6 -- found version 6.15.1
[7.203s] -- Looking for ignition-fuel_tools4 -- found version 4.4.0
[7.204s] -- Searching for dependencies of ignition-fuel_tools4
[7.711s] -- Found CURL: /usr/lib/x86_64-linux-gnu/libcurl.so (found version "7.81.0")  
[7.760s] -- Checking for module 'jsoncpp'
[7.824s] --   Found jsoncpp, version 1.9.5
[7.974s] -- Found JSONCPP: TRUE  
[8.008s] -- Checking for module 'libzip'
[8.088s] --   Found libzip, version 1.7.3
[8.290s] -- Found ZIP: TRUE  
[8.293s] -- Looking for ignition-common3 -- found version 3.14.0
[8.294s] -- Looking for ignition-math6 -- found version 6.15.1
[8.299s] -- Looking for ignition-msgs5 -- found version 5.8.1
[8.344s] -- Found gazebo_ros_pkgs: 3.9.0 (/opt/ros/humble/share/gazebo_ros_pkgs/cmake)
[8.356s] -- Found geometry_msgs: 4.9.1 (/opt/ros/humble/share/geometry_msgs/cmake)
[8.476s] -- Found rosidl_generator_c: 3.1.8 (/opt/ros/humble/share/rosidl_generator_c/cmake)
[8.490s] -- Found rosidl_adapter: 3.1.8 (/opt/ros/humble/share/rosidl_adapter/cmake)
[8.524s] -- Found rosidl_generator_cpp: 3.1.8 (/opt/ros/humble/share/rosidl_generator_cpp/cmake)
[8.572s] -- Using all available rosidl_typesupport_c: rosidl_typesupport_fastrtps_c;rosidl_typesupport_introspection_c
[8.612s] -- Using all available rosidl_typesupport_cpp: rosidl_typesupport_fastrtps_cpp;rosidl_typesupport_introspection_cpp
[8.728s] -- Found nav_msgs: 4.9.1 (/opt/ros/humble/share/nav_msgs/cmake)
[8.784s] -- Found rclcpp: 16.0.18 (/opt/ros/humble/share/rclcpp/cmake)
[8.894s] -- Found rmw_implementation_cmake: 6.1.2 (/opt/ros/humble/share/rmw_implementation_cmake/cmake)
[8.898s] -- Found rmw_fastrtps_cpp: 6.2.10 (/opt/ros/humble/share/rmw_fastrtps_cpp/cmake)
[9.200s] -- Found OpenSSL: /usr/lib/x86_64-linux-gnu/libcrypto.so (found version "3.0.2")  
[9.349s] -- Found FastRTPS: /opt/ros/humble/include  
[9.453s] -- Using RMW implementation 'rmw_fastrtps_cpp' as default
[9.481s] -- Found Threads: TRUE  
[9.600s] -- Found sensor_msgs: 4.9.1 (/opt/ros/humble/share/sensor_msgs/cmake)
[9.663s] -- Found tf2: 0.25.19 (/opt/ros/humble/share/tf2/cmake)
[10.175s] -- Configuring done
[10.481s] -- Generating done
[10.528s] -- Build files have been written to: /home/u22/turtlebot/build/turtlebot3_gazebo
[10.590s] Invoked command in '/home/u22/turtlebot/build/turtlebot3_gazebo' returned '0': CMAKE_PREFIX_PATH=${CMAKE_PREFIX_PATH}:/home/u22/turtlebot/install/turtlebot3_teleop:/home/u22/turtlebot/install/turtlebot3_example:/opt/ros/humble /usr/bin/cmake /home/u22/turtlebot/turtlebot3_simulations/turtlebot3_gazebo -DCMAKE_INSTALL_PREFIX=/home/u22/turtlebot/install/turtlebot3_gazebo
[10.603s] Invoking command in '/home/u22/turtlebot/build/turtlebot3_gazebo': CMAKE_PREFIX_PATH=${CMAKE_PREFIX_PATH}:/home/u22/turtlebot/install/turtlebot3_teleop:/home/u22/turtlebot/install/turtlebot3_example:/opt/ros/humble /usr/bin/cmake --build /home/u22/turtlebot/build/turtlebot3_gazebo -- -j4 -l4
[10.928s] [  8%] [32mBuilding CXX object CMakeFiles/traffic_bar_plugin.dir/src/traffic_bar_plugin.cpp.o[0m
[10.959s] [ 16%] [32mBuilding CXX object CMakeFiles/traffic_light_plugin.dir/src/traffic_light_plugin.cpp.o[0m
[11.016s] [ 33%] [32mBuilding CXX object CMakeFiles/turtlebot3_drive.dir/src/turtlebot3_drive.cpp.o[0m
[11.017s] [ 33%] [32mBuilding CXX object CMakeFiles/obstacle1.dir/src/obstacle1.cpp.o[0m
[75.265s] [ 41%] [32m[1mLinking CXX executable turtlebot3_drive[0m
[77.588s] [ 41%] Built target turtlebot3_drive
[80.122s] [ 50%] [32m[1mLinking CXX shared library libtraffic_light_plugin.so[0m
[80.444s] [ 58%] [32m[1mLinking CXX shared library libobstacle1.so[0m
[81.342s] [ 58%] Built target traffic_light_plugin
[81.359s] [ 58%] Built target obstacle1
[82.735s] [ 66%] [32m[1mLinking CXX shared library libtraffic_bar_plugin.so[0m
[83.378s] [ 66%] Built target traffic_bar_plugin
[83.456s] [ 75%] [32mBuilding CXX object CMakeFiles/obstacles.dir/src/obstacles.cpp.o[0m
[111.214s] [ 83%] [32m[1mLinking CXX shared library libobstacles.so[0m
[111.786s] [ 83%] Built target obstacles
[111.834s] [ 91%] [32mBuilding CXX object CMakeFiles/obstacle2.dir/src/obstacle2.cpp.o[0m
[138.655s] [100%] [32m[1mLinking CXX shared library libobstacle2.so[0m
[139.223s] [100%] Built target obstacle2
[139.255s] Invoked command in '/home/u22/turtlebot/build/turtlebot3_gazebo' returned '0': CMAKE_PREFIX_PATH=${CMAKE_PREFIX_PATH}:/home/u22/turtlebot/install/turtlebot3_teleop:/home/u22/turtlebot/install/turtlebot3_example:/opt/ros/humble /usr/bin/cmake --build /home/u22/turtlebot/build/turtlebot3_gazebo -- -j4 -l4
[139.265s] Invoking command in '/home/u22/turtlebot/build/turtlebot3_gazebo': CMAKE_PREFIX_PATH=${CMAKE_PREFIX_PATH}:/home/u22/turtlebot/install/turtlebot3_teleop:/home/u22/turtlebot/install/turtlebot3_example:/opt/ros/humble /usr/bin/cmake --install /home/u22/turtlebot/build/turtlebot3_gazebo
[139.286s] -- Install configuration: ""
[139.289s] -- Installing: /home/u22/turtlebot/install/turtlebot3_gazebo/lib/turtlebot3_gazebo/turtlebot3_drive
[139.295s] -- Set runtime path of "/home/u22/turtlebot/install/turtlebot3_gazebo/lib/turtlebot3_gazebo/turtlebot3_drive" to ""
[139.295s] -- Installing: /home/u22/turtlebot/install/turtlebot3_gazebo/share/turtlebot3_gazebo//launch
[139.296s] -- Installing: /home/u22/turtlebot/install/turtlebot3_gazebo/share/turtlebot3_gazebo//launch/turtlebot3_dqn_stage4.launch.py
[139.298s] -- Installing: /home/u22/turtlebot/install/turtlebot3_gazebo/share/turtlebot3_gazebo//launch/turtlebot3_autorace_2020.launch.py
[139.304s] -- Installing: /home/u22/turtlebot/install/turtlebot3_gazebo/share/turtlebot3_gazebo//launch/turtlebot3_dqn_stage3.launch.py
[139.304s] -- Installing: /home/u22/turtlebot/install/turtlebot3_gazebo/share/turtlebot3_gazebo//launch/turtlebot3_dqn_stage2.launch.py
[139.309s] -- Installing: /home/u22/turtlebot/install/turtlebot3_gazebo/share/turtlebot3_gazebo//launch/turtlebot3_world.launch.py
[139.314s] -- Installing: /home/u22/turtlebot/install/turtlebot3_gazebo/share/turtlebot3_gazebo//launch/robot_state_publisher.launch.py
[139.315s] -- Installing: /home/u22/turtlebot/install/turtlebot3_gazebo/share/turtlebot3_gazebo//launch/multi_robot.launch.py
[139.316s] -- Installing: /home/u22/turtlebot/install/turtlebot3_gazebo/share/turtlebot3_gazebo//launch/empty_world.launch.py
[139.317s] -- Installing: /home/u22/turtlebot/install/turtlebot3_gazebo/share/turtlebot3_gazebo//launch/turtlebot3_house.launch.py
[139.319s] -- Installing: /home/u22/turtlebot/install/turtlebot3_gazebo/share/turtlebot3_gazebo//launch/multi_spawn_turtlebot3.launch.py
[139.320s] -- Installing: /home/u22/turtlebot/install/turtlebot3_gazebo/share/turtlebot3_gazebo//launch/turtlebot3_dqn_stage1.launch.py
[139.320s] -- Installing: /home/u22/turtlebot/install/turtlebot3_gazebo/share/turtlebot3_gazebo//launch/spawn_turtlebot3.launch.py
[139.322s] -- Installing: /home/u22/turtlebot/install/turtlebot3_gazebo/share/turtlebot3_gazebo//models
[139.322s] -- Installing: /home/u22/turtlebot/install/turtlebot3_gazebo/share/turtlebot3_gazebo//models/turtlebot3_waffle_pi
[139.323s] -- Installing: /home/u22/turtlebot/install/turtlebot3_gazebo/share/turtlebot3_gazebo//models/turtlebot3_waffle_pi/model.config
[139.325s] -- Installing: /home/u22/turtlebot/install/turtlebot3_gazebo/share/turtlebot3_gazebo//models/turtlebot3_waffle_pi/model-1_4_.sdf
[139.326s] -- Installing: /home/u22/turtlebot/install/turtlebot3_gazebo/share/turtlebot3_gazebo//models/turtlebot3_waffle_pi/model.sdf
[139.328s] -- Installing: /home/u22/turtlebot/install/turtlebot3_gazebo/share/turtlebot3_gazebo//models/turtlebot3_common
[139.332s] -- Installing: /home/u22/turtlebot/install/turtlebot3_gazebo/share/turtlebot3_gazebo//models/turtlebot3_common/model.config
[139.335s] -- Installing: /home/u22/turtlebot/install/turtlebot3_gazebo/share/turtlebot3_gazebo//models/turtlebot3_common/meshes
[139.337s] -- Installing: /home/u22/turtlebot/install/turtlebot3_gazebo/share/turtlebot3_gazebo//models/turtlebot3_common/meshes/bases
[139.337s] -- Installing: /home/u22/turtlebot/install/turtlebot3_gazebo/share/turtlebot3_gazebo//models/turtlebot3_common/meshes/bases/waffle_base.stl
[139.477s] -- Installing: /home/u22/turtlebot/install/turtlebot3_gazebo/share/turtlebot3_gazebo//models/turtlebot3_common/meshes/bases/burger_base.stl
[139.532s] -- Installing: /home/u22/turtlebot/install/turtlebot3_gazebo/share/turtlebot3_gazebo//models/turtlebot3_common/meshes/bases/waffle_pi_base.stl
[139.589s] -- Installing: /home/u22/turtlebot/install/turtlebot3_gazebo/share/turtlebot3_gazebo//models/turtlebot3_common/meshes/r200.dae
[139.592s] -- Installing: /home/u22/turtlebot/install/turtlebot3_gazebo/share/turtlebot3_gazebo//models/turtlebot3_common/meshes/lds.dae
[139.595s] -- Installing: /home/u22/turtlebot/install/turtlebot3_gazebo/share/turtlebot3_gazebo//models/turtlebot3_common/meshes/tire.dae
[139.598s] -- Installing: /home/u22/turtlebot/install/turtlebot3_gazebo/share/turtlebot3_gazebo//models/turtlebot3_common/meshes/waffle_pi_base.dae
[139.600s] -- Installing: /home/u22/turtlebot/install/turtlebot3_gazebo/share/turtlebot3_gazebo//models/turtlebot3_common/meshes/burger_base.dae
[139.603s] -- Installing: /home/u22/turtlebot/install/turtlebot3_gazebo/share/turtlebot3_gazebo//models/turtlebot3_common/meshes/wheels
[139.604s] -- Installing: /home/u22/turtlebot/install/turtlebot3_gazebo/share/turtlebot3_gazebo//models/turtlebot3_common/meshes/wheels/left_tire.stl
[139.624s] -- Installing: /home/u22/turtlebot/install/turtlebot3_gazebo/share/turtlebot3_gazebo//models/turtlebot3_common/meshes/wheels/right_tire.stl
[139.634s] -- Installing: /home/u22/turtlebot/install/turtlebot3_gazebo/share/turtlebot3_gazebo//models/turtlebot3_common/meshes/sensors
[139.634s] -- Installing: /home/u22/turtlebot/install/turtlebot3_gazebo/share/turtlebot3_gazebo//models/turtlebot3_common/meshes/sensors/r200.jpg
[139.635s] -- Installing: /home/u22/turtlebot/install/turtlebot3_gazebo/share/turtlebot3_gazebo//models/turtlebot3_common/meshes/sensors/r200.dae
[139.645s] -- Installing: /home/u22/turtlebot/install/turtlebot3_gazebo/share/turtlebot3_gazebo//models/turtlebot3_common/meshes/sensors/astra.jpg
[139.648s] -- Installing: /home/u22/turtlebot/install/turtlebot3_gazebo/share/turtlebot3_gazebo//models/turtlebot3_common/meshes/sensors/lds.stl
[139.649s] -- Installing: /home/u22/turtlebot/install/turtlebot3_gazebo/share/turtlebot3_gazebo//models/turtlebot3_common/meshes/sensors/astra.dae
[139.764s] -- Installing: /home/u22/turtlebot/install/turtlebot3_gazebo/share/turtlebot3_gazebo//models/turtlebot3_common/meshes/waffle_base.dae
[139.765s] -- Installing: /home/u22/turtlebot/install/turtlebot3_gazebo/share/turtlebot3_gazebo//models/turtlebot3_burger
[139.766s] -- Installing: /home/u22/turtlebot/install/turtlebot3_gazebo/share/turtlebot3_gazebo//models/turtlebot3_burger/model.config
[139.769s] -- Installing: /home/u22/turtlebot/install/turtlebot3_gazebo/share/turtlebot3_gazebo//models/turtlebot3_burger/model-1_4.sdf
[139.770s] -- Installing: /home/u22/turtlebot/install/turtlebot3_gazebo/share/turtlebot3_gazebo//models/turtlebot3_burger/model.sdf
[139.771s] -- Installing: /home/u22/turtlebot/install/turtlebot3_gazebo/share/turtlebot3_gazebo//models/turtlebot3_autorace_2020
[139.771s] -- Installing: /home/u22/turtlebot/install/turtlebot3_gazebo/share/turtlebot3_gazebo//models/turtlebot3_autorace_2020/traffic_pl_left
[139.771s] -- Installing: /home/u22/turtlebot/install/turtlebot3_gazebo/share/turtlebot3_gazebo//models/turtlebot3_autorace_2020/traffic_pl_left/model.config
[139.772s] -- Installing: /home/u22/turtlebot/install/turtlebot3_gazebo/share/turtlebot3_gazebo//models/turtlebot3_autorace_2020/traffic_pl_left/materials
[139.772s] -- Installing: /home/u22/turtlebot/install/turtlebot3_gazebo/share/turtlebot3_gazebo//models/turtlebot3_autorace_2020/traffic_pl_left/materials/scripts
[139.773s] -- Installing: /home/u22/turtlebot/install/turtlebot3_gazebo/share/turtlebot3_gazebo//models/turtlebot3_autorace_2020/traffic_pl_left/materials/scripts/traffic_pl_left.material
[139.774s] -- Installing: /home/u22/turtlebot/install/turtlebot3_gazebo/share/turtlebot3_gazebo//models/turtlebot3_autorace_2020/traffic_pl_left/materials/textures
[139.775s] -- Installing: /home/u22/turtlebot/install/turtlebot3_gazebo/share/turtlebot3_gazebo//models/turtlebot3_autorace_2020/traffic_pl_left/materials/textures/traffic_pl_left.png
[139.777s] -- Installing: /home/u22/turtlebot/install/turtlebot3_gazebo/share/turtlebot3_gazebo//models/turtlebot3_autorace_2020/traffic_pl_left/model.sdf
[139.778s] -- Installing: /home/u22/turtlebot/install/turtlebot3_gazebo/share/turtlebot3_gazebo//models/turtlebot3_autorace_2020/traffic_tunnel
[139.782s] -- Installing: /home/u22/turtlebot/install/turtlebot3_gazebo/share/turtlebot3_gazebo//models/turtlebot3_autorace_2020/traffic_tunnel/model.config
[139.784s] -- Installing: /home/u22/turtlebot/install/turtlebot3_gazebo/share/turtlebot3_gazebo//models/turtlebot3_autorace_2020/traffic_tunnel/materials
[139.784s] -- Installing: /home/u22/turtlebot/install/turtlebot3_gazebo/share/turtlebot3_gazebo//models/turtlebot3_autorace_2020/traffic_tunnel/materials/scripts
[139.784s] -- Installing: /home/u22/turtlebot/install/turtlebot3_gazebo/share/turtlebot3_gazebo//models/turtlebot3_autorace_2020/traffic_tunnel/materials/scripts/tunnel.material
[139.784s] -- Installing: /home/u22/turtlebot/install/turtlebot3_gazebo/share/turtlebot3_gazebo//models/turtlebot3_autorace_2020/traffic_tunnel/materials/textures
[139.784s] -- Installing: /home/u22/turtlebot/install/turtlebot3_gazebo/share/turtlebot3_gazebo//models/turtlebot3_autorace_2020/traffic_tunnel/materials/textures/tunnel.png
[139.787s] -- Installing: /home/u22/turtlebot/install/turtlebot3_gazebo/share/turtlebot3_gazebo//models/turtlebot3_autorace_2020/traffic_tunnel/model.sdf
[139.788s] -- Installing: /home/u22/turtlebot/install/turtlebot3_gazebo/share/turtlebot3_gazebo//models/turtlebot3_autorace_2020/traffic_light
[139.789s] -- Installing: /home/u22/turtlebot/install/turtlebot3_gazebo/share/turtlebot3_gazebo//models/turtlebot3_autorace_2020/traffic_light/model.config
[139.791s] -- Installing: /home/u22/turtlebot/install/turtlebot3_gazebo/share/turtlebot3_gazebo//models/turtlebot3_autorace_2020/traffic_light/materials
[139.792s] -- Installing: /home/u22/turtlebot/install/turtlebot3_gazebo/share/turtlebot3_gazebo//models/turtlebot3_autorace_2020/traffic_light/materials/scripts
[139.792s] -- Installing: /home/u22/turtlebot/install/turtlebot3_gazebo/share/turtlebot3_gazebo//models/turtlebot3_autorace_2020/traffic_light/materials/scripts/traffic_light.material
[139.793s] -- Installing: /home/u22/turtlebot/install/turtlebot3_gazebo/share/turtlebot3_gazebo//models/turtlebot3_autorace_2020/traffic_light/materials/textures
[139.793s] -- Installing: /home/u22/turtlebot/install/turtlebot3_gazebo/share/turtlebot3_gazebo//models/turtlebot3_autorace_2020/traffic_light/materials/textures/traffic_light.png
[139.797s] -- Installing: /home/u22/turtlebot/install/turtlebot3_gazebo/share/turtlebot3_gazebo//models/turtlebot3_autorace_2020/traffic_light/materials/textures/traffic_light_yellow.png
[139.801s] -- Installing: /home/u22/turtlebot/install/turtlebot3_gazebo/share/turtlebot3_gazebo//models/turtlebot3_autorace_2020/traffic_light/materials/textures/traffic_light_red.png
[139.801s] -- Installing: /home/u22/turtlebot/install/turtlebot3_gazebo/share/turtlebot3_gazebo//models/turtlebot3_autorace_2020/traffic_light/materials/textures/traffic_light_green.png
[139.802s] -- Installing: /home/u22/turtlebot/install/turtlebot3_gazebo/share/turtlebot3_gazebo//models/turtlebot3_autorace_2020/traffic_light/model.sdf
[139.805s] -- Installing: /home/u22/turtlebot/install/turtlebot3_gazebo/share/turtlebot3_gazebo//models/turtlebot3_autorace_2020/traffic_right
[139.807s] -- Installing: /home/u22/turtlebot/install/turtlebot3_gazebo/share/turtlebot3_gazebo//models/turtlebot3_autorace_2020/traffic_right/model.config
[139.813s] -- Installing: /home/u22/turtlebot/install/turtlebot3_gazebo/share/turtlebot3_gazebo//models/turtlebot3_autorace_2020/traffic_right/materials
[139.814s] -- Installing: /home/u22/turtlebot/install/turtlebot3_gazebo/share/turtlebot3_gazebo//models/turtlebot3_autorace_2020/traffic_right/materials/scripts
[139.814s] -- Installing: /home/u22/turtlebot/install/turtlebot3_gazebo/share/turtlebot3_gazebo//models/turtlebot3_autorace_2020/traffic_right/materials/scripts/traffic_right.material
[139.819s] -- Installing: /home/u22/turtlebot/install/turtlebot3_gazebo/share/turtlebot3_gazebo//models/turtlebot3_autorace_2020/traffic_right/materials/textures
[139.819s] -- Installing: /home/u22/turtlebot/install/turtlebot3_gazebo/share/turtlebot3_gazebo//models/turtlebot3_autorace_2020/traffic_right/materials/textures/traffic_right.png
[139.819s] -- Installing: /home/u22/turtlebot/install/turtlebot3_gazebo/share/turtlebot3_gazebo//models/turtlebot3_autorace_2020/traffic_right/model.sdf
[139.823s] -- Installing: /home/u22/turtlebot/install/turtlebot3_gazebo/share/turtlebot3_gazebo//models/turtlebot3_autorace_2020/traffic_stop
[139.823s] -- Installing: /home/u22/turtlebot/install/turtlebot3_gazebo/share/turtlebot3_gazebo//models/turtlebot3_autorace_2020/traffic_stop/model.config
[139.825s] -- Installing: /home/u22/turtlebot/install/turtlebot3_gazebo/share/turtlebot3_gazebo//models/turtlebot3_autorace_2020/traffic_stop/materials
[139.828s] -- Installing: /home/u22/turtlebot/install/turtlebot3_gazebo/share/turtlebot3_gazebo//models/turtlebot3_autorace_2020/traffic_stop/materials/scripts
[139.829s] -- Installing: /home/u22/turtlebot/install/turtlebot3_gazebo/share/turtlebot3_gazebo//models/turtlebot3_autorace_2020/traffic_stop/materials/scripts/traffic_stop.material
[139.830s] -- Installing: /home/u22/turtlebot/install/turtlebot3_gazebo/share/turtlebot3_gazebo//models/turtlebot3_autorace_2020/traffic_stop/materials/textures
[139.830s] -- Installing: /home/u22/turtlebot/install/turtlebot3_gazebo/share/turtlebot3_gazebo//models/turtlebot3_autorace_2020/traffic_stop/materials/textures/traffic_stop.png
[139.834s] -- Installing: /home/u22/turtlebot/install/turtlebot3_gazebo/share/turtlebot3_gazebo//models/turtlebot3_autorace_2020/traffic_stop/model.sdf
[139.836s] -- Installing: /home/u22/turtlebot/install/turtlebot3_gazebo/share/turtlebot3_gazebo//models/turtlebot3_autorace_2020/traffic_left
[139.837s] -- Installing: /home/u22/turtlebot/install/turtlebot3_gazebo/share/turtlebot3_gazebo//models/turtlebot3_autorace_2020/traffic_left/model.config
[139.837s] -- Installing: /home/u22/turtlebot/install/turtlebot3_gazebo/share/turtlebot3_gazebo//models/turtlebot3_autorace_2020/traffic_left/materials
[139.837s] -- Installing: /home/u22/turtlebot/install/turtlebot3_gazebo/share/turtlebot3_gazebo//models/turtlebot3_autorace_2020/traffic_left/materials/scripts
[139.838s] -- Installing: /home/u22/turtlebot/install/turtlebot3_gazebo/share/turtlebot3_gazebo//models/turtlebot3_autorace_2020/traffic_left/materials/scripts/traffic_is_left.material
[139.839s] -- Installing: /home/u22/turtlebot/install/turtlebot3_gazebo/share/turtlebot3_gazebo//models/turtlebot3_autorace_2020/traffic_left/materials/textures
[139.839s] -- Installing: /home/u22/turtlebot/install/turtlebot3_gazebo/share/turtlebot3_gazebo//models/turtlebot3_autorace_2020/traffic_left/materials/textures/traffic_left.png
[139.841s] -- Installing: /home/u22/turtlebot/install/turtlebot3_gazebo/share/turtlebot3_gazebo//models/turtlebot3_autorace_2020/traffic_left/model.sdf
[139.848s] -- Installing: /home/u22/turtlebot/install/turtlebot3_gazebo/share/turtlebot3_gazebo//models/turtlebot3_autorace_2020/checker
[139.848s] -- Installing: /home/u22/turtlebot/install/turtlebot3_gazebo/share/turtlebot3_gazebo//models/turtlebot3_autorace_2020/checker/model.config
[139.848s] -- Installing: /home/u22/turtlebot/install/turtlebot3_gazebo/share/turtlebot3_gazebo//models/turtlebot3_autorace_2020/checker/materials
[139.848s] -- Installing: /home/u22/turtlebot/install/turtlebot3_gazebo/share/turtlebot3_gazebo//models/turtlebot3_autorace_2020/checker/materials/checker.png
[139.849s] -- Installing: /home/u22/turtlebot/install/turtlebot3_gazebo/share/turtlebot3_gazebo//models/turtlebot3_autorace_2020/checker/materials/scripts
[139.849s] -- Installing: /home/u22/turtlebot/install/turtlebot3_gazebo/share/turtlebot3_gazebo//models/turtlebot3_autorace_2020/checker/materials/scripts/checker.material
[139.851s] -- Installing: /home/u22/turtlebot/install/turtlebot3_gazebo/share/turtlebot3_gazebo//models/turtlebot3_autorace_2020/checker/materials/textures
[139.852s] -- Installing: /home/u22/turtlebot/install/turtlebot3_gazebo/share/turtlebot3_gazebo//models/turtlebot3_autorace_2020/checker/materials/textures/checker.png
[139.855s] -- Installing: /home/u22/turtlebot/install/turtlebot3_gazebo/share/turtlebot3_gazebo//models/turtlebot3_autorace_2020/checker/model.sdf
[139.855s] -- Installing: /home/u22/turtlebot/install/turtlebot3_gazebo/share/turtlebot3_gazebo//models/turtlebot3_autorace_2020/course
[139.856s] -- Installing: /home/u22/turtlebot/install/turtlebot3_gazebo/share/turtlebot3_gazebo//models/turtlebot3_autorace_2020/course/model.config
[139.860s] -- Installing: /home/u22/turtlebot/install/turtlebot3_gazebo/share/turtlebot3_gazebo//models/turtlebot3_autorace_2020/course/materials
[139.861s] -- Installing: /home/u22/turtlebot/install/turtlebot3_gazebo/share/turtlebot3_gazebo//models/turtlebot3_autorace_2020/course/materials/scripts
[139.864s] -- Installing: /home/u22/turtlebot/install/turtlebot3_gazebo/share/turtlebot3_gazebo//models/turtlebot3_autorace_2020/course/materials/scripts/course.material
[139.866s] -- Installing: /home/u22/turtlebot/install/turtlebot3_gazebo/share/turtlebot3_gazebo//models/turtlebot3_autorace_2020/course/materials/textures
[139.866s] -- Installing: /home/u22/turtlebot/install/turtlebot3_gazebo/share/turtlebot3_gazebo//models/turtlebot3_autorace_2020/course/materials/textures/course.png
[139.876s] -- Installing: /home/u22/turtlebot/install/turtlebot3_gazebo/share/turtlebot3_gazebo//models/turtlebot3_autorace_2020/course/model.sdf
[139.876s] -- Installing: /home/u22/turtlebot/install/turtlebot3_gazebo/share/turtlebot3_gazebo//models/turtlebot3_autorace_2020/traffic_construction
[139.879s] -- Installing: /home/u22/turtlebot/install/turtlebot3_gazebo/share/turtlebot3_gazebo//models/turtlebot3_autorace_2020/traffic_construction/model.config
[139.879s] -- Installing: /home/u22/turtlebot/install/turtlebot3_gazebo/share/turtlebot3_gazebo//models/turtlebot3_autorace_2020/traffic_construction/materials
[139.879s] -- Installing: /home/u22/turtlebot/install/turtlebot3_gazebo/share/turtlebot3_gazebo//models/turtlebot3_autorace_2020/traffic_construction/materials/scripts
[139.879s] -- Installing: /home/u22/turtlebot/install/turtlebot3_gazebo/share/turtlebot3_gazebo//models/turtlebot3_autorace_2020/traffic_construction/materials/scripts/traffic_construction.material
[139.885s] -- Installing: /home/u22/turtlebot/install/turtlebot3_gazebo/share/turtlebot3_gazebo//models/turtlebot3_autorace_2020/traffic_construction/materials/textures
[139.888s] -- Installing: /home/u22/turtlebot/install/turtlebot3_gazebo/share/turtlebot3_gazebo//models/turtlebot3_autorace_2020/traffic_construction/materials/textures/traffic_construction.png
[139.888s] -- Installing: /home/u22/turtlebot/install/turtlebot3_gazebo/share/turtlebot3_gazebo//models/turtlebot3_autorace_2020/traffic_construction/model.sdf
[139.891s] -- Installing: /home/u22/turtlebot/install/turtlebot3_gazebo/share/turtlebot3_gazebo//models/turtlebot3_autorace_2020/traffic_intersection
[139.891s] -- Installing: /home/u22/turtlebot/install/turtlebot3_gazebo/share/turtlebot3_gazebo//models/turtlebot3_autorace_2020/traffic_intersection/model.config
[139.894s] -- Installing: /home/u22/turtlebot/install/turtlebot3_gazebo/share/turtlebot3_gazebo//models/turtlebot3_autorace_2020/traffic_intersection/materials
[139.895s] -- Installing: /home/u22/turtlebot/install/turtlebot3_gazebo/share/turtlebot3_gazebo//models/turtlebot3_autorace_2020/traffic_intersection/materials/scripts
[139.896s] -- Installing: /home/u22/turtlebot/install/turtlebot3_gazebo/share/turtlebot3_gazebo//models/turtlebot3_autorace_2020/traffic_intersection/materials/scripts/traffic_intersection.material
[139.898s] -- Installing: /home/u22/turtlebot/install/turtlebot3_gazebo/share/turtlebot3_gazebo//models/turtlebot3_autorace_2020/traffic_intersection/materials/textures
[139.899s] -- Installing: /home/u22/turtlebot/install/turtlebot3_gazebo/share/turtlebot3_gazebo//models/turtlebot3_autorace_2020/traffic_intersection/materials/textures/traffic_intersection.png
[139.900s] -- Installing: /home/u22/turtlebot/install/turtlebot3_gazebo/share/turtlebot3_gazebo//models/turtlebot3_autorace_2020/traffic_intersection/model.sdf
[139.901s] -- Installing: /home/u22/turtlebot/install/turtlebot3_gazebo/share/turtlebot3_gazebo//models/turtlebot3_autorace_2020/traffic_parking
[139.901s] -- Installing: /home/u22/turtlebot/install/turtlebot3_gazebo/share/turtlebot3_gazebo//models/turtlebot3_autorace_2020/traffic_parking/model.config
[139.902s] -- Installing: /home/u22/turtlebot/install/turtlebot3_gazebo/share/turtlebot3_gazebo//models/turtlebot3_autorace_2020/traffic_parking/materials
[139.903s] -- Installing: /home/u22/turtlebot/install/turtlebot3_gazebo/share/turtlebot3_gazebo//models/turtlebot3_autorace_2020/traffic_parking/materials/scripts
[139.903s] -- Installing: /home/u22/turtlebot/install/turtlebot3_gazebo/share/turtlebot3_gazebo//models/turtlebot3_autorace_2020/traffic_parking/materials/scripts/traffic_parking.material
[139.904s] -- Installing: /home/u22/turtlebot/install/turtlebot3_gazebo/share/turtlebot3_gazebo//models/turtlebot3_autorace_2020/traffic_parking/materials/textures
[139.905s] -- Installing: /home/u22/turtlebot/install/turtlebot3_gazebo/share/turtlebot3_gazebo//models/turtlebot3_autorace_2020/traffic_parking/materials/textures/traffic_parking.png
[139.906s] -- Installing: /home/u22/turtlebot/install/turtlebot3_gazebo/share/turtlebot3_gazebo//models/turtlebot3_autorace_2020/traffic_parking/model.sdf
[139.907s] -- Installing: /home/u22/turtlebot/install/turtlebot3_gazebo/share/turtlebot3_gazebo//models/turtlebot3_autorace_2020/traffic_noentry
[139.907s] -- Installing: /home/u22/turtlebot/install/turtlebot3_gazebo/share/turtlebot3_gazebo//models/turtlebot3_autorace_2020/traffic_noentry/model.config
[139.909s] -- Installing: /home/u22/turtlebot/install/turtlebot3_gazebo/share/turtlebot3_gazebo//models/turtlebot3_autorace_2020/traffic_noentry/materials
[139.910s] -- Installing: /home/u22/turtlebot/install/turtlebot3_gazebo/share/turtlebot3_gazebo//models/turtlebot3_autorace_2020/traffic_noentry/materials/scripts
[139.910s] -- Installing: /home/u22/turtlebot/install/turtlebot3_gazebo/share/turtlebot3_gazebo//models/turtlebot3_autorace_2020/traffic_noentry/materials/scripts/traffic_noentry.material
[139.910s] -- Installing: /home/u22/turtlebot/install/turtlebot3_gazebo/share/turtlebot3_gazebo//models/turtlebot3_autorace_2020/traffic_noentry/materials/textures
[139.910s] -- Installing: /home/u22/turtlebot/install/turtlebot3_gazebo/share/turtlebot3_gazebo//models/turtlebot3_autorace_2020/traffic_noentry/materials/textures/traffic_noentry.png
[139.911s] -- Installing: /home/u22/turtlebot/install/turtlebot3_gazebo/share/turtlebot3_gazebo//models/turtlebot3_autorace_2020/traffic_noentry/model.sdf
[139.915s] -- Installing: /home/u22/turtlebot/install/turtlebot3_gazebo/share/turtlebot3_gazebo//models/turtlebot3_autorace_2020/traffic_bar
[139.915s] -- Installing: /home/u22/turtlebot/install/turtlebot3_gazebo/share/turtlebot3_gazebo//models/turtlebot3_autorace_2020/traffic_bar/model.config
[139.923s] -- Installing: /home/u22/turtlebot/install/turtlebot3_gazebo/share/turtlebot3_gazebo//models/turtlebot3_autorace_2020/traffic_bar/materials
[139.923s] -- Installing: /home/u22/turtlebot/install/turtlebot3_gazebo/share/turtlebot3_gazebo//models/turtlebot3_autorace_2020/traffic_bar/materials/scripts
[139.923s] -- Installing: /home/u22/turtlebot/install/turtlebot3_gazebo/share/turtlebot3_gazebo//models/turtlebot3_autorace_2020/traffic_bar/materials/scripts/traffic_bar.material
[139.924s] -- Installing: /home/u22/turtlebot/install/turtlebot3_gazebo/share/turtlebot3_gazebo//models/turtlebot3_autorace_2020/traffic_bar/materials/textures
[139.925s] -- Installing: /home/u22/turtlebot/install/turtlebot3_gazebo/share/turtlebot3_gazebo//models/turtlebot3_autorace_2020/traffic_bar/materials/textures/traffic_bar.png
[139.927s] -- Installing: /home/u22/turtlebot/install/turtlebot3_gazebo/share/turtlebot3_gazebo//models/turtlebot3_autorace_2020/traffic_bar/model.sdf
[139.931s] -- Installing: /home/u22/turtlebot/install/turtlebot3_gazebo/share/turtlebot3_gazebo//models/turtlebot3_burger_cam
[139.931s] -- Installing: /home/u22/turtlebot/install/turtlebot3_gazebo/share/turtlebot3_gazebo//models/turtlebot3_burger_cam/model.config
[139.931s] -- Installing: /home/u22/turtlebot/install/turtlebot3_gazebo/share/turtlebot3_gazebo//models/turtlebot3_burger_cam/model-1_4.sdf
[139.931s] -- Installing: /home/u22/turtlebot/install/turtlebot3_gazebo/share/turtlebot3_gazebo//models/turtlebot3_burger_cam/model.sdf
[139.931s] -- Installing: /home/u22/turtlebot/install/turtlebot3_gazebo/share/turtlebot3_gazebo//models/turtlebot3_house
[139.931s] -- Installing: /home/u22/turtlebot/install/turtlebot3_gazebo/share/turtlebot3_gazebo//models/turtlebot3_house/model.config
[139.931s] -- Installing: /home/u22/turtlebot/install/turtlebot3_gazebo/share/turtlebot3_gazebo//models/turtlebot3_house/model.sdf
[139.934s] -- Installing: /home/u22/turtlebot/install/turtlebot3_gazebo/share/turtlebot3_gazebo//models/turtlebot3_dqn_world
[139.934s] -- Installing: /home/u22/turtlebot/install/turtlebot3_gazebo/share/turtlebot3_gazebo//models/turtlebot3_dqn_world/goal_box
[139.935s] -- Installing: /home/u22/turtlebot/install/turtlebot3_gazebo/share/turtlebot3_gazebo//models/turtlebot3_dqn_world/goal_box/model.config
[139.936s] -- Installing: /home/u22/turtlebot/install/turtlebot3_gazebo/share/turtlebot3_gazebo//models/turtlebot3_dqn_world/goal_box/model.sdf
[139.936s] -- Installing: /home/u22/turtlebot/install/turtlebot3_gazebo/share/turtlebot3_gazebo//models/turtlebot3_dqn_world/model.config
[139.937s] -- Installing: /home/u22/turtlebot/install/turtlebot3_gazebo/share/turtlebot3_gazebo//models/turtlebot3_dqn_world/obstacles
[139.937s] -- Installing: /home/u22/turtlebot/install/turtlebot3_gazebo/share/turtlebot3_gazebo//models/turtlebot3_dqn_world/obstacles/model.config
[139.939s] -- Installing: /home/u22/turtlebot/install/turtlebot3_gazebo/share/turtlebot3_gazebo//models/turtlebot3_dqn_world/obstacles/model.sdf
[139.940s] -- Installing: /home/u22/turtlebot/install/turtlebot3_gazebo/share/turtlebot3_gazebo//models/turtlebot3_dqn_world/obstacle2
[139.941s] -- Installing: /home/u22/turtlebot/install/turtlebot3_gazebo/share/turtlebot3_gazebo//models/turtlebot3_dqn_world/obstacle2/model.config
[139.941s] -- Installing: /home/u22/turtlebot/install/turtlebot3_gazebo/share/turtlebot3_gazebo//models/turtlebot3_dqn_world/obstacle2/model.sdf
[139.943s] -- Installing: /home/u22/turtlebot/install/turtlebot3_gazebo/share/turtlebot3_gazebo//models/turtlebot3_dqn_world/model.sdf
[139.945s] -- Installing: /home/u22/turtlebot/install/turtlebot3_gazebo/share/turtlebot3_gazebo//models/turtlebot3_dqn_world/obstacle1
[139.945s] -- Installing: /home/u22/turtlebot/install/turtlebot3_gazebo/share/turtlebot3_gazebo//models/turtlebot3_dqn_world/obstacle1/model.config
[139.947s] -- Installing: /home/u22/turtlebot/install/turtlebot3_gazebo/share/turtlebot3_gazebo//models/turtlebot3_dqn_world/obstacle1/model.sdf
[139.948s] -- Installing: /home/u22/turtlebot/install/turtlebot3_gazebo/share/turtlebot3_gazebo//models/turtlebot3_dqn_world/inner_walls
[139.948s] -- Installing: /home/u22/turtlebot/install/turtlebot3_gazebo/share/turtlebot3_gazebo//models/turtlebot3_dqn_world/inner_walls/model.config
[139.948s] -- Installing: /home/u22/turtlebot/install/turtlebot3_gazebo/share/turtlebot3_gazebo//models/turtlebot3_dqn_world/inner_walls/model.sdf
[139.951s] -- Installing: /home/u22/turtlebot/install/turtlebot3_gazebo/share/turtlebot3_gazebo//models/turtlebot3_waffle
[139.951s] -- Installing: /home/u22/turtlebot/install/turtlebot3_gazebo/share/turtlebot3_gazebo//models/turtlebot3_waffle/model.config
[139.953s] -- Installing: /home/u22/turtlebot/install/turtlebot3_gazebo/share/turtlebot3_gazebo//models/turtlebot3_waffle/model-1_4.sdf
[139.955s] -- Installing: /home/u22/turtlebot/install/turtlebot3_gazebo/share/turtlebot3_gazebo//models/turtlebot3_waffle/model.sdf
[139.955s] -- Installing: /home/u22/turtlebot/install/turtlebot3_gazebo/share/turtlebot3_gazebo//models/turtlebot3_world
[139.955s] -- Installing: /home/u22/turtlebot/install/turtlebot3_gazebo/share/turtlebot3_gazebo//models/turtlebot3_world/model.config
[139.955s] -- Installing: /home/u22/turtlebot/install/turtlebot3_gazebo/share/turtlebot3_gazebo//models/turtlebot3_world/model-1_4.sdf
[139.956s] -- Installing: /home/u22/turtlebot/install/turtlebot3_gazebo/share/turtlebot3_gazebo//models/turtlebot3_world/meshes
[139.958s] -- Installing: /home/u22/turtlebot/install/turtlebot3_gazebo/share/turtlebot3_gazebo//models/turtlebot3_world/meshes/hexagon.dae
[139.960s] -- Installing: /home/u22/turtlebot/install/turtlebot3_gazebo/share/turtlebot3_gazebo//models/turtlebot3_world/meshes/wall.dae
[139.960s] -- Installing: /home/u22/turtlebot/install/turtlebot3_gazebo/share/turtlebot3_gazebo//models/turtlebot3_world/model.sdf
[139.960s] -- Installing: /home/u22/turtlebot/install/turtlebot3_gazebo/share/turtlebot3_gazebo//rviz
[139.961s] -- Installing: /home/u22/turtlebot/install/turtlebot3_gazebo/share/turtlebot3_gazebo//rviz/tb3_gazebo.rviz
[139.961s] -- Installing: /home/u22/turtlebot/install/turtlebot3_gazebo/share/turtlebot3_gazebo//urdf
[139.961s] -- Installing: /home/u22/turtlebot/install/turtlebot3_gazebo/share/turtlebot3_gazebo//urdf/turtlebot3_waffle_pi.urdf
[139.962s] -- Installing: /home/u22/turtlebot/install/turtlebot3_gazebo/share/turtlebot3_gazebo//urdf/turtlebot3_waffle.urdf
[139.963s] -- Installing: /home/u22/turtlebot/install/turtlebot3_gazebo/share/turtlebot3_gazebo//urdf/common_properties.urdf
[139.964s] -- Installing: /home/u22/turtlebot/install/turtlebot3_gazebo/share/turtlebot3_gazebo//urdf/turtlebot3_burger_cam.urdf
[139.965s] -- Installing: /home/u22/turtlebot/install/turtlebot3_gazebo/share/turtlebot3_gazebo//urdf/turtlebot3_burger.urdf
[139.966s] -- Installing: /home/u22/turtlebot/install/turtlebot3_gazebo/share/turtlebot3_gazebo//worlds
[139.966s] -- Installing: /home/u22/turtlebot/install/turtlebot3_gazebo/share/turtlebot3_gazebo//worlds/tennis_court.world
[139.966s] -- Installing: /home/u22/turtlebot/install/turtlebot3_gazebo/share/turtlebot3_gazebo//worlds/empty_world.world
[139.968s] -- Installing: /home/u22/turtlebot/install/turtlebot3_gazebo/include/
[139.968s] -- Installing: /home/u22/turtlebot/install/turtlebot3_gazebo/include//turtlebot3_gazebo
[139.968s] -- Installing: /home/u22/turtlebot/install/turtlebot3_gazebo/include//turtlebot3_gazebo/traffic_bar_plugin.hpp
[139.969s] -- Installing: /home/u22/turtlebot/install/turtlebot3_gazebo/include//turtlebot3_gazebo/traffic_light_plugin.hpp
[139.971s] -- Installing: /home/u22/turtlebot/install/turtlebot3_gazebo/include//turtlebot3_gazebo/obstacles.hpp
[139.971s] -- Installing: /home/u22/turtlebot/install/turtlebot3_gazebo/include//turtlebot3_gazebo/obstacle1.hpp
[139.972s] -- Installing: /home/u22/turtlebot/install/turtlebot3_gazebo/include//turtlebot3_gazebo/turtlebot3_drive.hpp
[139.973s] -- Installing: /home/u22/turtlebot/install/turtlebot3_gazebo/include//turtlebot3_gazebo/obstacle2.hpp
[139.975s] -- Installing: /home/u22/turtlebot/install/turtlebot3_gazebo/share/ament_index/resource_index/package_run_dependencies/turtlebot3_gazebo
[139.976s] -- Installing: /home/u22/turtlebot/install/turtlebot3_gazebo/share/ament_index/resource_index/parent_prefix_path/turtlebot3_gazebo
[139.976s] -- Installing: /home/u22/turtlebot/install/turtlebot3_gazebo/share/turtlebot3_gazebo/environment/ament_prefix_path.sh
[139.978s] -- Installing: /home/u22/turtlebot/install/turtlebot3_gazebo/share/turtlebot3_gazebo/environment/ament_prefix_path.dsv
[139.978s] -- Installing: /home/u22/turtlebot/install/turtlebot3_gazebo/share/turtlebot3_gazebo/environment/path.sh
[139.978s] -- Installing: /home/u22/turtlebot/install/turtlebot3_gazebo/share/turtlebot3_gazebo/environment/path.dsv
[139.979s] -- Installing: /home/u22/turtlebot/install/turtlebot3_gazebo/share/turtlebot3_gazebo/local_setup.bash
[139.979s] -- Installing: /home/u22/turtlebot/install/turtlebot3_gazebo/share/turtlebot3_gazebo/local_setup.sh
[139.980s] -- Installing: /home/u22/turtlebot/install/turtlebot3_gazebo/share/turtlebot3_gazebo/local_setup.zsh
[139.981s] -- Installing: /home/u22/turtlebot/install/turtlebot3_gazebo/share/turtlebot3_gazebo/local_setup.dsv
[139.982s] -- Installing: /home/u22/turtlebot/install/turtlebot3_gazebo/share/turtlebot3_gazebo/package.dsv
[139.983s] -- Installing: /home/u22/turtlebot/install/turtlebot3_gazebo/share/ament_index/resource_index/packages/turtlebot3_gazebo
[139.983s] -- Installing: /home/u22/turtlebot/install/turtlebot3_gazebo/share/turtlebot3_gazebo/cmake/ament_cmake_export_include_directories-extras.cmake
[139.988s] -- Installing: /home/u22/turtlebot/install/turtlebot3_gazebo/share/turtlebot3_gazebo/cmake/ament_cmake_export_dependencies-extras.cmake
[139.988s] -- Installing: /home/u22/turtlebot/install/turtlebot3_gazebo/share/turtlebot3_gazebo/cmake/turtlebot3_gazeboConfig.cmake
[139.988s] -- Installing: /home/u22/turtlebot/install/turtlebot3_gazebo/share/turtlebot3_gazebo/cmake/turtlebot3_gazeboConfig-version.cmake
[139.989s] -- Installing: /home/u22/turtlebot/install/turtlebot3_gazebo/share/turtlebot3_gazebo/package.xml
[139.994s] Invoked command in '/home/u22/turtlebot/build/turtlebot3_gazebo' returned '0': CMAKE_PREFIX_PATH=${CMAKE_PREFIX_PATH}:/home/u22/turtlebot/install/turtlebot3_teleop:/home/u22/turtlebot/install/turtlebot3_example:/opt/ros/humble /usr/bin/cmake --install /home/u22/turtlebot/build/turtlebot3_gazebo
