[0.080s] Invoking command in '/home/u22/turtlebot/build/turtlebot3_gazebo': CMAKE_PREFIX_PATH=${CMAKE_PREFIX_PATH}:/home/u22/turtlebot/install/turtlebot3_vision:/home/u22/turtlebot/install/turtlebot3_teleop:/home/u22/turtlebot/install/turtlebot3_example:/opt/ros/humble /usr/bin/cmake --build /home/u22/turtlebot/build/turtlebot3_gazebo -- -j4 -l4
[0.298s] [35m[1mConsolidate compiler generated dependencies of target turtlebot3_drive[0m
[0.298s] [35m[1mConsolidate compiler generated dependencies of target traffic_light_plugin[0m
[0.327s] [35m[1mConsolidate compiler generated dependencies of target traffic_bar_plugin[0m
[0.374s] [35m[1mConsolidate compiler generated dependencies of target obstacle1[0m
[0.400s] [ 16%] Built target turtlebot3_drive
[0.454s] [35m[1mConsolidate compiler generated dependencies of target obstacle2[0m
[0.543s] [ 33%] Built target traffic_light_plugin
[0.561s] [ 50%] Built target obstacle1
[0.602s] [ 66%] Built target traffic_bar_plugin
[0.615s] [ 83%] Built target obstacle2
[0.615s] [35m[1mConsolidate compiler generated dependencies of target obstacles[0m
[0.729s] [100%] Built target obstacles
[1.383s] Invoked command in '/home/u22/turtlebot/build/turtlebot3_gazebo' returned '0': CMAKE_PREFIX_PATH=${CMAKE_PREFIX_PATH}:/home/u22/turtlebot/install/turtlebot3_vision:/home/u22/turtlebot/install/turtlebot3_teleop:/home/u22/turtlebot/install/turtlebot3_example:/opt/ros/humble /usr/bin/cmake --build /home/u22/turtlebot/build/turtlebot3_gazebo -- -j4 -l4
[1.389s] Invoking command in '/home/u22/turtlebot/build/turtlebot3_gazebo': CMAKE_PREFIX_PATH=${CMAKE_PREFIX_PATH}:/home/u22/turtlebot/install/turtlebot3_vision:/home/u22/turtlebot/install/turtlebot3_teleop:/home/u22/turtlebot/install/turtlebot3_example:/opt/ros/humble /usr/bin/cmake --install /home/u22/turtlebot/build/turtlebot3_gazebo
[1.418s] -- Install configuration: ""
[1.435s] -- Up-to-date: /home/u22/turtlebot/install/turtlebot3_gazebo/lib/turtlebot3_gazebo/turtlebot3_drive
[1.436s] -- Up-to-date: /home/u22/turtlebot/install/turtlebot3_gazebo/share/turtlebot3_gazebo//launch
[1.436s] -- Up-to-date: /home/u22/turtlebot/install/turtlebot3_gazebo/share/turtlebot3_gazebo//launch/turtlebot3_dqn_stage4.launch.py
[1.436s] -- Up-to-date: /home/u22/turtlebot/install/turtlebot3_gazebo/share/turtlebot3_gazebo//launch/turtlebot3_autorace_2020.launch.py
[1.436s] -- Up-to-date: /home/u22/turtlebot/install/turtlebot3_gazebo/share/turtlebot3_gazebo//launch/turtlebot3_dqn_stage3.launch.py
[1.436s] -- Up-to-date: /home/u22/turtlebot/install/turtlebot3_gazebo/share/turtlebot3_gazebo//launch/turtlebot3_dqn_stage2.launch.py
[1.437s] -- Up-to-date: /home/u22/turtlebot/install/turtlebot3_gazebo/share/turtlebot3_gazebo//launch/turtlebot3_world.launch.py
[1.437s] -- Up-to-date: /home/u22/turtlebot/install/turtlebot3_gazebo/share/turtlebot3_gazebo//launch/robot_state_publisher.launch.py
[1.437s] -- Up-to-date: /home/u22/turtlebot/install/turtlebot3_gazebo/share/turtlebot3_gazebo//launch/multi_robot.launch.py
[1.438s] -- Up-to-date: /home/u22/turtlebot/install/turtlebot3_gazebo/share/turtlebot3_gazebo//launch/empty_world.launch.py
[1.450s] -- Up-to-date: /home/u22/turtlebot/install/turtlebot3_gazebo/share/turtlebot3_gazebo//launch/turtlebot3_house.launch.py
[1.450s] -- Up-to-date: /home/u22/turtlebot/install/turtlebot3_gazebo/share/turtlebot3_gazebo//launch/multi_spawn_turtlebot3.launch.py
[1.457s] -- Up-to-date: /home/u22/turtlebot/install/turtlebot3_gazebo/share/turtlebot3_gazebo//launch/turtlebot3_dqn_stage1.launch.py
[1.458s] -- Up-to-date: /home/u22/turtlebot/install/turtlebot3_gazebo/share/turtlebot3_gazebo//launch/spawn_turtlebot3.launch.py
[1.459s] -- Up-to-date: /home/u22/turtlebot/install/turtlebot3_gazebo/share/turtlebot3_gazebo//models
[1.459s] -- Up-to-date: /home/u22/turtlebot/install/turtlebot3_gazebo/share/turtlebot3_gazebo//models/turtlebot3_waffle_pi
[1.459s] -- Up-to-date: /home/u22/turtlebot/install/turtlebot3_gazebo/share/turtlebot3_gazebo//models/turtlebot3_waffle_pi/model.config
[1.459s] -- Up-to-date: /home/u22/turtlebot/install/turtlebot3_gazebo/share/turtlebot3_gazebo//models/turtlebot3_waffle_pi/model-1_4_.sdf
[1.460s] -- Up-to-date: /home/u22/turtlebot/install/turtlebot3_gazebo/share/turtlebot3_gazebo//models/turtlebot3_waffle_pi/model.sdf
[1.460s] -- Up-to-date: /home/u22/turtlebot/install/turtlebot3_gazebo/share/turtlebot3_gazebo//models/turtlebot3_common
[1.462s] -- Up-to-date: /home/u22/turtlebot/install/turtlebot3_gazebo/share/turtlebot3_gazebo//models/turtlebot3_common/model.config
[1.463s] -- Up-to-date: /home/u22/turtlebot/install/turtlebot3_gazebo/share/turtlebot3_gazebo//models/turtlebot3_common/meshes
[1.463s] -- Up-to-date: /home/u22/turtlebot/install/turtlebot3_gazebo/share/turtlebot3_gazebo//models/turtlebot3_common/meshes/bases
[1.463s] -- Up-to-date: /home/u22/turtlebot/install/turtlebot3_gazebo/share/turtlebot3_gazebo//models/turtlebot3_common/meshes/bases/waffle_base.stl
[1.463s] -- Up-to-date: /home/u22/turtlebot/install/turtlebot3_gazebo/share/turtlebot3_gazebo//models/turtlebot3_common/meshes/bases/burger_base.stl
[1.463s] -- Up-to-date: /home/u22/turtlebot/install/turtlebot3_gazebo/share/turtlebot3_gazebo//models/turtlebot3_common/meshes/bases/waffle_pi_base.stl
[1.463s] -- Up-to-date: /home/u22/turtlebot/install/turtlebot3_gazebo/share/turtlebot3_gazebo//models/turtlebot3_common/meshes/r200.dae
[1.464s] -- Up-to-date: /home/u22/turtlebot/install/turtlebot3_gazebo/share/turtlebot3_gazebo//models/turtlebot3_common/meshes/lds.dae
[1.464s] -- Up-to-date: /home/u22/turtlebot/install/turtlebot3_gazebo/share/turtlebot3_gazebo//models/turtlebot3_common/meshes/tire.dae
[1.464s] -- Up-to-date: /home/u22/turtlebot/install/turtlebot3_gazebo/share/turtlebot3_gazebo//models/turtlebot3_common/meshes/waffle_pi_base.dae
[1.464s] -- Up-to-date: /home/u22/turtlebot/install/turtlebot3_gazebo/share/turtlebot3_gazebo//models/turtlebot3_common/meshes/burger_base.dae
[1.466s] -- Up-to-date: /home/u22/turtlebot/install/turtlebot3_gazebo/share/turtlebot3_gazebo//models/turtlebot3_common/meshes/wheels
[1.466s] -- Up-to-date: /home/u22/turtlebot/install/turtlebot3_gazebo/share/turtlebot3_gazebo//models/turtlebot3_common/meshes/wheels/left_tire.stl
[1.467s] -- Up-to-date: /home/u22/turtlebot/install/turtlebot3_gazebo/share/turtlebot3_gazebo//models/turtlebot3_common/meshes/wheels/right_tire.stl
[1.467s] -- Up-to-date: /home/u22/turtlebot/install/turtlebot3_gazebo/share/turtlebot3_gazebo//models/turtlebot3_common/meshes/sensors
[1.467s] -- Up-to-date: /home/u22/turtlebot/install/turtlebot3_gazebo/share/turtlebot3_gazebo//models/turtlebot3_common/meshes/sensors/r200.jpg
[1.467s] -- Up-to-date: /home/u22/turtlebot/install/turtlebot3_gazebo/share/turtlebot3_gazebo//models/turtlebot3_common/meshes/sensors/r200.dae
[1.467s] -- Up-to-date: /home/u22/turtlebot/install/turtlebot3_gazebo/share/turtlebot3_gazebo//models/turtlebot3_common/meshes/sensors/astra.jpg
[1.467s] -- Up-to-date: /home/u22/turtlebot/install/turtlebot3_gazebo/share/turtlebot3_gazebo//models/turtlebot3_common/meshes/sensors/lds.stl
[1.467s] -- Up-to-date: /home/u22/turtlebot/install/turtlebot3_gazebo/share/turtlebot3_gazebo//models/turtlebot3_common/meshes/sensors/astra.dae
[1.467s] -- Up-to-date: /home/u22/turtlebot/install/turtlebot3_gazebo/share/turtlebot3_gazebo//models/turtlebot3_common/meshes/waffle_base.dae
[1.467s] -- Up-to-date: /home/u22/turtlebot/install/turtlebot3_gazebo/share/turtlebot3_gazebo//models/turtlebot3_burger
[1.467s] -- Up-to-date: /home/u22/turtlebot/install/turtlebot3_gazebo/share/turtlebot3_gazebo//models/turtlebot3_burger/model.config
[1.467s] -- Up-to-date: /home/u22/turtlebot/install/turtlebot3_gazebo/share/turtlebot3_gazebo//models/turtlebot3_burger/model-1_4.sdf
[1.467s] -- Up-to-date: /home/u22/turtlebot/install/turtlebot3_gazebo/share/turtlebot3_gazebo//models/turtlebot3_burger/model.sdf
[1.467s] -- Up-to-date: /home/u22/turtlebot/install/turtlebot3_gazebo/share/turtlebot3_gazebo//models/turtlebot3_autorace_2020
[1.467s] -- Up-to-date: /home/u22/turtlebot/install/turtlebot3_gazebo/share/turtlebot3_gazebo//models/turtlebot3_autorace_2020/traffic_pl_left
[1.468s] -- Up-to-date: /home/u22/turtlebot/install/turtlebot3_gazebo/share/turtlebot3_gazebo//models/turtlebot3_autorace_2020/traffic_pl_left/model.config
[1.468s] -- Up-to-date: /home/u22/turtlebot/install/turtlebot3_gazebo/share/turtlebot3_gazebo//models/turtlebot3_autorace_2020/traffic_pl_left/materials
[1.468s] -- Up-to-date: /home/u22/turtlebot/install/turtlebot3_gazebo/share/turtlebot3_gazebo//models/turtlebot3_autorace_2020/traffic_pl_left/materials/scripts
[1.468s] -- Up-to-date: /home/u22/turtlebot/install/turtlebot3_gazebo/share/turtlebot3_gazebo//models/turtlebot3_autorace_2020/traffic_pl_left/materials/scripts/traffic_pl_left.material
[1.468s] -- Up-to-date: /home/u22/turtlebot/install/turtlebot3_gazebo/share/turtlebot3_gazebo//models/turtlebot3_autorace_2020/traffic_pl_left/materials/textures
[1.468s] -- Up-to-date: /home/u22/turtlebot/install/turtlebot3_gazebo/share/turtlebot3_gazebo//models/turtlebot3_autorace_2020/traffic_pl_left/materials/textures/traffic_pl_left.png
[1.468s] -- Up-to-date: /home/u22/turtlebot/install/turtlebot3_gazebo/share/turtlebot3_gazebo//models/turtlebot3_autorace_2020/traffic_pl_left/model.sdf
[1.468s] -- Up-to-date: /home/u22/turtlebot/install/turtlebot3_gazebo/share/turtlebot3_gazebo//models/turtlebot3_autorace_2020/traffic_tunnel
[1.468s] -- Up-to-date: /home/u22/turtlebot/install/turtlebot3_gazebo/share/turtlebot3_gazebo//models/turtlebot3_autorace_2020/traffic_tunnel/model.config
[1.468s] -- Up-to-date: /home/u22/turtlebot/install/turtlebot3_gazebo/share/turtlebot3_gazebo//models/turtlebot3_autorace_2020/traffic_tunnel/materials
[1.469s] -- Up-to-date: /home/u22/turtlebot/install/turtlebot3_gazebo/share/turtlebot3_gazebo//models/turtlebot3_autorace_2020/traffic_tunnel/materials/scripts
[1.469s] -- Up-to-date: /home/u22/turtlebot/install/turtlebot3_gazebo/share/turtlebot3_gazebo//models/turtlebot3_autorace_2020/traffic_tunnel/materials/scripts/tunnel.material
[1.469s] -- Up-to-date: /home/u22/turtlebot/install/turtlebot3_gazebo/share/turtlebot3_gazebo//models/turtlebot3_autorace_2020/traffic_tunnel/materials/textures
[1.469s] -- Up-to-date: /home/u22/turtlebot/install/turtlebot3_gazebo/share/turtlebot3_gazebo//models/turtlebot3_autorace_2020/traffic_tunnel/materials/textures/tunnel.png
[1.469s] -- Up-to-date: /home/u22/turtlebot/install/turtlebot3_gazebo/share/turtlebot3_gazebo//models/turtlebot3_autorace_2020/traffic_tunnel/model.sdf
[1.469s] -- Up-to-date: /home/u22/turtlebot/install/turtlebot3_gazebo/share/turtlebot3_gazebo//models/turtlebot3_autorace_2020/traffic_light
[1.469s] -- Up-to-date: /home/u22/turtlebot/install/turtlebot3_gazebo/share/turtlebot3_gazebo//models/turtlebot3_autorace_2020/traffic_light/model.config
[1.469s] -- Up-to-date: /home/u22/turtlebot/install/turtlebot3_gazebo/share/turtlebot3_gazebo//models/turtlebot3_autorace_2020/traffic_light/materials
[1.469s] -- Up-to-date: /home/u22/turtlebot/install/turtlebot3_gazebo/share/turtlebot3_gazebo//models/turtlebot3_autorace_2020/traffic_light/materials/scripts
[1.469s] -- Up-to-date: /home/u22/turtlebot/install/turtlebot3_gazebo/share/turtlebot3_gazebo//models/turtlebot3_autorace_2020/traffic_light/materials/scripts/traffic_light.material
[1.473s] -- Up-to-date: /home/u22/turtlebot/install/turtlebot3_gazebo/share/turtlebot3_gazebo//models/turtlebot3_autorace_2020/traffic_light/materials/textures
[1.473s] -- Up-to-date: /home/u22/turtlebot/install/turtlebot3_gazebo/share/turtlebot3_gazebo//models/turtlebot3_autorace_2020/traffic_light/materials/textures/traffic_light.png
[1.474s] -- Up-to-date: /home/u22/turtlebot/install/turtlebot3_gazebo/share/turtlebot3_gazebo//models/turtlebot3_autorace_2020/traffic_light/materials/textures/traffic_light_yellow.png
[1.474s] -- Up-to-date: /home/u22/turtlebot/install/turtlebot3_gazebo/share/turtlebot3_gazebo//models/turtlebot3_autorace_2020/traffic_light/materials/textures/traffic_light_red.png
[1.478s] -- Up-to-date: /home/u22/turtlebot/install/turtlebot3_gazebo/share/turtlebot3_gazebo//models/turtlebot3_autorace_2020/traffic_light/materials/textures/traffic_light_green.png
[1.478s] -- Up-to-date: /home/u22/turtlebot/install/turtlebot3_gazebo/share/turtlebot3_gazebo//models/turtlebot3_autorace_2020/traffic_light/model.sdf
[1.478s] -- Up-to-date: /home/u22/turtlebot/install/turtlebot3_gazebo/share/turtlebot3_gazebo//models/turtlebot3_autorace_2020/traffic_right
[1.478s] -- Up-to-date: /home/u22/turtlebot/install/turtlebot3_gazebo/share/turtlebot3_gazebo//models/turtlebot3_autorace_2020/traffic_right/model.config
[1.478s] -- Up-to-date: /home/u22/turtlebot/install/turtlebot3_gazebo/share/turtlebot3_gazebo//models/turtlebot3_autorace_2020/traffic_right/materials
[1.478s] -- Up-to-date: /home/u22/turtlebot/install/turtlebot3_gazebo/share/turtlebot3_gazebo//models/turtlebot3_autorace_2020/traffic_right/materials/scripts
[1.478s] -- Up-to-date: /home/u22/turtlebot/install/turtlebot3_gazebo/share/turtlebot3_gazebo//models/turtlebot3_autorace_2020/traffic_right/materials/scripts/traffic_right.material
[1.478s] -- Up-to-date: /home/u22/turtlebot/install/turtlebot3_gazebo/share/turtlebot3_gazebo//models/turtlebot3_autorace_2020/traffic_right/materials/textures
[1.478s] -- Up-to-date: /home/u22/turtlebot/install/turtlebot3_gazebo/share/turtlebot3_gazebo//models/turtlebot3_autorace_2020/traffic_right/materials/textures/traffic_right.png
[1.479s] -- Up-to-date: /home/u22/turtlebot/install/turtlebot3_gazebo/share/turtlebot3_gazebo//models/turtlebot3_autorace_2020/traffic_right/model.sdf
[1.479s] -- Up-to-date: /home/u22/turtlebot/install/turtlebot3_gazebo/share/turtlebot3_gazebo//models/turtlebot3_autorace_2020/traffic_stop
[1.479s] -- Up-to-date: /home/u22/turtlebot/install/turtlebot3_gazebo/share/turtlebot3_gazebo//models/turtlebot3_autorace_2020/traffic_stop/model.config
[1.482s] -- Up-to-date: /home/u22/turtlebot/install/turtlebot3_gazebo/share/turtlebot3_gazebo//models/turtlebot3_autorace_2020/traffic_stop/materials
[1.483s] -- Up-to-date: /home/u22/turtlebot/install/turtlebot3_gazebo/share/turtlebot3_gazebo//models/turtlebot3_autorace_2020/traffic_stop/materials/scripts
[1.483s] -- Up-to-date: /home/u22/turtlebot/install/turtlebot3_gazebo/share/turtlebot3_gazebo//models/turtlebot3_autorace_2020/traffic_stop/materials/scripts/traffic_stop.material
[1.483s] -- Up-to-date: /home/u22/turtlebot/install/turtlebot3_gazebo/share/turtlebot3_gazebo//models/turtlebot3_autorace_2020/traffic_stop/materials/textures
[1.483s] -- Up-to-date: /home/u22/turtlebot/install/turtlebot3_gazebo/share/turtlebot3_gazebo//models/turtlebot3_autorace_2020/traffic_stop/materials/textures/traffic_stop.png
[1.483s] -- Up-to-date: /home/u22/turtlebot/install/turtlebot3_gazebo/share/turtlebot3_gazebo//models/turtlebot3_autorace_2020/traffic_stop/model.sdf
[1.483s] -- Up-to-date: /home/u22/turtlebot/install/turtlebot3_gazebo/share/turtlebot3_gazebo//models/turtlebot3_autorace_2020/traffic_left
[1.483s] -- Up-to-date: /home/u22/turtlebot/install/turtlebot3_gazebo/share/turtlebot3_gazebo//models/turtlebot3_autorace_2020/traffic_left/model.config
[1.483s] -- Up-to-date: /home/u22/turtlebot/install/turtlebot3_gazebo/share/turtlebot3_gazebo//models/turtlebot3_autorace_2020/traffic_left/materials
[1.483s] -- Up-to-date: /home/u22/turtlebot/install/turtlebot3_gazebo/share/turtlebot3_gazebo//models/turtlebot3_autorace_2020/traffic_left/materials/scripts
[1.483s] -- Up-to-date: /home/u22/turtlebot/install/turtlebot3_gazebo/share/turtlebot3_gazebo//models/turtlebot3_autorace_2020/traffic_left/materials/scripts/traffic_is_left.material
[1.483s] -- Up-to-date: /home/u22/turtlebot/install/turtlebot3_gazebo/share/turtlebot3_gazebo//models/turtlebot3_autorace_2020/traffic_left/materials/textures
[1.484s] -- Up-to-date: /home/u22/turtlebot/install/turtlebot3_gazebo/share/turtlebot3_gazebo//models/turtlebot3_autorace_2020/traffic_left/materials/textures/traffic_left.png
[1.484s] -- Up-to-date: /home/u22/turtlebot/install/turtlebot3_gazebo/share/turtlebot3_gazebo//models/turtlebot3_autorace_2020/traffic_left/model.sdf
[1.484s] -- Up-to-date: /home/u22/turtlebot/install/turtlebot3_gazebo/share/turtlebot3_gazebo//models/turtlebot3_autorace_2020/checker
[1.484s] -- Up-to-date: /home/u22/turtlebot/install/turtlebot3_gazebo/share/turtlebot3_gazebo//models/turtlebot3_autorace_2020/checker/model.config
[1.484s] -- Up-to-date: /home/u22/turtlebot/install/turtlebot3_gazebo/share/turtlebot3_gazebo//models/turtlebot3_autorace_2020/checker/materials
[1.484s] -- Up-to-date: /home/u22/turtlebot/install/turtlebot3_gazebo/share/turtlebot3_gazebo//models/turtlebot3_autorace_2020/checker/materials/checker.png
[1.484s] -- Up-to-date: /home/u22/turtlebot/install/turtlebot3_gazebo/share/turtlebot3_gazebo//models/turtlebot3_autorace_2020/checker/materials/scripts
[1.484s] -- Up-to-date: /home/u22/turtlebot/install/turtlebot3_gazebo/share/turtlebot3_gazebo//models/turtlebot3_autorace_2020/checker/materials/scripts/checker.material
[1.485s] -- Up-to-date: /home/u22/turtlebot/install/turtlebot3_gazebo/share/turtlebot3_gazebo//models/turtlebot3_autorace_2020/checker/materials/textures
[1.485s] -- Up-to-date: /home/u22/turtlebot/install/turtlebot3_gazebo/share/turtlebot3_gazebo//models/turtlebot3_autorace_2020/checker/materials/textures/checker.png
[1.485s] -- Up-to-date: /home/u22/turtlebot/install/turtlebot3_gazebo/share/turtlebot3_gazebo//models/turtlebot3_autorace_2020/checker/model.sdf
[1.485s] -- Up-to-date: /home/u22/turtlebot/install/turtlebot3_gazebo/share/turtlebot3_gazebo//models/turtlebot3_autorace_2020/course
[1.485s] -- Up-to-date: /home/u22/turtlebot/install/turtlebot3_gazebo/share/turtlebot3_gazebo//models/turtlebot3_autorace_2020/course/model.config
[1.485s] -- Up-to-date: /home/u22/turtlebot/install/turtlebot3_gazebo/share/turtlebot3_gazebo//models/turtlebot3_autorace_2020/course/materials
[1.485s] -- Up-to-date: /home/u22/turtlebot/install/turtlebot3_gazebo/share/turtlebot3_gazebo//models/turtlebot3_autorace_2020/course/materials/scripts
[1.486s] -- Up-to-date: /home/u22/turtlebot/install/turtlebot3_gazebo/share/turtlebot3_gazebo//models/turtlebot3_autorace_2020/course/materials/scripts/course.material
[1.486s] -- Up-to-date: /home/u22/turtlebot/install/turtlebot3_gazebo/share/turtlebot3_gazebo//models/turtlebot3_autorace_2020/course/materials/textures
[1.486s] -- Up-to-date: /home/u22/turtlebot/install/turtlebot3_gazebo/share/turtlebot3_gazebo//models/turtlebot3_autorace_2020/course/materials/textures/course.png
[1.486s] -- Up-to-date: /home/u22/turtlebot/install/turtlebot3_gazebo/share/turtlebot3_gazebo//models/turtlebot3_autorace_2020/course/model.sdf
[1.486s] -- Up-to-date: /home/u22/turtlebot/install/turtlebot3_gazebo/share/turtlebot3_gazebo//models/turtlebot3_autorace_2020/traffic_construction
[1.486s] -- Up-to-date: /home/u22/turtlebot/install/turtlebot3_gazebo/share/turtlebot3_gazebo//models/turtlebot3_autorace_2020/traffic_construction/model.config
[1.486s] -- Up-to-date: /home/u22/turtlebot/install/turtlebot3_gazebo/share/turtlebot3_gazebo//models/turtlebot3_autorace_2020/traffic_construction/materials
[1.486s] -- Up-to-date: /home/u22/turtlebot/install/turtlebot3_gazebo/share/turtlebot3_gazebo//models/turtlebot3_autorace_2020/traffic_construction/materials/scripts
[1.486s] -- Up-to-date: /home/u22/turtlebot/install/turtlebot3_gazebo/share/turtlebot3_gazebo//models/turtlebot3_autorace_2020/traffic_construction/materials/scripts/traffic_construction.material
[1.486s] -- Up-to-date: /home/u22/turtlebot/install/turtlebot3_gazebo/share/turtlebot3_gazebo//models/turtlebot3_autorace_2020/traffic_construction/materials/textures
[1.486s] -- Up-to-date: /home/u22/turtlebot/install/turtlebot3_gazebo/share/turtlebot3_gazebo//models/turtlebot3_autorace_2020/traffic_construction/materials/textures/traffic_construction.png
[1.487s] -- Up-to-date: /home/u22/turtlebot/install/turtlebot3_gazebo/share/turtlebot3_gazebo//models/turtlebot3_autorace_2020/traffic_construction/model.sdf
[1.487s] -- Up-to-date: /home/u22/turtlebot/install/turtlebot3_gazebo/share/turtlebot3_gazebo//models/turtlebot3_autorace_2020/traffic_intersection
[1.487s] -- Up-to-date: /home/u22/turtlebot/install/turtlebot3_gazebo/share/turtlebot3_gazebo//models/turtlebot3_autorace_2020/traffic_intersection/model.config
[1.487s] -- Up-to-date: /home/u22/turtlebot/install/turtlebot3_gazebo/share/turtlebot3_gazebo//models/turtlebot3_autorace_2020/traffic_intersection/materials
[1.490s] -- Up-to-date: /home/u22/turtlebot/install/turtlebot3_gazebo/share/turtlebot3_gazebo//models/turtlebot3_autorace_2020/traffic_intersection/materials/scripts
[1.491s] -- Up-to-date: /home/u22/turtlebot/install/turtlebot3_gazebo/share/turtlebot3_gazebo//models/turtlebot3_autorace_2020/traffic_intersection/materials/scripts/traffic_intersection.material
[1.491s] -- Up-to-date: /home/u22/turtlebot/install/turtlebot3_gazebo/share/turtlebot3_gazebo//models/turtlebot3_autorace_2020/traffic_intersection/materials/textures
[1.494s] -- Up-to-date: /home/u22/turtlebot/install/turtlebot3_gazebo/share/turtlebot3_gazebo//models/turtlebot3_autorace_2020/traffic_intersection/materials/textures/traffic_intersection.png
[1.494s] -- Up-to-date: /home/u22/turtlebot/install/turtlebot3_gazebo/share/turtlebot3_gazebo//models/turtlebot3_autorace_2020/traffic_intersection/model.sdf
[1.494s] -- Up-to-date: /home/u22/turtlebot/install/turtlebot3_gazebo/share/turtlebot3_gazebo//models/turtlebot3_autorace_2020/traffic_parking
[1.494s] -- Up-to-date: /home/u22/turtlebot/install/turtlebot3_gazebo/share/turtlebot3_gazebo//models/turtlebot3_autorace_2020/traffic_parking/model.config
[1.494s] -- Up-to-date: /home/u22/turtlebot/install/turtlebot3_gazebo/share/turtlebot3_gazebo//models/turtlebot3_autorace_2020/traffic_parking/materials
[1.495s] -- Up-to-date: /home/u22/turtlebot/install/turtlebot3_gazebo/share/turtlebot3_gazebo//models/turtlebot3_autorace_2020/traffic_parking/materials/scripts
[1.495s] -- Up-to-date: /home/u22/turtlebot/install/turtlebot3_gazebo/share/turtlebot3_gazebo//models/turtlebot3_autorace_2020/traffic_parking/materials/scripts/traffic_parking.material
[1.495s] -- Up-to-date: /home/u22/turtlebot/install/turtlebot3_gazebo/share/turtlebot3_gazebo//models/turtlebot3_autorace_2020/traffic_parking/materials/textures
[1.495s] -- Up-to-date: /home/u22/turtlebot/install/turtlebot3_gazebo/share/turtlebot3_gazebo//models/turtlebot3_autorace_2020/traffic_parking/materials/textures/traffic_parking.png
[1.495s] -- Up-to-date: /home/u22/turtlebot/install/turtlebot3_gazebo/share/turtlebot3_gazebo//models/turtlebot3_autorace_2020/traffic_parking/model.sdf
[1.495s] -- Up-to-date: /home/u22/turtlebot/install/turtlebot3_gazebo/share/turtlebot3_gazebo//models/turtlebot3_autorace_2020/traffic_noentry
[1.495s] -- Up-to-date: /home/u22/turtlebot/install/turtlebot3_gazebo/share/turtlebot3_gazebo//models/turtlebot3_autorace_2020/traffic_noentry/model.config
[1.495s] -- Up-to-date: /home/u22/turtlebot/install/turtlebot3_gazebo/share/turtlebot3_gazebo//models/turtlebot3_autorace_2020/traffic_noentry/materials
[1.496s] -- Up-to-date: /home/u22/turtlebot/install/turtlebot3_gazebo/share/turtlebot3_gazebo//models/turtlebot3_autorace_2020/traffic_noentry/materials/scripts
[1.496s] -- Up-to-date: /home/u22/turtlebot/install/turtlebot3_gazebo/share/turtlebot3_gazebo//models/turtlebot3_autorace_2020/traffic_noentry/materials/scripts/traffic_noentry.material
[1.496s] -- Up-to-date: /home/u22/turtlebot/install/turtlebot3_gazebo/share/turtlebot3_gazebo//models/turtlebot3_autorace_2020/traffic_noentry/materials/textures
[1.496s] -- Up-to-date: /home/u22/turtlebot/install/turtlebot3_gazebo/share/turtlebot3_gazebo//models/turtlebot3_autorace_2020/traffic_noentry/materials/textures/traffic_noentry.png
[1.496s] -- Up-to-date: /home/u22/turtlebot/install/turtlebot3_gazebo/share/turtlebot3_gazebo//models/turtlebot3_autorace_2020/traffic_noentry/model.sdf
[1.496s] -- Up-to-date: /home/u22/turtlebot/install/turtlebot3_gazebo/share/turtlebot3_gazebo//models/turtlebot3_autorace_2020/traffic_bar
[1.501s] -- Up-to-date: /home/u22/turtlebot/install/turtlebot3_gazebo/share/turtlebot3_gazebo//models/turtlebot3_autorace_2020/traffic_bar/model.config
[1.501s] -- Up-to-date: /home/u22/turtlebot/install/turtlebot3_gazebo/share/turtlebot3_gazebo//models/turtlebot3_autorace_2020/traffic_bar/materials
[1.502s] -- Up-to-date: /home/u22/turtlebot/install/turtlebot3_gazebo/share/turtlebot3_gazebo//models/turtlebot3_autorace_2020/traffic_bar/materials/scripts
[1.502s] -- Up-to-date: /home/u22/turtlebot/install/turtlebot3_gazebo/share/turtlebot3_gazebo//models/turtlebot3_autorace_2020/traffic_bar/materials/scripts/traffic_bar.material
[1.502s] -- Up-to-date: /home/u22/turtlebot/install/turtlebot3_gazebo/share/turtlebot3_gazebo//models/turtlebot3_autorace_2020/traffic_bar/materials/textures
[1.502s] -- Up-to-date: /home/u22/turtlebot/install/turtlebot3_gazebo/share/turtlebot3_gazebo//models/turtlebot3_autorace_2020/traffic_bar/materials/textures/traffic_bar.png
[1.502s] -- Up-to-date: /home/u22/turtlebot/install/turtlebot3_gazebo/share/turtlebot3_gazebo//models/turtlebot3_autorace_2020/traffic_bar/model.sdf
[1.502s] -- Up-to-date: /home/u22/turtlebot/install/turtlebot3_gazebo/share/turtlebot3_gazebo//models/turtlebot3_burger_cam
[1.503s] -- Up-to-date: /home/u22/turtlebot/install/turtlebot3_gazebo/share/turtlebot3_gazebo//models/turtlebot3_burger_cam/model.config
[1.503s] -- Up-to-date: /home/u22/turtlebot/install/turtlebot3_gazebo/share/turtlebot3_gazebo//models/turtlebot3_burger_cam/model-1_4.sdf
[1.503s] -- Up-to-date: /home/u22/turtlebot/install/turtlebot3_gazebo/share/turtlebot3_gazebo//models/turtlebot3_burger_cam/model.sdf
[1.503s] -- Up-to-date: /home/u22/turtlebot/install/turtlebot3_gazebo/share/turtlebot3_gazebo//models/turtlebot3_house
[1.503s] -- Up-to-date: /home/u22/turtlebot/install/turtlebot3_gazebo/share/turtlebot3_gazebo//models/turtlebot3_house/model.config
[1.503s] -- Up-to-date: /home/u22/turtlebot/install/turtlebot3_gazebo/share/turtlebot3_gazebo//models/turtlebot3_house/model.sdf
[1.503s] -- Up-to-date: /home/u22/turtlebot/install/turtlebot3_gazebo/share/turtlebot3_gazebo//models/turtlebot3_dqn_world
[1.504s] -- Up-to-date: /home/u22/turtlebot/install/turtlebot3_gazebo/share/turtlebot3_gazebo//models/turtlebot3_dqn_world/goal_box
[1.504s] -- Up-to-date: /home/u22/turtlebot/install/turtlebot3_gazebo/share/turtlebot3_gazebo//models/turtlebot3_dqn_world/goal_box/model.config
[1.504s] -- Up-to-date: /home/u22/turtlebot/install/turtlebot3_gazebo/share/turtlebot3_gazebo//models/turtlebot3_dqn_world/goal_box/model.sdf
[1.504s] -- Up-to-date: /home/u22/turtlebot/install/turtlebot3_gazebo/share/turtlebot3_gazebo//models/turtlebot3_dqn_world/model.config
[1.504s] -- Up-to-date: /home/u22/turtlebot/install/turtlebot3_gazebo/share/turtlebot3_gazebo//models/turtlebot3_dqn_world/obstacles
[1.504s] -- Up-to-date: /home/u22/turtlebot/install/turtlebot3_gazebo/share/turtlebot3_gazebo//models/turtlebot3_dqn_world/obstacles/model.config
[1.508s] -- Up-to-date: /home/u22/turtlebot/install/turtlebot3_gazebo/share/turtlebot3_gazebo//models/turtlebot3_dqn_world/obstacles/model.sdf
[1.512s] -- Up-to-date: /home/u22/turtlebot/install/turtlebot3_gazebo/share/turtlebot3_gazebo//models/turtlebot3_dqn_world/obstacle2
[1.512s] -- Up-to-date: /home/u22/turtlebot/install/turtlebot3_gazebo/share/turtlebot3_gazebo//models/turtlebot3_dqn_world/obstacle2/model.config
[1.513s] -- Up-to-date: /home/u22/turtlebot/install/turtlebot3_gazebo/share/turtlebot3_gazebo//models/turtlebot3_dqn_world/obstacle2/model.sdf
[1.513s] -- Up-to-date: /home/u22/turtlebot/install/turtlebot3_gazebo/share/turtlebot3_gazebo//models/turtlebot3_dqn_world/model.sdf
[1.513s] -- Up-to-date: /home/u22/turtlebot/install/turtlebot3_gazebo/share/turtlebot3_gazebo//models/turtlebot3_dqn_world/obstacle1
[1.513s] -- Up-to-date: /home/u22/turtlebot/install/turtlebot3_gazebo/share/turtlebot3_gazebo//models/turtlebot3_dqn_world/obstacle1/model.config
[1.514s] -- Up-to-date: /home/u22/turtlebot/install/turtlebot3_gazebo/share/turtlebot3_gazebo//models/turtlebot3_dqn_world/obstacle1/model.sdf
[1.514s] -- Up-to-date: /home/u22/turtlebot/install/turtlebot3_gazebo/share/turtlebot3_gazebo//models/turtlebot3_dqn_world/inner_walls
[1.514s] -- Up-to-date: /home/u22/turtlebot/install/turtlebot3_gazebo/share/turtlebot3_gazebo//models/turtlebot3_dqn_world/inner_walls/model.config
[1.514s] -- Up-to-date: /home/u22/turtlebot/install/turtlebot3_gazebo/share/turtlebot3_gazebo//models/turtlebot3_dqn_world/inner_walls/model.sdf
[1.518s] -- Up-to-date: /home/u22/turtlebot/install/turtlebot3_gazebo/share/turtlebot3_gazebo//models/turtlebot3_waffle
[1.518s] -- Up-to-date: /home/u22/turtlebot/install/turtlebot3_gazebo/share/turtlebot3_gazebo//models/turtlebot3_waffle/model.config
[1.518s] -- Up-to-date: /home/u22/turtlebot/install/turtlebot3_gazebo/share/turtlebot3_gazebo//models/turtlebot3_waffle/model-1_4.sdf
[1.519s] -- Up-to-date: /home/u22/turtlebot/install/turtlebot3_gazebo/share/turtlebot3_gazebo//models/turtlebot3_waffle/model.sdf
[1.519s] -- Up-to-date: /home/u22/turtlebot/install/turtlebot3_gazebo/share/turtlebot3_gazebo//models/turtlebot3_world
[1.519s] -- Up-to-date: /home/u22/turtlebot/install/turtlebot3_gazebo/share/turtlebot3_gazebo//models/turtlebot3_world/model.config
[1.519s] -- Up-to-date: /home/u22/turtlebot/install/turtlebot3_gazebo/share/turtlebot3_gazebo//models/turtlebot3_world/model-1_4.sdf
[1.519s] -- Up-to-date: /home/u22/turtlebot/install/turtlebot3_gazebo/share/turtlebot3_gazebo//models/turtlebot3_world/meshes
[1.520s] -- Up-to-date: /home/u22/turtlebot/install/turtlebot3_gazebo/share/turtlebot3_gazebo//models/turtlebot3_world/meshes/hexagon.dae
[1.523s] -- Up-to-date: /home/u22/turtlebot/install/turtlebot3_gazebo/share/turtlebot3_gazebo//models/turtlebot3_world/meshes/wall.dae
[1.523s] -- Up-to-date: /home/u22/turtlebot/install/turtlebot3_gazebo/share/turtlebot3_gazebo//models/turtlebot3_world/model.sdf
[1.524s] -- Up-to-date: /home/u22/turtlebot/install/turtlebot3_gazebo/share/turtlebot3_gazebo//rviz
[1.524s] -- Up-to-date: /home/u22/turtlebot/install/turtlebot3_gazebo/share/turtlebot3_gazebo//rviz/tb3_gazebo.rviz
[1.524s] -- Up-to-date: /home/u22/turtlebot/install/turtlebot3_gazebo/share/turtlebot3_gazebo//urdf
[1.525s] -- Up-to-date: /home/u22/turtlebot/install/turtlebot3_gazebo/share/turtlebot3_gazebo//urdf/turtlebot3_waffle_pi.urdf
[1.525s] -- Up-to-date: /home/u22/turtlebot/install/turtlebot3_gazebo/share/turtlebot3_gazebo//urdf/turtlebot3_waffle.urdf
[1.526s] -- Up-to-date: /home/u22/turtlebot/install/turtlebot3_gazebo/share/turtlebot3_gazebo//urdf/common_properties.urdf
[1.530s] -- Up-to-date: /home/u22/turtlebot/install/turtlebot3_gazebo/share/turtlebot3_gazebo//urdf/turtlebot3_burger_cam.urdf
[1.530s] -- Up-to-date: /home/u22/turtlebot/install/turtlebot3_gazebo/share/turtlebot3_gazebo//urdf/turtlebot3_burger.urdf
[1.531s] -- Up-to-date: /home/u22/turtlebot/install/turtlebot3_gazebo/share/turtlebot3_gazebo//worlds
[1.531s] -- Up-to-date: /home/u22/turtlebot/install/turtlebot3_gazebo/share/turtlebot3_gazebo//worlds/tennis_court.world
[1.531s] -- Up-to-date: /home/u22/turtlebot/install/turtlebot3_gazebo/share/turtlebot3_gazebo//worlds/empty_world.world
[1.531s] -- Up-to-date: /home/u22/turtlebot/install/turtlebot3_gazebo/include/
[1.532s] -- Up-to-date: /home/u22/turtlebot/install/turtlebot3_gazebo/include//turtlebot3_gazebo
[1.532s] -- Up-to-date: /home/u22/turtlebot/install/turtlebot3_gazebo/include//turtlebot3_gazebo/traffic_bar_plugin.hpp
[1.532s] -- Up-to-date: /home/u22/turtlebot/install/turtlebot3_gazebo/include//turtlebot3_gazebo/traffic_light_plugin.hpp
[1.532s] -- Up-to-date: /home/u22/turtlebot/install/turtlebot3_gazebo/include//turtlebot3_gazebo/obstacles.hpp
[1.532s] -- Up-to-date: /home/u22/turtlebot/install/turtlebot3_gazebo/include//turtlebot3_gazebo/obstacle1.hpp
[1.532s] -- Up-to-date: /home/u22/turtlebot/install/turtlebot3_gazebo/include//turtlebot3_gazebo/turtlebot3_drive.hpp
[1.535s] -- Up-to-date: /home/u22/turtlebot/install/turtlebot3_gazebo/include//turtlebot3_gazebo/obstacle2.hpp
[1.535s] -- Up-to-date: /home/u22/turtlebot/install/turtlebot3_gazebo/share/ament_index/resource_index/package_run_dependencies/turtlebot3_gazebo
[1.536s] -- Up-to-date: /home/u22/turtlebot/install/turtlebot3_gazebo/share/ament_index/resource_index/parent_prefix_path/turtlebot3_gazebo
[1.536s] -- Up-to-date: /home/u22/turtlebot/install/turtlebot3_gazebo/share/turtlebot3_gazebo/environment/ament_prefix_path.sh
[1.543s] -- Up-to-date: /home/u22/turtlebot/install/turtlebot3_gazebo/share/turtlebot3_gazebo/environment/ament_prefix_path.dsv
[1.543s] -- Up-to-date: /home/u22/turtlebot/install/turtlebot3_gazebo/share/turtlebot3_gazebo/environment/path.sh
[1.543s] -- Up-to-date: /home/u22/turtlebot/install/turtlebot3_gazebo/share/turtlebot3_gazebo/environment/path.dsv
[1.544s] -- Up-to-date: /home/u22/turtlebot/install/turtlebot3_gazebo/share/turtlebot3_gazebo/local_setup.bash
[1.544s] -- Up-to-date: /home/u22/turtlebot/install/turtlebot3_gazebo/share/turtlebot3_gazebo/local_setup.sh
[1.544s] -- Up-to-date: /home/u22/turtlebot/install/turtlebot3_gazebo/share/turtlebot3_gazebo/local_setup.zsh
[1.544s] -- Up-to-date: /home/u22/turtlebot/install/turtlebot3_gazebo/share/turtlebot3_gazebo/local_setup.dsv
[1.544s] -- Installing: /home/u22/turtlebot/install/turtlebot3_gazebo/share/turtlebot3_gazebo/package.dsv
[1.545s] -- Up-to-date: /home/u22/turtlebot/install/turtlebot3_gazebo/share/ament_index/resource_index/packages/turtlebot3_gazebo
[1.547s] -- Up-to-date: /home/u22/turtlebot/install/turtlebot3_gazebo/share/turtlebot3_gazebo/cmake/ament_cmake_export_include_directories-extras.cmake
[1.547s] -- Up-to-date: /home/u22/turtlebot/install/turtlebot3_gazebo/share/turtlebot3_gazebo/cmake/ament_cmake_export_dependencies-extras.cmake
[1.548s] -- Up-to-date: /home/u22/turtlebot/install/turtlebot3_gazebo/share/turtlebot3_gazebo/cmake/turtlebot3_gazeboConfig.cmake
[1.557s] -- Up-to-date: /home/u22/turtlebot/install/turtlebot3_gazebo/share/turtlebot3_gazebo/cmake/turtlebot3_gazeboConfig-version.cmake
[1.561s] -- Up-to-date: /home/u22/turtlebot/install/turtlebot3_gazebo/share/turtlebot3_gazebo/package.xml
[1.577s] Invoked command in '/home/u22/turtlebot/build/turtlebot3_gazebo' returned '0': CMAKE_PREFIX_PATH=${CMAKE_PREFIX_PATH}:/home/u22/turtlebot/install/turtlebot3_vision:/home/u22/turtlebot/install/turtlebot3_teleop:/home/u22/turtlebot/install/turtlebot3_example:/opt/ros/humble /usr/bin/cmake --install /home/u22/turtlebot/build/turtlebot3_gazebo
