[0.053s] Invoking command in '/home/u22/turtlebot/build/turtlebot3_ball_collection': CMAKE_PREFIX_PATH=${CMAKE_PREFIX_PATH}:/home/u22/turtlebot/install/turtlebot3_teleop:/home/u22/turtlebot/install/turtlebot3_example:/opt/ros/humble /usr/bin/cmake /home/u22/turtlebot/turtlebot3/turtlebot3_ball_collection -DCMAKE_INSTALL_PREFIX=/home/u22/turtlebot/install/turtlebot3_ball_collection
[0.432s] -- The C compiler identification is GNU 11.4.0
[1.022s] -- The CXX compiler identification is GNU 11.4.0
[1.094s] -- Detecting C compiler ABI info
[1.717s] -- Detecting C compiler ABI info - done
[1.790s] -- Check for working C compiler: /usr/bin/cc - skipped
[1.792s] -- Detecting C compile features
[1.794s] -- Detecting C compile features - done
[1.825s] -- Detecting CXX compiler ABI info
[2.644s] -- Detecting CXX compiler ABI info - done
[2.749s] -- Check for working CXX compiler: /usr/bin/c++ - skipped
[2.763s] -- Detecting CXX compile features
[2.765s] -- Detecting CXX compile features - done
[2.779s] -- Found ament_cmake: 1.3.13 (/opt/ros/humble/share/ament_cmake/cmake)
[3.982s] -- Found Python3: /usr/bin/python3 (found version "3.10.12") found components: Interpreter 
[4.685s] -- Found rclcpp: 16.0.18 (/opt/ros/humble/share/rclcpp/cmake)
[5.095s] -- Found rosidl_generator_c: 3.1.8 (/opt/ros/humble/share/rosidl_generator_c/cmake)
[5.133s] -- Found rosidl_adapter: 3.1.8 (/opt/ros/humble/share/rosidl_adapter/cmake)
[5.203s] -- Found rosidl_generator_cpp: 3.1.8 (/opt/ros/humble/share/rosidl_generator_cpp/cmake)
[5.297s] -- Using all available rosidl_typesupport_c: rosidl_typesupport_fastrtps_c;rosidl_typesupport_introspection_c
[5.390s] -- Using all available rosidl_typesupport_cpp: rosidl_typesupport_fastrtps_cpp;rosidl_typesupport_introspection_cpp
[5.746s] -- Found rmw_implementation_cmake: 6.1.2 (/opt/ros/humble/share/rmw_implementation_cmake/cmake)
[5.772s] -- Found rmw_fastrtps_cpp: 6.2.10 (/opt/ros/humble/share/rmw_fastrtps_cpp/cmake)
[6.346s] -- Found OpenSSL: /usr/lib/x86_64-linux-gnu/libcrypto.so (found version "3.0.2")  
[6.524s] -- Found FastRTPS: /opt/ros/humble/include  
[6.764s] -- Using RMW implementation 'rmw_fastrtps_cpp' as default
[6.787s] -- Looking for pthread.h
[7.036s] -- Looking for pthread.h - found
[7.038s] -- Performing Test CMAKE_HAVE_LIBC_PTHREAD
[7.600s] -- Performing Test CMAKE_HAVE_LIBC_PTHREAD - Success
[7.606s] -- Found Threads: TRUE  
[7.989s] -- Found geometry_msgs: 4.9.1 (/opt/ros/humble/share/geometry_msgs/cmake)
[8.057s] -- Found sensor_msgs: 4.9.1 (/opt/ros/humble/share/sensor_msgs/cmake)
[8.147s] -- Found nav_msgs: 4.9.1 (/opt/ros/humble/share/nav_msgs/cmake)
[8.255s] -- Found visualization_msgs: 4.9.1 (/opt/ros/humble/share/visualization_msgs/cmake)
[8.433s] -- Found tf2: 0.25.19 (/opt/ros/humble/share/tf2/cmake)
[8.509s] -- Found tf2_ros: 0.25.19 (/opt/ros/humble/share/tf2_ros/cmake)
[9.197s] -- Found nav2_msgs: 1.1.20 (/opt/ros/humble/share/nav2_msgs/cmake)
[9.487s] -- Checking for module 'eigen3'
[9.597s] --   Found eigen3, version 3.4.0
[9.764s] -- Found Eigen: /usr/include/eigen3 (Required is at least version "3.1") 
[9.764s] -- Eigen found (include: /usr/include/eigen3, version: 3.4.0)
[9.891s] -- Found Boost: /usr/lib/x86_64-linux-gnu/cmake/Boost-1.74.0/BoostConfig.cmake (found suitable version "1.74.0", minimum required is "1.65.0") found components: system filesystem date_time iostreams serialization 
[9.996s] -- Checking for module 'flann'
[10.103s] --   Found flann, version 1.9.1
[10.442s] -- Found FLANN: /usr/lib/x86_64-linux-gnu/libflann_cpp.so  
[10.443s] -- FLANN found (include: /usr/include, lib: /usr/lib/x86_64-linux-gnu/libflann_cpp.so)
[10.794s] -- Found GLEW: /usr/lib/x86_64-linux-gnu/libGLEW.so  
[10.844s] -- Found OpenGL: /usr/lib/x86_64-linux-gnu/libOpenGL.so  found components: OpenGL GLX 
[11.978s] -- Found MPI_C: /usr/lib/x86_64-linux-gnu/libmpi.so (found version "3.1") 
[11.978s] -- Found MPI: TRUE (found version "3.1") found components: C 
[11.993s] -- Found JsonCpp: /usr/lib/x86_64-linux-gnu/libjsoncpp.so (found suitable version "1.9.5", minimum required is "0.7.0") 
[12.053s] -- Found ZLIB: /usr/lib/x86_64-linux-gnu/libz.so (found version "1.2.11") 
[12.183s] -- Found PNG: /usr/lib/x86_64-linux-gnu/libpng.so (found version "1.6.37") 
[12.273s] -- Found Eigen3: /usr/include/eigen3 (found version "3.4.0") 
[12.632s] -- Found X11: /usr/include   
[12.640s] -- Looking for XOpenDisplay in /usr/lib/x86_64-linux-gnu/libX11.so;/usr/lib/x86_64-linux-gnu/libXext.so
[13.032s] -- Looking for XOpenDisplay in /usr/lib/x86_64-linux-gnu/libX11.so;/usr/lib/x86_64-linux-gnu/libXext.so - found
[13.033s] -- Looking for gethostbyname
[13.397s] -- Looking for gethostbyname - found
[13.399s] -- Looking for connect
[13.791s] -- Looking for connect - found
[13.791s] -- Looking for remove
[14.234s] -- Looking for remove - found
[14.236s] -- Looking for shmat
[14.659s] -- Looking for shmat - found
[14.660s] -- Looking for IceConnectionNumber in ICE
[15.005s] -- Looking for IceConnectionNumber in ICE - found
[15.268s] -- Found EXPAT: /usr/lib/x86_64-linux-gnu/libexpat.so (found version "2.4.7") 
[15.278s] -- Found double-conversion: /usr/lib/x86_64-linux-gnu/libdouble-conversion.so  
[15.289s] -- Found LZ4: /usr/lib/x86_64-linux-gnu/liblz4.so (found version "1.9.3") 
[15.307s] -- Found LZMA: /usr/lib/x86_64-linux-gnu/liblzma.so (found version "5.2.5") 
[15.424s] -- Found JPEG: /usr/lib/x86_64-linux-gnu/libjpeg.so (found version "80") 
[15.443s] -- Found TIFF: /usr/lib/x86_64-linux-gnu/libtiff.so (found version "4.3.0")  
[15.452s] -- Found Freetype: /usr/lib/x86_64-linux-gnu/libfreetype.so (found version "2.11.1") 
[15.466s] -- Found utf8cpp: /usr/include/utf8cpp  
[16.020s] -- Checking for module 'libusb-1.0'
[16.121s] --   Found libusb-1.0, version 1.0.25
[16.355s] -- Found libusb: /usr/lib/x86_64-linux-gnu/libusb-1.0.so  
[16.367s] -- Found OpenNI: /usr/lib/libOpenNI.so;libusb::libusb (found version "1.5.4.0") 
[16.367s] -- OpenNI found (version: 1.5.4.0, include: /usr/include/ni, lib: /usr/lib/libOpenNI.so;libusb::libusb)
[16.696s] -- Found OpenNI2: /usr/lib/x86_64-linux-gnu/libOpenNI2.so;libusb::libusb (found version "2.2.0.33") 
[16.696s] -- OpenNI2 found (version: 2.2.0.33, include: /usr/include/openni2, lib: /usr/lib/x86_64-linux-gnu/libOpenNI2.so;libusb::libusb)
[16.698s] [0m** WARNING ** io features related to pcap will be disabled[0m
[17.741s] -- Eigen found (include: /usr/include/eigen3, version: 3.4.0)
[17.779s] -- OpenNI found (version: 1.5.4.0, include: /usr/include/ni, lib: /usr/lib/libOpenNI.so;libusb::libusb)
[17.815s] -- OpenNI2 found (version: 2.2.0.33, include: /usr/include/openni2, lib: /usr/lib/x86_64-linux-gnu/libOpenNI2.so;libusb::libusb)
[18.769s] -- Found Qhull version 8.0.2
[19.705s] -- OpenNI found (version: 1.5.4.0, include: /usr/include/ni, lib: /usr/lib/libOpenNI.so;libusb::libusb)
[20.519s] -- looking for PCL_COMMON
[20.533s] -- Found PCL_COMMON: /usr/lib/x86_64-linux-gnu/libpcl_common.so  
[20.537s] -- looking for PCL_KDTREE
[20.553s] -- Found PCL_KDTREE: /usr/lib/x86_64-linux-gnu/libpcl_kdtree.so  
[20.553s] -- looking for PCL_OCTREE
[20.563s] -- Found PCL_OCTREE: /usr/lib/x86_64-linux-gnu/libpcl_octree.so  
[20.564s] -- looking for PCL_SEARCH
[20.568s] -- Found PCL_SEARCH: /usr/lib/x86_64-linux-gnu/libpcl_search.so  
[20.570s] -- looking for PCL_SAMPLE_CONSENSUS
[20.576s] -- Found PCL_SAMPLE_CONSENSUS: /usr/lib/x86_64-linux-gnu/libpcl_sample_consensus.so  
[20.577s] -- looking for PCL_FILTERS
[20.588s] -- Found PCL_FILTERS: /usr/lib/x86_64-linux-gnu/libpcl_filters.so  
[20.592s] -- looking for PCL_2D
[20.592s] -- Found PCL_2D: /usr/include/pcl-1.12  
[20.592s] -- looking for PCL_GEOMETRY
[20.592s] -- Found PCL_GEOMETRY: /usr/include/pcl-1.12  
[20.592s] -- looking for PCL_IO
[20.603s] -- Found PCL_IO: /usr/lib/x86_64-linux-gnu/libpcl_io.so  
[20.604s] -- looking for PCL_FEATURES
[20.613s] -- Found PCL_FEATURES: /usr/lib/x86_64-linux-gnu/libpcl_features.so  
[20.613s] -- looking for PCL_ML
[20.620s] -- Found PCL_ML: /usr/lib/x86_64-linux-gnu/libpcl_ml.so  
[20.621s] -- looking for PCL_SEGMENTATION
[20.633s] -- Found PCL_SEGMENTATION: /usr/lib/x86_64-linux-gnu/libpcl_segmentation.so  
[20.633s] -- looking for PCL_VISUALIZATION
[20.638s] -- Found PCL_VISUALIZATION: /usr/lib/x86_64-linux-gnu/libpcl_visualization.so  
[20.643s] -- looking for PCL_SURFACE
[20.657s] -- Found PCL_SURFACE: /usr/lib/x86_64-linux-gnu/libpcl_surface.so  
[20.658s] -- looking for PCL_REGISTRATION
[20.663s] -- Found PCL_REGISTRATION: /usr/lib/x86_64-linux-gnu/libpcl_registration.so  
[20.663s] -- looking for PCL_KEYPOINTS
[20.665s] -- Found PCL_KEYPOINTS: /usr/lib/x86_64-linux-gnu/libpcl_keypoints.so  
[20.666s] -- looking for PCL_TRACKING
[20.668s] -- Found PCL_TRACKING: /usr/lib/x86_64-linux-gnu/libpcl_tracking.so  
[20.669s] -- looking for PCL_RECOGNITION
[20.670s] -- Found PCL_RECOGNITION: /usr/lib/x86_64-linux-gnu/libpcl_recognition.so  
[20.671s] -- looking for PCL_STEREO
[20.673s] -- Found PCL_STEREO: /usr/lib/x86_64-linux-gnu/libpcl_stereo.so  
[20.674s] -- looking for PCL_APPS
[20.675s] -- Found PCL_APPS: /usr/lib/x86_64-linux-gnu/libpcl_apps.so  
[20.677s] -- looking for PCL_IN_HAND_SCANNER
[20.678s] -- Found PCL_IN_HAND_SCANNER: /usr/include/pcl-1.12  
[20.679s] -- looking for PCL_MODELER
[20.679s] -- Found PCL_MODELER: /usr/include/pcl-1.12  
[20.680s] -- looking for PCL_POINT_CLOUD_EDITOR
[20.680s] -- Found PCL_POINT_CLOUD_EDITOR: /usr/include/pcl-1.12  
[20.682s] -- looking for PCL_OUTOFCORE
[20.683s] -- Found PCL_OUTOFCORE: /usr/lib/x86_64-linux-gnu/libpcl_outofcore.so  
[20.684s] -- looking for PCL_PEOPLE
[20.687s] -- Found PCL_PEOPLE: /usr/lib/x86_64-linux-gnu/libpcl_people.so  
[20.687s] -- Found PCL: pcl_common;pcl_kdtree;pcl_octree;pcl_search;pcl_sample_consensus;pcl_filters;pcl_io;pcl_features;pcl_ml;pcl_segmentation;pcl_visualization;pcl_surface;pcl_registration;pcl_keypoints;pcl_tracking;pcl_recognition;pcl_stereo;pcl_apps;pcl_outofcore;pcl_people;Boost::system;Boost::filesystem;Boost::date_time;Boost::iostreams;Boost::serialization;/usr/lib/libOpenNI.so;libusb::libusb;/usr/lib/x86_64-linux-gnu/libOpenNI2.so;libusb::libusb;VTK::ChartsCore;VTK::CommonColor;VTK::CommonComputationalGeometry;VTK::CommonCore;VTK::CommonDataModel;VTK::CommonExecutionModel;VTK::CommonMath;VTK::CommonMisc;VTK::CommonTransforms;VTK::FiltersCore;VTK::FiltersExtraction;VTK::FiltersGeneral;VTK::FiltersGeometry;VTK::FiltersModeling;VTK::FiltersSources;VTK::ImagingCore;VTK::ImagingSources;VTK::InteractionImage;VTK::InteractionStyle;VTK::InteractionWidgets;VTK::IOCore;VTK::IOGeometry;VTK::IOImage;VTK::IOLegacy;VTK::IOPLY;VTK::RenderingAnnotation;VTK::RenderingCore;VTK::RenderingContext2D;VTK::RenderingLOD;VTK::RenderingFreeType;VTK::ViewsCore;VTK::ViewsContext2D;VTK::RenderingOpenGL2;VTK::GUISupportQt;FLANN::FLANN;QHULL::QHULL  
[20.694s] -- Found pcl_conversions: 2.4.5 (/opt/ros/humble/share/pcl_conversions/cmake)
[21.093s] -- Configuring done
[21.439s] -- Generating done
[21.566s] -- Build files have been written to: /home/u22/turtlebot/build/turtlebot3_ball_collection
[21.642s] Invoked command in '/home/u22/turtlebot/build/turtlebot3_ball_collection' returned '0': CMAKE_PREFIX_PATH=${CMAKE_PREFIX_PATH}:/home/u22/turtlebot/install/turtlebot3_teleop:/home/u22/turtlebot/install/turtlebot3_example:/opt/ros/humble /usr/bin/cmake /home/u22/turtlebot/turtlebot3/turtlebot3_ball_collection -DCMAKE_INSTALL_PREFIX=/home/u22/turtlebot/install/turtlebot3_ball_collection
[21.651s] Invoking command in '/home/u22/turtlebot/build/turtlebot3_ball_collection': CMAKE_PREFIX_PATH=${CMAKE_PREFIX_PATH}:/home/u22/turtlebot/install/turtlebot3_teleop:/home/u22/turtlebot/install/turtlebot3_example:/opt/ros/humble /usr/bin/cmake --build /home/u22/turtlebot/build/turtlebot3_ball_collection -- -j4 -l4
[21.934s] [ 12%] [32mBuilding CXX object CMakeFiles/ball_detector_node.dir/src/ball_detector_node.cpp.o[0m
[79.286s] [ 25%] [32m[1mLinking CXX executable ball_detector_node[0m
[81.534s] [ 25%] Built target ball_detector_node
[81.586s] [ 37%] [32mBuilding CXX object CMakeFiles/path_planner_node.dir/src/path_planner_node.cpp.o[0m
[87.539s] [01m[K/home/u22/turtlebot/turtlebot3/turtlebot3_ball_collection/src/path_planner_node.cpp:[m[K In lambda function:
[87.539s] [01m[K/home/u22/turtlebot/turtlebot3/turtlebot3_ball_collection/src/path_planner_node.cpp:59:98:[m[K [01;35m[Kwarning: [m[Kunused parameter ‘[01m[Khandle[m[K’ [[01;35m[K]8;;https://gcc.gnu.org/onlinedocs/gcc/Warning-Options.html#index-Wunused-parameter-Wunused-parameter]8;;[m[K]
[87.539s]    59 |     []([01;35m[Kconst std::shared_ptr<rclcpp_action::ClientGoalHandle<nav2_msgs::action::NavigateToPose>> handle[m[K,
[87.539s]       |        [01;35m[K~~~~~~~~~~~~~~~~~~~~~~~~~~~~~~~~~~~~~~~~~~~~~~~~~~~~~~~~~~~~~~~~~~~~~~~~~~~~~~~~~~~~~~~~~~^~~~~~[m[K
[87.539s] [01m[K/home/u22/turtlebot/turtlebot3/turtlebot3_ball_collection/src/path_planner_node.cpp:60:81:[m[K [01;35m[Kwarning: [m[Kunused parameter ‘[01m[Kfeedback[m[K’ [[01;35m[K]8;;https://gcc.gnu.org/onlinedocs/gcc/Warning-Options.html#index-Wunused-parameter-Wunused-parameter]8;;[m[K]
[87.539s]    60 |        [01;35m[Kconst std::shared_ptr<const nav2_msgs::action::NavigateToPose::Feedback> feedback[m[K) {
[87.539s]       |        [01;35m[K~~~~~~~~~~~~~~~~~~~~~~~~~~~~~~~~~~~~~~~~~~~~~~~~~~~~~~~~~~~~~~~~~~~~~~~~~^~~~~~~~[m[K
[102.421s] [ 50%] [32m[1mLinking CXX executable path_planner_node[0m
[103.596s] [ 50%] Built target path_planner_node
[103.653s] [ 62%] [32mBuilding CXX object CMakeFiles/tsp_planner_node.dir/src/tsp_planner_node.cpp.o[0m
[131.746s] [ 75%] [32m[1mLinking CXX executable tsp_planner_node[0m
[133.537s] [ 75%] Built target tsp_planner_node
[133.581s] [ 87%] [32mBuilding CXX object CMakeFiles/clustering_node.dir/src/clustering_node.cpp.o[0m
[162.146s] [100%] [32m[1mLinking CXX executable clustering_node[0m
[164.555s] [100%] Built target clustering_node
[164.586s] Invoked command in '/home/u22/turtlebot/build/turtlebot3_ball_collection' returned '0': CMAKE_PREFIX_PATH=${CMAKE_PREFIX_PATH}:/home/u22/turtlebot/install/turtlebot3_teleop:/home/u22/turtlebot/install/turtlebot3_example:/opt/ros/humble /usr/bin/cmake --build /home/u22/turtlebot/build/turtlebot3_ball_collection -- -j4 -l4
[164.587s] Invoking command in '/home/u22/turtlebot/build/turtlebot3_ball_collection': CMAKE_PREFIX_PATH=${CMAKE_PREFIX_PATH}:/home/u22/turtlebot/install/turtlebot3_teleop:/home/u22/turtlebot/install/turtlebot3_example:/opt/ros/humble /usr/bin/cmake --install /home/u22/turtlebot/build/turtlebot3_ball_collection
[164.608s] -- Install configuration: ""
[164.608s] -- Installing: /home/u22/turtlebot/install/turtlebot3_ball_collection/lib/turtlebot3_ball_collection/ball_detector_node
[164.622s] -- Set runtime path of "/home/u22/turtlebot/install/turtlebot3_ball_collection/lib/turtlebot3_ball_collection/ball_detector_node" to ""
[164.623s] -- Installing: /home/u22/turtlebot/install/turtlebot3_ball_collection/lib/turtlebot3_ball_collection/clustering_node
[164.630s] -- Set runtime path of "/home/u22/turtlebot/install/turtlebot3_ball_collection/lib/turtlebot3_ball_collection/clustering_node" to ""
[164.632s] -- Installing: /home/u22/turtlebot/install/turtlebot3_ball_collection/lib/turtlebot3_ball_collection/tsp_planner_node
[164.638s] -- Set runtime path of "/home/u22/turtlebot/install/turtlebot3_ball_collection/lib/turtlebot3_ball_collection/tsp_planner_node" to ""
[164.639s] -- Installing: /home/u22/turtlebot/install/turtlebot3_ball_collection/lib/turtlebot3_ball_collection/path_planner_node
[164.647s] -- Set runtime path of "/home/u22/turtlebot/install/turtlebot3_ball_collection/lib/turtlebot3_ball_collection/path_planner_node" to ""
[164.651s] -- Installing: /home/u22/turtlebot/install/turtlebot3_ball_collection/share/turtlebot3_ball_collection/launch
[164.651s] -- Installing: /home/u22/turtlebot/install/turtlebot3_ball_collection/share/turtlebot3_ball_collection/launch/ball_collection.launch.py
[164.652s] -- Installing: /home/u22/turtlebot/install/turtlebot3_ball_collection/share/turtlebot3_ball_collection/launch/full_system.launch.py
[164.654s] -- Installing: /home/u22/turtlebot/install/turtlebot3_ball_collection/share/turtlebot3_ball_collection/launch/slam_navigation.launch.py
[164.656s] -- Installing: /home/u22/turtlebot/install/turtlebot3_ball_collection/share/turtlebot3_ball_collection/param
[164.657s] -- Installing: /home/u22/turtlebot/install/turtlebot3_ball_collection/share/turtlebot3_ball_collection/param/slam_toolbox.yaml
[164.659s] -- Installing: /home/u22/turtlebot/install/turtlebot3_ball_collection/share/ament_index/resource_index/package_run_dependencies/turtlebot3_ball_collection
[164.660s] -- Installing: /home/u22/turtlebot/install/turtlebot3_ball_collection/share/ament_index/resource_index/parent_prefix_path/turtlebot3_ball_collection
[164.661s] -- Installing: /home/u22/turtlebot/install/turtlebot3_ball_collection/share/turtlebot3_ball_collection/environment/ament_prefix_path.sh
[164.663s] -- Installing: /home/u22/turtlebot/install/turtlebot3_ball_collection/share/turtlebot3_ball_collection/environment/ament_prefix_path.dsv
[164.665s] -- Installing: /home/u22/turtlebot/install/turtlebot3_ball_collection/share/turtlebot3_ball_collection/environment/path.sh
[164.666s] -- Installing: /home/u22/turtlebot/install/turtlebot3_ball_collection/share/turtlebot3_ball_collection/environment/path.dsv
[164.666s] -- Installing: /home/u22/turtlebot/install/turtlebot3_ball_collection/share/turtlebot3_ball_collection/local_setup.bash
[164.667s] -- Installing: /home/u22/turtlebot/install/turtlebot3_ball_collection/share/turtlebot3_ball_collection/local_setup.sh
[164.668s] -- Installing: /home/u22/turtlebot/install/turtlebot3_ball_collection/share/turtlebot3_ball_collection/local_setup.zsh
[164.668s] -- Installing: /home/u22/turtlebot/install/turtlebot3_ball_collection/share/turtlebot3_ball_collection/local_setup.dsv
[164.668s] -- Installing: /home/u22/turtlebot/install/turtlebot3_ball_collection/share/turtlebot3_ball_collection/package.dsv
[164.668s] -- Installing: /home/u22/turtlebot/install/turtlebot3_ball_collection/share/ament_index/resource_index/packages/turtlebot3_ball_collection
[164.668s] -- Installing: /home/u22/turtlebot/install/turtlebot3_ball_collection/share/turtlebot3_ball_collection/cmake/turtlebot3_ball_collectionConfig.cmake
[164.669s] -- Installing: /home/u22/turtlebot/install/turtlebot3_ball_collection/share/turtlebot3_ball_collection/cmake/turtlebot3_ball_collectionConfig-version.cmake
[164.669s] -- Installing: /home/u22/turtlebot/install/turtlebot3_ball_collection/share/turtlebot3_ball_collection/package.xml
[164.674s] Invoked command in '/home/u22/turtlebot/build/turtlebot3_ball_collection' returned '0': CMAKE_PREFIX_PATH=${CMAKE_PREFIX_PATH}:/home/u22/turtlebot/install/turtlebot3_teleop:/home/u22/turtlebot/install/turtlebot3_example:/opt/ros/humble /usr/bin/cmake --install /home/u22/turtlebot/build/turtlebot3_ball_collection
