[0.057s] Invoking command in '/home/u22/turtlebot/build/turtlebot3_cartographer': CMAKE_PREFIX_PATH=${CMAKE_PREFIX_PATH}:/home/u22/turtlebot/install/turtlebot3_teleop:/home/u22/turtlebot/install/turtlebot3_example:/opt/ros/humble /usr/bin/cmake /home/u22/turtlebot/turtlebot3/turtlebot3_cartographer -DCMAKE_INSTALL_PREFIX=/home/u22/turtlebot/install/turtlebot3_cartographer
[0.240s] -- The C compiler identification is GNU 11.4.0
[0.426s] -- The CXX compiler identification is GNU 11.4.0
[0.440s] -- Detecting C compiler ABI info
[0.647s] -- Detecting C compiler ABI info - done
[0.669s] -- Check for working C compiler: /usr/bin/cc - skipped
[0.670s] -- Detecting C compile features
[0.675s] -- Detecting C compile features - done
[0.682s] -- Detecting CXX compiler ABI info
[0.968s] -- Detecting CXX compiler ABI info - done
[0.991s] -- Check for working CXX compiler: /usr/bin/c++ - skipped
[0.991s] -- Detecting CXX compile features
[0.994s] -- Detecting CXX compile features - done
[1.011s] -- Found ament_cmake: 1.3.13 (/opt/ros/humble/share/ament_cmake/cmake)
[1.445s] -- Found Python3: /usr/bin/python3 (found version "3.10.12") found components: Interpreter 
[1.889s] -- Configuring done
[1.891s] -- Generating done
[1.899s] -- Build files have been written to: /home/u22/turtlebot/build/turtlebot3_cartographer
[1.923s] Invoked command in '/home/u22/turtlebot/build/turtlebot3_cartographer' returned '0': CMAKE_PREFIX_PATH=${CMAKE_PREFIX_PATH}:/home/u22/turtlebot/install/turtlebot3_teleop:/home/u22/turtlebot/install/turtlebot3_example:/opt/ros/humble /usr/bin/cmake /home/u22/turtlebot/turtlebot3/turtlebot3_cartographer -DCMAKE_INSTALL_PREFIX=/home/u22/turtlebot/install/turtlebot3_cartographer
[1.930s] Invoking command in '/home/u22/turtlebot/build/turtlebot3_cartographer': CMAKE_PREFIX_PATH=${CMAKE_PREFIX_PATH}:/home/u22/turtlebot/install/turtlebot3_teleop:/home/u22/turtlebot/install/turtlebot3_example:/opt/ros/humble /usr/bin/cmake --build /home/u22/turtlebot/build/turtlebot3_cartographer -- -j4 -l4
[2.066s] Invoked command in '/home/u22/turtlebot/build/turtlebot3_cartographer' returned '0': CMAKE_PREFIX_PATH=${CMAKE_PREFIX_PATH}:/home/u22/turtlebot/install/turtlebot3_teleop:/home/u22/turtlebot/install/turtlebot3_example:/opt/ros/humble /usr/bin/cmake --build /home/u22/turtlebot/build/turtlebot3_cartographer -- -j4 -l4
[2.090s] Invoking command in '/home/u22/turtlebot/build/turtlebot3_cartographer': CMAKE_PREFIX_PATH=${CMAKE_PREFIX_PATH}:/home/u22/turtlebot/install/turtlebot3_teleop:/home/u22/turtlebot/install/turtlebot3_example:/opt/ros/humble /usr/bin/cmake --install /home/u22/turtlebot/build/turtlebot3_cartographer
[2.123s] -- Install configuration: ""
[2.123s] -- Installing: /home/u22/turtlebot/install/turtlebot3_cartographer/share/turtlebot3_cartographer/config
[2.141s] -- Installing: /home/u22/turtlebot/install/turtlebot3_cartographer/share/turtlebot3_cartographer/config/turtlebot3_lds_2d.lua
[2.142s] -- Installing: /home/u22/turtlebot/install/turtlebot3_cartographer/share/turtlebot3_cartographer/launch
[2.142s] -- Installing: /home/u22/turtlebot/install/turtlebot3_cartographer/share/turtlebot3_cartographer/launch/occupancy_grid.launch.py
[2.146s] -- Installing: /home/u22/turtlebot/install/turtlebot3_cartographer/share/turtlebot3_cartographer/launch/cartographer.launch.py
[2.149s] -- Installing: /home/u22/turtlebot/install/turtlebot3_cartographer/share/turtlebot3_cartographer/rviz
[2.149s] -- Installing: /home/u22/turtlebot/install/turtlebot3_cartographer/share/turtlebot3_cartographer/rviz/tb3_cartographer.rviz
[2.149s] -- Installing: /home/u22/turtlebot/install/turtlebot3_cartographer/share/ament_index/resource_index/package_run_dependencies/turtlebot3_cartographer
[2.151s] -- Installing: /home/u22/turtlebot/install/turtlebot3_cartographer/share/ament_index/resource_index/parent_prefix_path/turtlebot3_cartographer
[2.151s] -- Installing: /home/u22/turtlebot/install/turtlebot3_cartographer/share/turtlebot3_cartographer/environment/ament_prefix_path.sh
[2.151s] -- Installing: /home/u22/turtlebot/install/turtlebot3_cartographer/share/turtlebot3_cartographer/environment/ament_prefix_path.dsv
[2.151s] -- Installing: /home/u22/turtlebot/install/turtlebot3_cartographer/share/turtlebot3_cartographer/environment/path.sh
[2.151s] -- Installing: /home/u22/turtlebot/install/turtlebot3_cartographer/share/turtlebot3_cartographer/environment/path.dsv
[2.151s] -- Installing: /home/u22/turtlebot/install/turtlebot3_cartographer/share/turtlebot3_cartographer/local_setup.bash
[2.151s] -- Installing: /home/u22/turtlebot/install/turtlebot3_cartographer/share/turtlebot3_cartographer/local_setup.sh
[2.151s] -- Installing: /home/u22/turtlebot/install/turtlebot3_cartographer/share/turtlebot3_cartographer/local_setup.zsh
[2.151s] -- Installing: /home/u22/turtlebot/install/turtlebot3_cartographer/share/turtlebot3_cartographer/local_setup.dsv
[2.151s] -- Installing: /home/u22/turtlebot/install/turtlebot3_cartographer/share/turtlebot3_cartographer/package.dsv
[2.151s] -- Installing: /home/u22/turtlebot/install/turtlebot3_cartographer/share/ament_index/resource_index/packages/turtlebot3_cartographer
[2.151s] -- Installing: /home/u22/turtlebot/install/turtlebot3_cartographer/share/turtlebot3_cartographer/cmake/turtlebot3_cartographerConfig.cmake
[2.151s] -- Installing: /home/u22/turtlebot/install/turtlebot3_cartographer/share/turtlebot3_cartographer/cmake/turtlebot3_cartographerConfig-version.cmake
[2.152s] -- Installing: /home/u22/turtlebot/install/turtlebot3_cartographer/share/turtlebot3_cartographer/package.xml
[2.160s] Invoked command in '/home/u22/turtlebot/build/turtlebot3_cartographer' returned '0': CMAKE_PREFIX_PATH=${CMAKE_PREFIX_PATH}:/home/u22/turtlebot/install/turtlebot3_teleop:/home/u22/turtlebot/install/turtlebot3_example:/opt/ros/humble /usr/bin/cmake --install /home/u22/turtlebot/build/turtlebot3_cartographer
