[0.033s] Invoking command in '/home/u22/turtlebot/build/turtlebot3_ball_collection': CMAKE_PREFIX_PATH=${CMAKE_PREFIX_PATH}:/home/u22/turtlebot/install/turtlebot3_vision:/home/u22/turtlebot/install/turtlebot3_teleop:/home/u22/turtlebot/install/turtlebot3_example:/opt/ros/humble __trae_PS1=\n(TraeAI-6) \w [$?] $ /usr/bin/cmake --build /home/u22/turtlebot/build/turtlebot3_ball_collection -- -j4 -l4
[0.102s] -- Found ament_cmake: 1.3.13 (/opt/ros/humble/share/ament_cmake/cmake)
[0.385s] -- Found rclcpp: 16.0.18 (/opt/ros/humble/share/rclcpp/cmake)
[0.445s] -- Found rosidl_generator_c: 3.1.8 (/opt/ros/humble/share/rosidl_generator_c/cmake)
[0.448s] -- Found rosidl_adapter: 3.1.8 (/opt/ros/humble/share/rosidl_adapter/cmake)
[0.459s] -- Found rosidl_generator_cpp: 3.1.8 (/opt/ros/humble/share/rosidl_generator_cpp/cmake)
[0.478s] -- Using all available rosidl_typesupport_c: rosidl_typesupport_fastrtps_c;rosidl_typesupport_introspection_c
[0.512s] -- Using all available rosidl_typesupport_cpp: rosidl_typesupport_fastrtps_cpp;rosidl_typesupport_introspection_cpp
[0.577s] -- Found rmw_implementation_cmake: 6.1.2 (/opt/ros/humble/share/rmw_implementation_cmake/cmake)
[0.580s] -- Found rmw_fastrtps_cpp: 6.2.10 (/opt/ros/humble/share/rmw_fastrtps_cpp/cmake)
[0.781s] -- Using RMW implementation 'rmw_fastrtps_cpp' as default
[0.891s] -- Found geometry_msgs: 4.9.1 (/opt/ros/humble/share/geometry_msgs/cmake)
[0.914s] -- Found sensor_msgs: 4.9.1 (/opt/ros/humble/share/sensor_msgs/cmake)
[0.942s] -- Found nav_msgs: 4.9.1 (/opt/ros/humble/share/nav_msgs/cmake)
[0.977s] -- Found visualization_msgs: 4.9.1 (/opt/ros/humble/share/visualization_msgs/cmake)
[1.019s] -- Found tf2: 0.25.19 (/opt/ros/humble/share/tf2/cmake)
[1.026s] -- Found tf2_ros: 0.25.19 (/opt/ros/humble/share/tf2_ros/cmake)
[1.200s] -- Found nav2_msgs: 1.1.20 (/opt/ros/humble/share/nav2_msgs/cmake)
[1.245s] -- Found pcl_conversions: 2.4.5 (/opt/ros/humble/share/pcl_conversions/cmake)
[1.306s] -- Eigen found (include: /usr/include/eigen3, version: 3.4.0)
[1.368s] -- FLANN found (include: /usr/include, lib: /usr/lib/x86_64-linux-gnu/libflann_cpp.so)
[1.982s] -- OpenNI found (version: 1.5.4.0, include: /usr/include/ni, lib: /usr/lib/libOpenNI.so;libusb::libusb)
[1.997s] -- OpenNI2 found (version: 2.2.0.33, include: /usr/include/openni2, lib: /usr/lib/x86_64-linux-gnu/libOpenNI2.so;libusb::libusb)
[2.374s] -- Eigen found (include: /usr/include/eigen3, version: 3.4.0)
[2.390s] -- OpenNI found (version: 1.5.4.0, include: /usr/include/ni, lib: /usr/lib/libOpenNI.so;libusb::libusb)
[2.409s] -- OpenNI2 found (version: 2.2.0.33, include: /usr/include/openni2, lib: /usr/lib/x86_64-linux-gnu/libOpenNI2.so;libusb::libusb)
[2.808s] -- Found Qhull version 8.0.2
[3.178s] -- OpenNI found (version: 1.5.4.0, include: /usr/include/ni, lib: /usr/lib/libOpenNI.so;libusb::libusb)
[3.804s] -- Configuring done
[3.996s] -- Generating done
[4.089s] -- Build files have been written to: /home/u22/turtlebot/build/turtlebot3_ball_collection
[4.200s] [35m[1mConsolidate compiler generated dependencies of target tsp_planner_node[0m
[4.200s] [35m[1mConsolidate compiler generated dependencies of target density_map_builder_node[0m
[4.208s] [35m[1mConsolidate compiler generated dependencies of target ball_detector_node[0m
[4.219s] [35m[1mConsolidate compiler generated dependencies of target semantic_path_planner_node[0m
[4.291s] [ 10%] [32mBuilding CXX object CMakeFiles/density_map_builder_node.dir/src/density_map_builder_node.cpp.o[0m
[4.332s] [ 30%] Built target tsp_planner_node
[4.349s] [ 50%] Built target ball_detector_node
[4.385s] [35m[1mConsolidate compiler generated dependencies of target path_planner_node[0m
[4.399s] [ 70%] Built target semantic_path_planner_node
[4.449s] [ 90%] Built target path_planner_node
[4.977s] [01m[K/home/u22/turtlebot/turtlebot3/turtlebot3_ball_collection/src/density_map_builder_node.cpp:7:10:[m[K [01;31m[Kfatal error: [m[Ktf2_geometry_msgs/tf2_geometry_msgs.h: No such file or directory
[4.977s]     7 | #include [01;31m[K<tf2_geometry_msgs/tf2_geometry_msgs.h>[m[K
[4.977s]       |          [01;31m[K^~~~~~~~~~~~~~~~~~~~~~~~~~~~~~~~~~~~~~~[m[K
[4.977s] compilation terminated.
[4.980s] gmake[2]: *** [CMakeFiles/density_map_builder_node.dir/build.make:76: CMakeFiles/density_map_builder_node.dir/src/density_map_builder_node.cpp.o] Error 1
[4.981s] gmake[1]: *** [CMakeFiles/Makefile2:145: CMakeFiles/density_map_builder_node.dir/all] Error 2
[4.982s] gmake: *** [Makefile:146: all] Error 2
[4.989s] Invoked command in '/home/u22/turtlebot/build/turtlebot3_ball_collection' returned '2': CMAKE_PREFIX_PATH=${CMAKE_PREFIX_PATH}:/home/u22/turtlebot/install/turtlebot3_vision:/home/u22/turtlebot/install/turtlebot3_teleop:/home/u22/turtlebot/install/turtlebot3_example:/opt/ros/humble __trae_PS1=\n(TraeAI-6) \w [$?] $ /usr/bin/cmake --build /home/u22/turtlebot/build/turtlebot3_ball_collection -- -j4 -l4
