[0.021s] Invoking command in '/home/u22/turtlebot/build/semantic_density_map': CMAKE_PREFIX_PATH=/opt/ros/humble /usr/bin/cmake --build /home/u22/turtlebot/build/semantic_density_map -- -j4 -l4
[0.070s] -- Found ament_cmake: 1.3.13 (/opt/ros/humble/share/ament_cmake/cmake)
[0.354s] -- Found rclcpp: 16.0.18 (/opt/ros/humble/share/rclcpp/cmake)
[0.411s] -- Found rosidl_generator_c: 3.1.8 (/opt/ros/humble/share/rosidl_generator_c/cmake)
[0.418s] -- Found rosidl_adapter: 3.1.8 (/opt/ros/humble/share/rosidl_adapter/cmake)
[0.428s] -- Found rosidl_generator_cpp: 3.1.8 (/opt/ros/humble/share/rosidl_generator_cpp/cmake)
[0.450s] -- Using all available rosidl_typesupport_c: rosidl_typesupport_fastrtps_c;rosidl_typesupport_introspection_c
[0.481s] -- Using all available rosidl_typesupport_cpp: rosidl_typesupport_fastrtps_cpp;rosidl_typesupport_introspection_cpp
[0.559s] -- Found rmw_implementation_cmake: 6.1.2 (/opt/ros/humble/share/rmw_implementation_cmake/cmake)
[0.561s] -- Found rmw_fastrtps_cpp: 6.2.10 (/opt/ros/humble/share/rmw_fastrtps_cpp/cmake)
[0.764s] -- Using RMW implementation 'rmw_fastrtps_cpp' as default
[0.863s] -- Found geometry_msgs: 4.9.1 (/opt/ros/humble/share/geometry_msgs/cmake)
[0.887s] -- Found sensor_msgs: 4.9.1 (/opt/ros/humble/share/sensor_msgs/cmake)
[0.919s] -- Found nav_msgs: 4.9.1 (/opt/ros/humble/share/nav_msgs/cmake)
[0.948s] -- Found visualization_msgs: 4.9.1 (/opt/ros/humble/share/visualization_msgs/cmake)
[0.999s] -- Found tf2: 0.25.19 (/opt/ros/humble/share/tf2/cmake)
[1.012s] -- Found tf2_ros: 0.25.19 (/opt/ros/humble/share/tf2_ros/cmake)
[1.186s] -- Found tf2_geometry_msgs: 0.25.19 (/opt/ros/humble/share/tf2_geometry_msgs/cmake)
[1.193s] -- Found eigen3_cmake_module: 0.1.1 (/opt/ros/humble/share/eigen3_cmake_module/cmake)
[1.195s] -- Ensuring Eigen3 include directory is part of orocos-kdl CMake target
[1.197s] -- Found pcl_conversions: 2.4.5 (/opt/ros/humble/share/pcl_conversions/cmake)
[1.268s] -- Eigen found (include: /usr/include/eigen3, version: 3.4.0)
[1.331s] -- FLANN found (include: /usr/include, lib: /usr/lib/x86_64-linux-gnu/libflann_cpp.so)
[1.972s] -- OpenNI found (version: 1.5.4.0, include: /usr/include/ni, lib: /usr/lib/libOpenNI.so;libusb::libusb)
[1.988s] -- OpenNI2 found (version: 2.2.0.33, include: /usr/include/openni2, lib: /usr/lib/x86_64-linux-gnu/libOpenNI2.so;libusb::libusb)
[2.322s] -- Eigen found (include: /usr/include/eigen3, version: 3.4.0)
[2.337s] -- OpenNI found (version: 1.5.4.0, include: /usr/include/ni, lib: /usr/lib/libOpenNI.so;libusb::libusb)
[2.353s] -- OpenNI2 found (version: 2.2.0.33, include: /usr/include/openni2, lib: /usr/lib/x86_64-linux-gnu/libOpenNI2.so;libusb::libusb)
[2.677s] -- Found Qhull version 8.0.2
[3.068s] -- OpenNI found (version: 1.5.4.0, include: /usr/include/ni, lib: /usr/lib/libOpenNI.so;libusb::libusb)
[3.398s] [33mCMake Warning (dev) at CMakeLists.txt:20 (find_package):
[3.398s]   Policy CMP0074 is not set: find_package uses <PackageName>_ROOT variables.
[3.398s]   Run "cmake --help-policy CMP0074" for policy details.  Use the cmake_policy
[3.398s]   command to set the policy and suppress this warning.
[3.399s] 
[3.399s]   CMake variable PCL_ROOT is set to:
[3.399s] 
[3.399s]     /usr
[3.399s] 
[3.399s]   For compatibility, CMake is ignoring the variable.
[3.399s] This warning is for project developers.  Use -Wno-dev to suppress it.
[3.399s] [0m
[3.409s] -- Found nav2_msgs: 1.1.20 (/opt/ros/humble/share/nav2_msgs/cmake)
[3.630s] -- Configuring done
[3.721s] -- Generating done
[3.757s] -- Build files have been written to: /home/u22/turtlebot/build/semantic_density_map
[3.843s] [ 25%] [32mBuilding CXX object CMakeFiles/semantic_path_planner_node.dir/src/semantic_path_planner_node.cpp.o[0m
[3.847s] [ 50%] [32mBuilding CXX object CMakeFiles/density_map_builder_node.dir/src/density_map_builder_node.cpp.o[0m
[4.447s] [01m[K/home/u22/turtlebot/turtlebot3/semantic_density_map/src/semantic_path_planner_node.cpp:3:10:[m[K [01;31m[Kfatal error: [m[Ktf2_geometry_msgs/tf2_geometry_msgs.hpp: No such file or directory
[4.447s]     3 | #include [01;31m[K<tf2_geometry_msgs/tf2_geometry_msgs.hpp>[m[K
[4.447s]       |          [01;31m[K^~~~~~~~~~~~~~~~~~~~~~~~~~~~~~~~~~~~~~~~~[m[K
[4.447s] compilation terminated.
[4.450s] gmake[2]: *** [CMakeFiles/semantic_path_planner_node.dir/build.make:76: CMakeFiles/semantic_path_planner_node.dir/src/semantic_path_planner_node.cpp.o] Error 1
[4.451s] gmake[1]: *** [CMakeFiles/Makefile2:165: CMakeFiles/semantic_path_planner_node.dir/all] Error 2
[4.451s] gmake[1]: *** Waiting for unfinished jobs....
[39.067s] [ 75%] [32m[1mLinking CXX executable density_map_builder_node[0m
[41.226s] [ 75%] Built target density_map_builder_node
[41.230s] gmake: *** [Makefile:146: all] Error 2
[41.235s] Invoked command in '/home/u22/turtlebot/build/semantic_density_map' returned '2': CMAKE_PREFIX_PATH=/opt/ros/humble /usr/bin/cmake --build /home/u22/turtlebot/build/semantic_density_map -- -j4 -l4
