running egg_info
creating ../../build/turtlebot3_vision/turtlebot3_vision.egg-info
writing ../../build/turtlebot3_vision/turtlebot3_vision.egg-info/PKG-INFO
writing dependency_links to ../../build/turtlebot3_vision/turtlebot3_vision.egg-info/dependency_links.txt
writing entry points to ../../build/turtlebot3_vision/turtlebot3_vision.egg-info/entry_points.txt
writing requirements to ../../build/turtlebot3_vision/turtlebot3_vision.egg-info/requires.txt
writing top-level names to ../../build/turtlebot3_vision/turtlebot3_vision.egg-info/top_level.txt
writing manifest file '../../build/turtlebot3_vision/turtlebot3_vision.egg-info/SOURCES.txt'
reading manifest file '../../build/turtlebot3_vision/turtlebot3_vision.egg-info/SOURCES.txt'
writing manifest file '../../build/turtlebot3_vision/turtlebot3_vision.egg-info/SOURCES.txt'
running build
running build_py
creating /home/u22/turtlebot/build/turtlebot3_vision/build
creating /home/u22/turtlebot/build/turtlebot3_vision/build/lib
creating /home/u22/turtlebot/build/turtlebot3_vision/build/lib/turtlebot3_vision
copying turtlebot3_vision/__init__.py -> /home/u22/turtlebot/build/turtlebot3_vision/build/lib/turtlebot3_vision
copying turtlebot3_vision/yolo_detector_node.py -> /home/u22/turtlebot/build/turtlebot3_vision/build/lib/turtlebot3_vision
running install
running install_lib
creating /home/u22/turtlebot/install/turtlebot3_vision/lib/python3.10/site-packages/turtlebot3_vision
copying /home/u22/turtlebot/build/turtlebot3_vision/build/lib/turtlebot3_vision/__init__.py -> /home/u22/turtlebot/install/turtlebot3_vision/lib/python3.10/site-packages/turtlebot3_vision
copying /home/u22/turtlebot/build/turtlebot3_vision/build/lib/turtlebot3_vision/yolo_detector_node.py -> /home/u22/turtlebot/install/turtlebot3_vision/lib/python3.10/site-packages/turtlebot3_vision
byte-compiling /home/u22/turtlebot/install/turtlebot3_vision/lib/python3.10/site-packages/turtlebot3_vision/__init__.py to __init__.cpython-310.pyc
byte-compiling /home/u22/turtlebot/install/turtlebot3_vision/lib/python3.10/site-packages/turtlebot3_vision/yolo_detector_node.py to yolo_detector_node.cpython-310.pyc
running install_data
creating /home/u22/turtlebot/install/turtlebot3_vision/share/ament_index
creating /home/u22/turtlebot/install/turtlebot3_vision/share/ament_index/resource_index
creating /home/u22/turtlebot/install/turtlebot3_vision/share/ament_index/resource_index/packages
copying resource/turtlebot3_vision -> /home/u22/turtlebot/install/turtlebot3_vision/share/ament_index/resource_index/packages
copying package.xml -> /home/u22/turtlebot/install/turtlebot3_vision/share/turtlebot3_vision
creating /home/u22/turtlebot/install/turtlebot3_vision/share/turtlebot3_vision/weights
running install_egg_info
Copying ../../build/turtlebot3_vision/turtlebot3_vision.egg-info to /home/u22/turtlebot/install/turtlebot3_vision/lib/python3.10/site-packages/turtlebot3_vision-0.0.0-py3.10.egg-info
running install_scripts
writing list of installed files to '/home/u22/turtlebot/build/turtlebot3_vision/install.log'
