[0.067s] Invoking command in '/home/u22/turtlebot/build/turtlebot3_cartographer': CMAKE_PREFIX_PATH=${CMAKE_PREFIX_PATH}:/home/u22/turtlebot/install/turtlebot3_vision:/home/u22/turtlebot/install/turtlebot3_teleop:/home/u22/turtlebot/install/turtlebot3_example:/opt/ros/humble /usr/bin/cmake --build /home/u22/turtlebot/build/turtlebot3_cartographer -- -j4 -l4
[0.721s] Invoked command in '/home/u22/turtlebot/build/turtlebot3_cartographer' returned '0': CMAKE_PREFIX_PATH=${CMAKE_PREFIX_PATH}:/home/u22/turtlebot/install/turtlebot3_vision:/home/u22/turtlebot/install/turtlebot3_teleop:/home/u22/turtlebot/install/turtlebot3_example:/opt/ros/humble /usr/bin/cmake --build /home/u22/turtlebot/build/turtlebot3_cartographer -- -j4 -l4
[0.742s] Invoking command in '/home/u22/turtlebot/build/turtlebot3_cartographer': CMAKE_PREFIX_PATH=${CMAKE_PREFIX_PATH}:/home/u22/turtlebot/install/turtlebot3_vision:/home/u22/turtlebot/install/turtlebot3_teleop:/home/u22/turtlebot/install/turtlebot3_example:/opt/ros/humble /usr/bin/cmake --install /home/u22/turtlebot/build/turtlebot3_cartographer
[0.754s] -- Install configuration: ""
[0.757s] -- Up-to-date: /home/u22/turtlebot/install/turtlebot3_cartographer/share/turtlebot3_cartographer/config
[0.758s] -- Up-to-date: /home/u22/turtlebot/install/turtlebot3_cartographer/share/turtlebot3_cartographer/config/turtlebot3_lds_2d.lua
[0.758s] -- Up-to-date: /home/u22/turtlebot/install/turtlebot3_cartographer/share/turtlebot3_cartographer/launch
[0.758s] -- Up-to-date: /home/u22/turtlebot/install/turtlebot3_cartographer/share/turtlebot3_cartographer/launch/occupancy_grid.launch.py
[0.763s] -- Up-to-date: /home/u22/turtlebot/install/turtlebot3_cartographer/share/turtlebot3_cartographer/launch/cartographer.launch.py
[0.765s] -- Up-to-date: /home/u22/turtlebot/install/turtlebot3_cartographer/share/turtlebot3_cartographer/rviz
[0.765s] -- Up-to-date: /home/u22/turtlebot/install/turtlebot3_cartographer/share/turtlebot3_cartographer/rviz/tb3_cartographer.rviz
[0.765s] -- Up-to-date: /home/u22/turtlebot/install/turtlebot3_cartographer/share/ament_index/resource_index/package_run_dependencies/turtlebot3_cartographer
[0.766s] -- Up-to-date: /home/u22/turtlebot/install/turtlebot3_cartographer/share/ament_index/resource_index/parent_prefix_path/turtlebot3_cartographer
[0.766s] -- Up-to-date: /home/u22/turtlebot/install/turtlebot3_cartographer/share/turtlebot3_cartographer/environment/ament_prefix_path.sh
[0.766s] -- Up-to-date: /home/u22/turtlebot/install/turtlebot3_cartographer/share/turtlebot3_cartographer/environment/ament_prefix_path.dsv
[0.766s] -- Up-to-date: /home/u22/turtlebot/install/turtlebot3_cartographer/share/turtlebot3_cartographer/environment/path.sh
[0.767s] -- Up-to-date: /home/u22/turtlebot/install/turtlebot3_cartographer/share/turtlebot3_cartographer/environment/path.dsv
[0.768s] -- Up-to-date: /home/u22/turtlebot/install/turtlebot3_cartographer/share/turtlebot3_cartographer/local_setup.bash
[0.768s] -- Up-to-date: /home/u22/turtlebot/install/turtlebot3_cartographer/share/turtlebot3_cartographer/local_setup.sh
[0.769s] -- Up-to-date: /home/u22/turtlebot/install/turtlebot3_cartographer/share/turtlebot3_cartographer/local_setup.zsh
[0.769s] -- Up-to-date: /home/u22/turtlebot/install/turtlebot3_cartographer/share/turtlebot3_cartographer/local_setup.dsv
[0.769s] -- Up-to-date: /home/u22/turtlebot/install/turtlebot3_cartographer/share/turtlebot3_cartographer/package.dsv
[0.769s] -- Up-to-date: /home/u22/turtlebot/install/turtlebot3_cartographer/share/ament_index/resource_index/packages/turtlebot3_cartographer
[0.769s] -- Up-to-date: /home/u22/turtlebot/install/turtlebot3_cartographer/share/turtlebot3_cartographer/cmake/turtlebot3_cartographerConfig.cmake
[0.770s] -- Up-to-date: /home/u22/turtlebot/install/turtlebot3_cartographer/share/turtlebot3_cartographer/cmake/turtlebot3_cartographerConfig-version.cmake
[0.771s] -- Up-to-date: /home/u22/turtlebot/install/turtlebot3_cartographer/share/turtlebot3_cartographer/package.xml
[0.825s] Invoked command in '/home/u22/turtlebot/build/turtlebot3_cartographer' returned '0': CMAKE_PREFIX_PATH=${CMAKE_PREFIX_PATH}:/home/u22/turtlebot/install/turtlebot3_vision:/home/u22/turtlebot/install/turtlebot3_teleop:/home/u22/turtlebot/install/turtlebot3_example:/opt/ros/humble /usr/bin/cmake --install /home/u22/turtlebot/build/turtlebot3_cartographer
