[0.034s] Invoking command in '/home/u22/turtlebot/build/turtlebot3_fake_node': CMAKE_PREFIX_PATH=${CMAKE_PREFIX_PATH}:/home/u22/turtlebot/install/turtlebot3_teleop:/home/u22/turtlebot/install/turtlebot3_example:/opt/ros/humble /usr/bin/cmake /home/u22/turtlebot/turtlebot3_simulations/turtlebot3_fake_node -DCMAKE_INSTALL_PREFIX=/home/u22/turtlebot/install/turtlebot3_fake_node
[0.223s] -- The C compiler identification is GNU 11.4.0
[0.474s] -- The CXX compiler identification is GNU 11.4.0
[0.498s] -- Detecting C compiler ABI info
[0.654s] -- Detecting C compiler ABI info - done
[0.685s] -- Check for working C compiler: /usr/bin/cc - skipped
[0.685s] -- Detecting C compile features
[0.687s] -- Detecting C compile features - done
[0.694s] -- Detecting CXX compiler ABI info
[0.966s] -- Detecting CXX compiler ABI info - done
[0.994s] -- Check for working CXX compiler: /usr/bin/c++ - skipped
[0.994s] -- Detecting CXX compile features
[0.995s] -- Detecting CXX compile features - done
[1.005s] -- Found ament_cmake: 1.3.13 (/opt/ros/humble/share/ament_cmake/cmake)
[1.466s] -- Found Python3: /usr/bin/python3 (found version "3.10.12") found components: Interpreter 
[1.789s] -- Found geometry_msgs: 4.9.1 (/opt/ros/humble/share/geometry_msgs/cmake)
[1.877s] -- Found rosidl_generator_c: 3.1.8 (/opt/ros/humble/share/rosidl_generator_c/cmake)
[1.890s] -- Found rosidl_adapter: 3.1.8 (/opt/ros/humble/share/rosidl_adapter/cmake)
[1.915s] -- Found rosidl_generator_cpp: 3.1.8 (/opt/ros/humble/share/rosidl_generator_cpp/cmake)
[1.960s] -- Using all available rosidl_typesupport_c: rosidl_typesupport_fastrtps_c;rosidl_typesupport_introspection_c
[2.004s] -- Using all available rosidl_typesupport_cpp: rosidl_typesupport_fastrtps_cpp;rosidl_typesupport_introspection_cpp
[2.097s] -- Found nav_msgs: 4.9.1 (/opt/ros/humble/share/nav_msgs/cmake)
[2.127s] -- Found rclcpp: 16.0.18 (/opt/ros/humble/share/rclcpp/cmake)
[2.274s] -- Found rmw_implementation_cmake: 6.1.2 (/opt/ros/humble/share/rmw_implementation_cmake/cmake)
[2.280s] -- Found rmw_fastrtps_cpp: 6.2.10 (/opt/ros/humble/share/rmw_fastrtps_cpp/cmake)
[2.900s] -- Found OpenSSL: /usr/lib/x86_64-linux-gnu/libcrypto.so (found version "3.0.2")  
[3.116s] -- Found FastRTPS: /opt/ros/humble/include  
[3.386s] -- Using RMW implementation 'rmw_fastrtps_cpp' as default
[3.447s] -- Looking for pthread.h
[3.949s] -- Looking for pthread.h - found
[3.949s] -- Performing Test CMAKE_HAVE_LIBC_PTHREAD
[4.431s] -- Performing Test CMAKE_HAVE_LIBC_PTHREAD - Success
[4.444s] -- Found Threads: TRUE  
[4.709s] -- Found sensor_msgs: 4.9.1 (/opt/ros/humble/share/sensor_msgs/cmake)
[4.843s] -- Found tf2: 0.25.19 (/opt/ros/humble/share/tf2/cmake)
[4.896s] -- Found tf2_msgs: 0.25.19 (/opt/ros/humble/share/tf2_msgs/cmake)
[5.059s] -- Found turtlebot3_msgs: 2.4.0 (/opt/ros/humble/share/turtlebot3_msgs/cmake)
[5.450s] -- Configuring done
[5.515s] -- Generating done
[5.560s] -- Build files have been written to: /home/u22/turtlebot/build/turtlebot3_fake_node
[5.614s] Invoked command in '/home/u22/turtlebot/build/turtlebot3_fake_node' returned '0': CMAKE_PREFIX_PATH=${CMAKE_PREFIX_PATH}:/home/u22/turtlebot/install/turtlebot3_teleop:/home/u22/turtlebot/install/turtlebot3_example:/opt/ros/humble /usr/bin/cmake /home/u22/turtlebot/turtlebot3_simulations/turtlebot3_fake_node -DCMAKE_INSTALL_PREFIX=/home/u22/turtlebot/install/turtlebot3_fake_node
[5.614s] Invoking command in '/home/u22/turtlebot/build/turtlebot3_fake_node': CMAKE_PREFIX_PATH=${CMAKE_PREFIX_PATH}:/home/u22/turtlebot/install/turtlebot3_teleop:/home/u22/turtlebot/install/turtlebot3_example:/opt/ros/humble /usr/bin/cmake --build /home/u22/turtlebot/build/turtlebot3_fake_node -- -j4 -l4
[5.799s] [ 50%] [32mBuilding CXX object CMakeFiles/turtlebot3_fake_node.dir/src/turtlebot3_fake_node.cpp.o[0m
[66.929s] [100%] [32m[1mLinking CXX executable turtlebot3_fake_node[0m
[69.949s] [100%] Built target turtlebot3_fake_node
[70.116s] Invoked command in '/home/u22/turtlebot/build/turtlebot3_fake_node' returned '0': CMAKE_PREFIX_PATH=${CMAKE_PREFIX_PATH}:/home/u22/turtlebot/install/turtlebot3_teleop:/home/u22/turtlebot/install/turtlebot3_example:/opt/ros/humble /usr/bin/cmake --build /home/u22/turtlebot/build/turtlebot3_fake_node -- -j4 -l4
[70.151s] Invoking command in '/home/u22/turtlebot/build/turtlebot3_fake_node': CMAKE_PREFIX_PATH=${CMAKE_PREFIX_PATH}:/home/u22/turtlebot/install/turtlebot3_teleop:/home/u22/turtlebot/install/turtlebot3_example:/opt/ros/humble /usr/bin/cmake --install /home/u22/turtlebot/build/turtlebot3_fake_node
[70.239s] -- Install configuration: ""
[70.263s] -- Installing: /home/u22/turtlebot/install/turtlebot3_fake_node/lib/turtlebot3_fake_node/turtlebot3_fake_node
[70.356s] -- Set runtime path of "/home/u22/turtlebot/install/turtlebot3_fake_node/lib/turtlebot3_fake_node/turtlebot3_fake_node" to ""
[70.356s] -- Installing: /home/u22/turtlebot/install/turtlebot3_fake_node/share/turtlebot3_fake_node/launch
[70.356s] -- Installing: /home/u22/turtlebot/install/turtlebot3_fake_node/share/turtlebot3_fake_node/launch/rviz2.launch.py
[70.357s] -- Installing: /home/u22/turtlebot/install/turtlebot3_fake_node/share/turtlebot3_fake_node/launch/turtlebot3_fake_node.launch.py
[70.365s] -- Installing: /home/u22/turtlebot/install/turtlebot3_fake_node/share/turtlebot3_fake_node/param
[70.366s] -- Installing: /home/u22/turtlebot/install/turtlebot3_fake_node/share/turtlebot3_fake_node/param/waffle.yaml
[70.377s] -- Installing: /home/u22/turtlebot/install/turtlebot3_fake_node/share/turtlebot3_fake_node/param/waffle_pi.yaml
[70.377s] -- Installing: /home/u22/turtlebot/install/turtlebot3_fake_node/share/turtlebot3_fake_node/param/burger.yaml
[70.381s] -- Installing: /home/u22/turtlebot/install/turtlebot3_fake_node/include/
[70.383s] -- Installing: /home/u22/turtlebot/install/turtlebot3_fake_node/include//turtlebot3_fake_node
[70.384s] -- Installing: /home/u22/turtlebot/install/turtlebot3_fake_node/include//turtlebot3_fake_node/turtlebot3_fake_node.hpp
[70.384s] -- Installing: /home/u22/turtlebot/install/turtlebot3_fake_node/share/ament_index/resource_index/package_run_dependencies/turtlebot3_fake_node
[70.384s] -- Installing: /home/u22/turtlebot/install/turtlebot3_fake_node/share/ament_index/resource_index/parent_prefix_path/turtlebot3_fake_node
[70.388s] -- Installing: /home/u22/turtlebot/install/turtlebot3_fake_node/share/turtlebot3_fake_node/environment/ament_prefix_path.sh
[70.389s] -- Installing: /home/u22/turtlebot/install/turtlebot3_fake_node/share/turtlebot3_fake_node/environment/ament_prefix_path.dsv
[70.390s] -- Installing: /home/u22/turtlebot/install/turtlebot3_fake_node/share/turtlebot3_fake_node/environment/path.sh
[70.391s] -- Installing: /home/u22/turtlebot/install/turtlebot3_fake_node/share/turtlebot3_fake_node/environment/path.dsv
[70.393s] -- Installing: /home/u22/turtlebot/install/turtlebot3_fake_node/share/turtlebot3_fake_node/local_setup.bash
[70.395s] -- Installing: /home/u22/turtlebot/install/turtlebot3_fake_node/share/turtlebot3_fake_node/local_setup.sh
[70.396s] -- Installing: /home/u22/turtlebot/install/turtlebot3_fake_node/share/turtlebot3_fake_node/local_setup.zsh
[70.399s] -- Installing: /home/u22/turtlebot/install/turtlebot3_fake_node/share/turtlebot3_fake_node/local_setup.dsv
[70.399s] -- Installing: /home/u22/turtlebot/install/turtlebot3_fake_node/share/turtlebot3_fake_node/package.dsv
[70.401s] -- Installing: /home/u22/turtlebot/install/turtlebot3_fake_node/share/ament_index/resource_index/packages/turtlebot3_fake_node
[70.401s] -- Installing: /home/u22/turtlebot/install/turtlebot3_fake_node/share/turtlebot3_fake_node/cmake/ament_cmake_export_include_directories-extras.cmake
[70.405s] -- Installing: /home/u22/turtlebot/install/turtlebot3_fake_node/share/turtlebot3_fake_node/cmake/ament_cmake_export_dependencies-extras.cmake
[70.405s] -- Installing: /home/u22/turtlebot/install/turtlebot3_fake_node/share/turtlebot3_fake_node/cmake/turtlebot3_fake_nodeConfig.cmake
[70.406s] -- Installing: /home/u22/turtlebot/install/turtlebot3_fake_node/share/turtlebot3_fake_node/cmake/turtlebot3_fake_nodeConfig-version.cmake
[70.406s] -- Installing: /home/u22/turtlebot/install/turtlebot3_fake_node/share/turtlebot3_fake_node/package.xml
[70.426s] Invoked command in '/home/u22/turtlebot/build/turtlebot3_fake_node' returned '0': CMAKE_PREFIX_PATH=${CMAKE_PREFIX_PATH}:/home/u22/turtlebot/install/turtlebot3_teleop:/home/u22/turtlebot/install/turtlebot3_example:/opt/ros/humble /usr/bin/cmake --install /home/u22/turtlebot/build/turtlebot3_fake_node
