[1.851s] Invoking command in '/home/u22/turtlebot/turtlebot3/turtlebot3_vision': PYTHONPATH=/home/u22/turtlebot/build/turtlebot3_vision/prefix_override:/usr/lib/python3/dist-packages/colcon_core/task/python/colcon_distutils_commands:/home/u22/turtlebot/install/turtlebot3_vision/lib/python3.10/site-packages:${PYTHONPATH} /usr/bin/python3 -W ignore:setup.py install is deprecated -W ignore:easy_install command is deprecated setup.py egg_info --egg-base ../../build/turtlebot3_vision build --build-base /home/u22/turtlebot/build/turtlebot3_vision/build install --record /home/u22/turtlebot/build/turtlebot3_vision/install.log --single-version-externally-managed install_data
[2.357s] running egg_info
[2.359s] writing ../../build/turtlebot3_vision/turtlebot3_vision.egg-info/PKG-INFO
[2.360s] writing dependency_links to ../../build/turtlebot3_vision/turtlebot3_vision.egg-info/dependency_links.txt
[2.361s] writing entry points to ../../build/turtlebot3_vision/turtlebot3_vision.egg-info/entry_points.txt
[2.362s] writing requirements to ../../build/turtlebot3_vision/turtlebot3_vision.egg-info/requires.txt
[2.362s] writing top-level names to ../../build/turtlebot3_vision/turtlebot3_vision.egg-info/top_level.txt
[2.366s] reading manifest file '../../build/turtlebot3_vision/turtlebot3_vision.egg-info/SOURCES.txt'
[2.368s] writing manifest file '../../build/turtlebot3_vision/turtlebot3_vision.egg-info/SOURCES.txt'
[2.368s] running build
[2.368s] running build_py
[2.369s] copying turtlebot3_vision/yolo_detector_node.py -> /home/u22/turtlebot/build/turtlebot3_vision/build/lib/turtlebot3_vision
[2.371s] running install
[2.372s] running install_lib
[2.373s] copying /home/u22/turtlebot/build/turtlebot3_vision/build/lib/turtlebot3_vision/yolo_detector_node.py -> /home/u22/turtlebot/install/turtlebot3_vision/lib/python3.10/site-packages/turtlebot3_vision
[2.374s] byte-compiling /home/u22/turtlebot/install/turtlebot3_vision/lib/python3.10/site-packages/turtlebot3_vision/yolo_detector_node.py to yolo_detector_node.cpython-310.pyc
[2.377s] running install_data
[2.378s] running install_egg_info
[2.381s] removing '/home/u22/turtlebot/install/turtlebot3_vision/lib/python3.10/site-packages/turtlebot3_vision-0.0.0-py3.10.egg-info' (and everything under it)
[2.382s] Copying ../../build/turtlebot3_vision/turtlebot3_vision.egg-info to /home/u22/turtlebot/install/turtlebot3_vision/lib/python3.10/site-packages/turtlebot3_vision-0.0.0-py3.10.egg-info
[2.384s] running install_scripts
[2.425s] writing list of installed files to '/home/u22/turtlebot/build/turtlebot3_vision/install.log'
[2.467s] Invoked command in '/home/u22/turtlebot/turtlebot3/turtlebot3_vision' returned '0': PYTHONPATH=/home/u22/turtlebot/build/turtlebot3_vision/prefix_override:/usr/lib/python3/dist-packages/colcon_core/task/python/colcon_distutils_commands:/home/u22/turtlebot/install/turtlebot3_vision/lib/python3.10/site-packages:${PYTHONPATH} /usr/bin/python3 -W ignore:setup.py install is deprecated -W ignore:easy_install command is deprecated setup.py egg_info --egg-base ../../build/turtlebot3_vision build --build-base /home/u22/turtlebot/build/turtlebot3_vision/build install --record /home/u22/turtlebot/build/turtlebot3_vision/install.log --single-version-externally-managed install_data
