[0.037s] Invoking command in '/home/u22/turtlebot/build/turtlebot3_simulations': CMAKE_PREFIX_PATH=/home/u22/turtlebot/install/turtlebot3_manipulation_gazebo:/home/u22/turtlebot/install/turtlebot3_gazebo:/home/u22/turtlebot/install/turtlebot3_fake_node:/home/u22/turtlebot/install/turtlebot3:/home/u22/turtlebot/install/turtlebot3_simulations:/home/u22/turtlebot/install/turtlebot3_bringup:/home/u22/turtlebot/install/turtlebot3_node:/home/u22/turtlebot/install/turtlebot3_navigation2:/home/u22/turtlebot/install/turtlebot3_description:/home/u22/turtlebot/install/turtlebot3_cartographer:/home/u22/turtlebot/install/turtlebot3_ball_collection:/home/u22/turtlebot/install/turtlebot3_teleop:/home/u22/turtlebot/install/turtlebot3_example:/opt/ros/humble /usr/bin/cmake /home/u22/turtlebot/turtlebot3_simulations/turtlebot3_simulations -DCMAKE_INSTALL_PREFIX=/home/u22/turtlebot/install/turtlebot3_simulations
[0.322s] -- The C compiler identification is GNU 11.4.0
[0.499s] -- The CXX compiler identification is GNU 11.4.0
[0.548s] -- Detecting C compiler ABI info
[0.812s] -- Detecting C compiler ABI info - done
[0.833s] -- Check for working C compiler: /usr/bin/cc - skipped
[0.836s] -- Detecting C compile features
[0.840s] -- Detecting C compile features - done
[0.850s] -- Detecting CXX compiler ABI info
[1.105s] -- Detecting CXX compiler ABI info - done
[1.111s] -- Check for working CXX compiler: /usr/bin/c++ - skipped
[1.112s] -- Detecting CXX compile features
[1.114s] -- Detecting CXX compile features - done
[1.169s] -- Found ament_cmake: 1.3.13 (/opt/ros/humble/share/ament_cmake/cmake)
[1.680s] -- Found Python3: /usr/bin/python3 (found version "3.10.12") found components: Interpreter 
[2.264s] -- Configuring done
[2.284s] -- Generating done
[2.295s] -- Build files have been written to: /home/u22/turtlebot/build/turtlebot3_simulations
[2.311s] Invoked command in '/home/u22/turtlebot/build/turtlebot3_simulations' returned '0': CMAKE_PREFIX_PATH=/home/u22/turtlebot/install/turtlebot3_manipulation_gazebo:/home/u22/turtlebot/install/turtlebot3_gazebo:/home/u22/turtlebot/install/turtlebot3_fake_node:/home/u22/turtlebot/install/turtlebot3:/home/u22/turtlebot/install/turtlebot3_simulations:/home/u22/turtlebot/install/turtlebot3_bringup:/home/u22/turtlebot/install/turtlebot3_node:/home/u22/turtlebot/install/turtlebot3_navigation2:/home/u22/turtlebot/install/turtlebot3_description:/home/u22/turtlebot/install/turtlebot3_cartographer:/home/u22/turtlebot/install/turtlebot3_ball_collection:/home/u22/turtlebot/install/turtlebot3_teleop:/home/u22/turtlebot/install/turtlebot3_example:/opt/ros/humble /usr/bin/cmake /home/u22/turtlebot/turtlebot3_simulations/turtlebot3_simulations -DCMAKE_INSTALL_PREFIX=/home/u22/turtlebot/install/turtlebot3_simulations
[2.313s] Invoking command in '/home/u22/turtlebot/build/turtlebot3_simulations': CMAKE_PREFIX_PATH=/home/u22/turtlebot/install/turtlebot3_manipulation_gazebo:/home/u22/turtlebot/install/turtlebot3_gazebo:/home/u22/turtlebot/install/turtlebot3_fake_node:/home/u22/turtlebot/install/turtlebot3:/home/u22/turtlebot/install/turtlebot3_simulations:/home/u22/turtlebot/install/turtlebot3_bringup:/home/u22/turtlebot/install/turtlebot3_node:/home/u22/turtlebot/install/turtlebot3_navigation2:/home/u22/turtlebot/install/turtlebot3_description:/home/u22/turtlebot/install/turtlebot3_cartographer:/home/u22/turtlebot/install/turtlebot3_ball_collection:/home/u22/turtlebot/install/turtlebot3_teleop:/home/u22/turtlebot/install/turtlebot3_example:/opt/ros/humble /usr/bin/cmake --build /home/u22/turtlebot/build/turtlebot3_simulations -- -j4 -l4
[2.399s] Invoked command in '/home/u22/turtlebot/build/turtlebot3_simulations' returned '0': CMAKE_PREFIX_PATH=/home/u22/turtlebot/install/turtlebot3_manipulation_gazebo:/home/u22/turtlebot/install/turtlebot3_gazebo:/home/u22/turtlebot/install/turtlebot3_fake_node:/home/u22/turtlebot/install/turtlebot3:/home/u22/turtlebot/install/turtlebot3_simulations:/home/u22/turtlebot/install/turtlebot3_bringup:/home/u22/turtlebot/install/turtlebot3_node:/home/u22/turtlebot/install/turtlebot3_navigation2:/home/u22/turtlebot/install/turtlebot3_description:/home/u22/turtlebot/install/turtlebot3_cartographer:/home/u22/turtlebot/install/turtlebot3_ball_collection:/home/u22/turtlebot/install/turtlebot3_teleop:/home/u22/turtlebot/install/turtlebot3_example:/opt/ros/humble /usr/bin/cmake --build /home/u22/turtlebot/build/turtlebot3_simulations -- -j4 -l4
[2.402s] Invoking command in '/home/u22/turtlebot/build/turtlebot3_simulations': CMAKE_PREFIX_PATH=/home/u22/turtlebot/install/turtlebot3_manipulation_gazebo:/home/u22/turtlebot/install/turtlebot3_gazebo:/home/u22/turtlebot/install/turtlebot3_fake_node:/home/u22/turtlebot/install/turtlebot3:/home/u22/turtlebot/install/turtlebot3_simulations:/home/u22/turtlebot/install/turtlebot3_bringup:/home/u22/turtlebot/install/turtlebot3_node:/home/u22/turtlebot/install/turtlebot3_navigation2:/home/u22/turtlebot/install/turtlebot3_description:/home/u22/turtlebot/install/turtlebot3_cartographer:/home/u22/turtlebot/install/turtlebot3_ball_collection:/home/u22/turtlebot/install/turtlebot3_teleop:/home/u22/turtlebot/install/turtlebot3_example:/opt/ros/humble /usr/bin/cmake --install /home/u22/turtlebot/build/turtlebot3_simulations
[2.422s] -- Install configuration: ""
[2.431s] -- Installing: /home/u22/turtlebot/install/turtlebot3_simulations/share/ament_index/resource_index/package_run_dependencies/turtlebot3_simulations
[2.431s] -- Installing: /home/u22/turtlebot/install/turtlebot3_simulations/share/ament_index/resource_index/parent_prefix_path/turtlebot3_simulations
[2.431s] -- Installing: /home/u22/turtlebot/install/turtlebot3_simulations/share/turtlebot3_simulations/environment/ament_prefix_path.sh
[2.431s] -- Installing: /home/u22/turtlebot/install/turtlebot3_simulations/share/turtlebot3_simulations/environment/ament_prefix_path.dsv
[2.431s] -- Installing: /home/u22/turtlebot/install/turtlebot3_simulations/share/turtlebot3_simulations/environment/path.sh
[2.431s] -- Installing: /home/u22/turtlebot/install/turtlebot3_simulations/share/turtlebot3_simulations/environment/path.dsv
[2.440s] -- Installing: /home/u22/turtlebot/install/turtlebot3_simulations/share/turtlebot3_simulations/local_setup.bash
[2.440s] -- Installing: /home/u22/turtlebot/install/turtlebot3_simulations/share/turtlebot3_simulations/local_setup.sh
[2.441s] -- Installing: /home/u22/turtlebot/install/turtlebot3_simulations/share/turtlebot3_simulations/local_setup.zsh
[2.446s] -- Installing: /home/u22/turtlebot/install/turtlebot3_simulations/share/turtlebot3_simulations/local_setup.dsv
[2.446s] -- Installing: /home/u22/turtlebot/install/turtlebot3_simulations/share/turtlebot3_simulations/package.dsv
[2.447s] -- Installing: /home/u22/turtlebot/install/turtlebot3_simulations/share/ament_index/resource_index/packages/turtlebot3_simulations
[2.457s] -- Installing: /home/u22/turtlebot/install/turtlebot3_simulations/share/turtlebot3_simulations/cmake/turtlebot3_simulationsConfig.cmake
[2.457s] -- Installing: /home/u22/turtlebot/install/turtlebot3_simulations/share/turtlebot3_simulations/cmake/turtlebot3_simulationsConfig-version.cmake
[2.457s] -- Installing: /home/u22/turtlebot/install/turtlebot3_simulations/share/turtlebot3_simulations/package.xml
[2.467s] Invoked command in '/home/u22/turtlebot/build/turtlebot3_simulations' returned '0': CMAKE_PREFIX_PATH=/home/u22/turtlebot/install/turtlebot3_manipulation_gazebo:/home/u22/turtlebot/install/turtlebot3_gazebo:/home/u22/turtlebot/install/turtlebot3_fake_node:/home/u22/turtlebot/install/turtlebot3:/home/u22/turtlebot/install/turtlebot3_simulations:/home/u22/turtlebot/install/turtlebot3_bringup:/home/u22/turtlebot/install/turtlebot3_node:/home/u22/turtlebot/install/turtlebot3_navigation2:/home/u22/turtlebot/install/turtlebot3_description:/home/u22/turtlebot/install/turtlebot3_cartographer:/home/u22/turtlebot/install/turtlebot3_ball_collection:/home/u22/turtlebot/install/turtlebot3_teleop:/home/u22/turtlebot/install/turtlebot3_example:/opt/ros/humble /usr/bin/cmake --install /home/u22/turtlebot/build/turtlebot3_simulations
