[0.075s] Invoking command in '/home/u22/turtlebot/build/turtlebot3_node': CMAKE_PREFIX_PATH=${CMAKE_PREFIX_PATH}:/home/u22/turtlebot/install/turtlebot3_vision:/home/u22/turtlebot/install/turtlebot3_teleop:/home/u22/turtlebot/install/turtlebot3_example:/opt/ros/humble /usr/bin/cmake --build /home/u22/turtlebot/build/turtlebot3_node -- -j4 -l4
[0.236s] [35m[1mConsolidate compiler generated dependencies of target turtlebot3_node_lib[0m
[0.325s] [ 85%] Built target turtlebot3_node_lib
[0.349s] [35m[1mConsolidate compiler generated dependencies of target turtlebot3_ros[0m
[0.397s] [100%] Built target turtlebot3_ros
[0.762s] Invoked command in '/home/u22/turtlebot/build/turtlebot3_node' returned '0': CMAKE_PREFIX_PATH=${CMAKE_PREFIX_PATH}:/home/u22/turtlebot/install/turtlebot3_vision:/home/u22/turtlebot/install/turtlebot3_teleop:/home/u22/turtlebot/install/turtlebot3_example:/opt/ros/humble /usr/bin/cmake --build /home/u22/turtlebot/build/turtlebot3_node -- -j4 -l4
[0.766s] Invoking command in '/home/u22/turtlebot/build/turtlebot3_node': CMAKE_PREFIX_PATH=${CMAKE_PREFIX_PATH}:/home/u22/turtlebot/install/turtlebot3_vision:/home/u22/turtlebot/install/turtlebot3_teleop:/home/u22/turtlebot/install/turtlebot3_example:/opt/ros/humble /usr/bin/cmake --install /home/u22/turtlebot/build/turtlebot3_node
[0.838s] -- Install configuration: ""
[0.839s] -- Up-to-date: /home/u22/turtlebot/install/turtlebot3_node/share/turtlebot3_node/param
[0.839s] -- Up-to-date: /home/u22/turtlebot/install/turtlebot3_node/share/turtlebot3_node/param/waffle.yaml
[0.839s] -- Up-to-date: /home/u22/turtlebot/install/turtlebot3_node/share/turtlebot3_node/param/waffle_pi.yaml
[0.839s] -- Up-to-date: /home/u22/turtlebot/install/turtlebot3_node/share/turtlebot3_node/param/burger.yaml
[0.839s] -- Up-to-date: /home/u22/turtlebot/install/turtlebot3_node/lib/turtlebot3_node/turtlebot3_ros
[0.839s] -- Up-to-date: /home/u22/turtlebot/install/turtlebot3_node/share/ament_index/resource_index/package_run_dependencies/turtlebot3_node
[0.839s] -- Up-to-date: /home/u22/turtlebot/install/turtlebot3_node/share/ament_index/resource_index/parent_prefix_path/turtlebot3_node
[0.839s] -- Up-to-date: /home/u22/turtlebot/install/turtlebot3_node/share/turtlebot3_node/environment/ament_prefix_path.sh
[0.839s] -- Up-to-date: /home/u22/turtlebot/install/turtlebot3_node/share/turtlebot3_node/environment/ament_prefix_path.dsv
[0.839s] -- Up-to-date: /home/u22/turtlebot/install/turtlebot3_node/share/turtlebot3_node/environment/path.sh
[0.839s] -- Up-to-date: /home/u22/turtlebot/install/turtlebot3_node/share/turtlebot3_node/environment/path.dsv
[0.840s] -- Up-to-date: /home/u22/turtlebot/install/turtlebot3_node/share/turtlebot3_node/local_setup.bash
[0.840s] -- Up-to-date: /home/u22/turtlebot/install/turtlebot3_node/share/turtlebot3_node/local_setup.sh
[0.840s] -- Up-to-date: /home/u22/turtlebot/install/turtlebot3_node/share/turtlebot3_node/local_setup.zsh
[0.840s] -- Up-to-date: /home/u22/turtlebot/install/turtlebot3_node/share/turtlebot3_node/local_setup.dsv
[0.840s] -- Installing: /home/u22/turtlebot/install/turtlebot3_node/share/turtlebot3_node/package.dsv
[0.840s] -- Up-to-date: /home/u22/turtlebot/install/turtlebot3_node/share/ament_index/resource_index/packages/turtlebot3_node
[0.840s] -- Up-to-date: /home/u22/turtlebot/install/turtlebot3_node/share/turtlebot3_node/cmake/ament_cmake_export_dependencies-extras.cmake
[0.840s] -- Up-to-date: /home/u22/turtlebot/install/turtlebot3_node/share/turtlebot3_node/cmake/ament_cmake_export_include_directories-extras.cmake
[0.840s] -- Up-to-date: /home/u22/turtlebot/install/turtlebot3_node/share/turtlebot3_node/cmake/turtlebot3_nodeConfig.cmake
[0.844s] -- Up-to-date: /home/u22/turtlebot/install/turtlebot3_node/share/turtlebot3_node/cmake/turtlebot3_nodeConfig-version.cmake
[0.844s] -- Up-to-date: /home/u22/turtlebot/install/turtlebot3_node/share/turtlebot3_node/package.xml
[0.911s] Invoked command in '/home/u22/turtlebot/build/turtlebot3_node' returned '0': CMAKE_PREFIX_PATH=${CMAKE_PREFIX_PATH}:/home/u22/turtlebot/install/turtlebot3_vision:/home/u22/turtlebot/install/turtlebot3_teleop:/home/u22/turtlebot/install/turtlebot3_example:/opt/ros/humble /usr/bin/cmake --install /home/u22/turtlebot/build/turtlebot3_node
