[0.036s] Invoking command in '/home/u22/turtlebot/build/turtlebot3_navigation2': CMAKE_PREFIX_PATH=${CMAKE_PREFIX_PATH}:/home/u22/turtlebot/install/turtlebot3_teleop:/home/u22/turtlebot/install/turtlebot3_example:/opt/ros/humble /usr/bin/cmake /home/u22/turtlebot/turtlebot3/turtlebot3_navigation2 -DCMAKE_INSTALL_PREFIX=/home/u22/turtlebot/install/turtlebot3_navigation2
[0.329s] -- The C compiler identification is GNU 11.4.0
[0.593s] -- The CXX compiler identification is GNU 11.4.0
[0.608s] -- Detecting C compiler ABI info
[0.851s] -- Detecting C compiler ABI info - done
[0.895s] -- Check for working C compiler: /usr/bin/cc - skipped
[0.896s] -- Detecting C compile features
[0.904s] -- Detecting C compile features - done
[0.918s] -- Detecting CXX compiler ABI info
[1.432s] -- Detecting CXX compiler ABI info - done
[1.474s] -- Check for working CXX compiler: /usr/bin/c++ - skipped
[1.474s] -- Detecting CXX compile features
[1.475s] -- Detecting CXX compile features - done
[1.490s] -- Found ament_cmake: 1.3.13 (/opt/ros/humble/share/ament_cmake/cmake)
[2.482s] -- Found Python3: /usr/bin/python3 (found version "3.10.12") found components: Interpreter 
[3.494s] -- Configuring done
[3.512s] -- Generating done
[3.523s] -- Build files have been written to: /home/u22/turtlebot/build/turtlebot3_navigation2
[3.552s] Invoked command in '/home/u22/turtlebot/build/turtlebot3_navigation2' returned '0': CMAKE_PREFIX_PATH=${CMAKE_PREFIX_PATH}:/home/u22/turtlebot/install/turtlebot3_teleop:/home/u22/turtlebot/install/turtlebot3_example:/opt/ros/humble /usr/bin/cmake /home/u22/turtlebot/turtlebot3/turtlebot3_navigation2 -DCMAKE_INSTALL_PREFIX=/home/u22/turtlebot/install/turtlebot3_navigation2
[3.553s] Invoking command in '/home/u22/turtlebot/build/turtlebot3_navigation2': CMAKE_PREFIX_PATH=${CMAKE_PREFIX_PATH}:/home/u22/turtlebot/install/turtlebot3_teleop:/home/u22/turtlebot/install/turtlebot3_example:/opt/ros/humble /usr/bin/cmake --build /home/u22/turtlebot/build/turtlebot3_navigation2 -- -j4 -l4
[3.773s] Invoked command in '/home/u22/turtlebot/build/turtlebot3_navigation2' returned '0': CMAKE_PREFIX_PATH=${CMAKE_PREFIX_PATH}:/home/u22/turtlebot/install/turtlebot3_teleop:/home/u22/turtlebot/install/turtlebot3_example:/opt/ros/humble /usr/bin/cmake --build /home/u22/turtlebot/build/turtlebot3_navigation2 -- -j4 -l4
[3.774s] Invoking command in '/home/u22/turtlebot/build/turtlebot3_navigation2': CMAKE_PREFIX_PATH=${CMAKE_PREFIX_PATH}:/home/u22/turtlebot/install/turtlebot3_teleop:/home/u22/turtlebot/install/turtlebot3_example:/opt/ros/humble /usr/bin/cmake --install /home/u22/turtlebot/build/turtlebot3_navigation2
[3.819s] -- Install configuration: ""
[3.819s] -- Installing: /home/u22/turtlebot/install/turtlebot3_navigation2/share/turtlebot3_navigation2/launch
[3.819s] -- Installing: /home/u22/turtlebot/install/turtlebot3_navigation2/share/turtlebot3_navigation2/launch/navigation2.launch.py
[3.820s] -- Installing: /home/u22/turtlebot/install/turtlebot3_navigation2/share/turtlebot3_navigation2/map
[3.821s] -- Installing: /home/u22/turtlebot/install/turtlebot3_navigation2/share/turtlebot3_navigation2/map/map.pgm
[3.823s] -- Installing: /home/u22/turtlebot/install/turtlebot3_navigation2/share/turtlebot3_navigation2/map/map.yaml
[3.823s] -- Installing: /home/u22/turtlebot/install/turtlebot3_navigation2/share/turtlebot3_navigation2/param
[3.823s] -- Installing: /home/u22/turtlebot/install/turtlebot3_navigation2/share/turtlebot3_navigation2/param/waffle.yaml
[3.823s] -- Installing: /home/u22/turtlebot/install/turtlebot3_navigation2/share/turtlebot3_navigation2/param/burger_cam.yaml
[3.823s] -- Installing: /home/u22/turtlebot/install/turtlebot3_navigation2/share/turtlebot3_navigation2/param/waffle_pi.yaml
[3.823s] -- Installing: /home/u22/turtlebot/install/turtlebot3_navigation2/share/turtlebot3_navigation2/param/humble
[3.823s] -- Installing: /home/u22/turtlebot/install/turtlebot3_navigation2/share/turtlebot3_navigation2/param/humble/waffle.yaml
[3.828s] -- Installing: /home/u22/turtlebot/install/turtlebot3_navigation2/share/turtlebot3_navigation2/param/humble/burger_cam.yaml
[3.828s] -- Installing: /home/u22/turtlebot/install/turtlebot3_navigation2/share/turtlebot3_navigation2/param/humble/waffle_pi.yaml
[3.828s] -- Installing: /home/u22/turtlebot/install/turtlebot3_navigation2/share/turtlebot3_navigation2/param/humble/burger.yaml
[3.828s] -- Installing: /home/u22/turtlebot/install/turtlebot3_navigation2/share/turtlebot3_navigation2/param/burger.yaml
[3.829s] -- Installing: /home/u22/turtlebot/install/turtlebot3_navigation2/share/turtlebot3_navigation2/rviz
[3.829s] -- Installing: /home/u22/turtlebot/install/turtlebot3_navigation2/share/turtlebot3_navigation2/rviz/tb3_navigation2.rviz
[3.829s] -- Installing: /home/u22/turtlebot/install/turtlebot3_navigation2/share/ament_index/resource_index/package_run_dependencies/turtlebot3_navigation2
[3.830s] -- Installing: /home/u22/turtlebot/install/turtlebot3_navigation2/share/ament_index/resource_index/parent_prefix_path/turtlebot3_navigation2
[3.831s] -- Installing: /home/u22/turtlebot/install/turtlebot3_navigation2/share/turtlebot3_navigation2/environment/ament_prefix_path.sh
[3.831s] -- Installing: /home/u22/turtlebot/install/turtlebot3_navigation2/share/turtlebot3_navigation2/environment/ament_prefix_path.dsv
[3.831s] -- Installing: /home/u22/turtlebot/install/turtlebot3_navigation2/share/turtlebot3_navigation2/environment/path.sh
[3.832s] -- Installing: /home/u22/turtlebot/install/turtlebot3_navigation2/share/turtlebot3_navigation2/environment/path.dsv
[3.837s] -- Installing: /home/u22/turtlebot/install/turtlebot3_navigation2/share/turtlebot3_navigation2/local_setup.bash
[3.837s] -- Installing: /home/u22/turtlebot/install/turtlebot3_navigation2/share/turtlebot3_navigation2/local_setup.sh
[3.837s] -- Installing: /home/u22/turtlebot/install/turtlebot3_navigation2/share/turtlebot3_navigation2/local_setup.zsh
[3.838s] -- Installing: /home/u22/turtlebot/install/turtlebot3_navigation2/share/turtlebot3_navigation2/local_setup.dsv
[3.838s] -- Installing: /home/u22/turtlebot/install/turtlebot3_navigation2/share/turtlebot3_navigation2/package.dsv
[3.838s] -- Installing: /home/u22/turtlebot/install/turtlebot3_navigation2/share/ament_index/resource_index/packages/turtlebot3_navigation2
[3.838s] -- Installing: /home/u22/turtlebot/install/turtlebot3_navigation2/share/turtlebot3_navigation2/cmake/turtlebot3_navigation2Config.cmake
[3.838s] -- Installing: /home/u22/turtlebot/install/turtlebot3_navigation2/share/turtlebot3_navigation2/cmake/turtlebot3_navigation2Config-version.cmake
[3.839s] -- Installing: /home/u22/turtlebot/install/turtlebot3_navigation2/share/turtlebot3_navigation2/package.xml
[3.856s] Invoked command in '/home/u22/turtlebot/build/turtlebot3_navigation2' returned '0': CMAKE_PREFIX_PATH=${CMAKE_PREFIX_PATH}:/home/u22/turtlebot/install/turtlebot3_teleop:/home/u22/turtlebot/install/turtlebot3_example:/opt/ros/humble /usr/bin/cmake --install /home/u22/turtlebot/build/turtlebot3_navigation2
