[0.086s] Invoking command in '/home/u22/turtlebot/build/turtlebot3_description': CMAKE_PREFIX_PATH=${CMAKE_PREFIX_PATH}:/home/u22/turtlebot/install/turtlebot3_vision:/home/u22/turtlebot/install/turtlebot3_teleop:/home/u22/turtlebot/install/turtlebot3_example:/opt/ros/humble /usr/bin/cmake --build /home/u22/turtlebot/build/turtlebot3_description -- -j4 -l4
[0.739s] Invoked command in '/home/u22/turtlebot/build/turtlebot3_description' returned '0': CMAKE_PREFIX_PATH=${CMAKE_PREFIX_PATH}:/home/u22/turtlebot/install/turtlebot3_vision:/home/u22/turtlebot/install/turtlebot3_teleop:/home/u22/turtlebot/install/turtlebot3_example:/opt/ros/humble /usr/bin/cmake --build /home/u22/turtlebot/build/turtlebot3_description -- -j4 -l4
[0.756s] Invoking command in '/home/u22/turtlebot/build/turtlebot3_description': CMAKE_PREFIX_PATH=${CMAKE_PREFIX_PATH}:/home/u22/turtlebot/install/turtlebot3_vision:/home/u22/turtlebot/install/turtlebot3_teleop:/home/u22/turtlebot/install/turtlebot3_example:/opt/ros/humble /usr/bin/cmake --install /home/u22/turtlebot/build/turtlebot3_description
[0.811s] -- Install configuration: ""
[0.814s] -- Up-to-date: /home/u22/turtlebot/install/turtlebot3_description/share/turtlebot3_description/meshes
[0.814s] -- Up-to-date: /home/u22/turtlebot/install/turtlebot3_description/share/turtlebot3_description/meshes/bases
[0.815s] -- Up-to-date: /home/u22/turtlebot/install/turtlebot3_description/share/turtlebot3_description/meshes/bases/waffle_base.stl
[0.818s] -- Up-to-date: /home/u22/turtlebot/install/turtlebot3_description/share/turtlebot3_description/meshes/bases/burger_base.stl
[0.820s] -- Up-to-date: /home/u22/turtlebot/install/turtlebot3_description/share/turtlebot3_description/meshes/bases/waffle_pi_base.stl
[0.822s] -- Up-to-date: /home/u22/turtlebot/install/turtlebot3_description/share/turtlebot3_description/meshes/wheels
[0.825s] -- Up-to-date: /home/u22/turtlebot/install/turtlebot3_description/share/turtlebot3_description/meshes/wheels/left_tire.stl
[0.827s] -- Up-to-date: /home/u22/turtlebot/install/turtlebot3_description/share/turtlebot3_description/meshes/wheels/right_tire.stl
[0.832s] -- Up-to-date: /home/u22/turtlebot/install/turtlebot3_description/share/turtlebot3_description/meshes/sensors
[0.832s] -- Up-to-date: /home/u22/turtlebot/install/turtlebot3_description/share/turtlebot3_description/meshes/sensors/r200.jpg
[0.832s] -- Up-to-date: /home/u22/turtlebot/install/turtlebot3_description/share/turtlebot3_description/meshes/sensors/r200.dae
[0.833s] -- Up-to-date: /home/u22/turtlebot/install/turtlebot3_description/share/turtlebot3_description/meshes/sensors/astra.jpg
[0.835s] -- Up-to-date: /home/u22/turtlebot/install/turtlebot3_description/share/turtlebot3_description/meshes/sensors/lds.stl
[0.837s] -- Up-to-date: /home/u22/turtlebot/install/turtlebot3_description/share/turtlebot3_description/meshes/sensors/astra.dae
[0.838s] -- Up-to-date: /home/u22/turtlebot/install/turtlebot3_description/share/turtlebot3_description/rviz
[0.838s] -- Up-to-date: /home/u22/turtlebot/install/turtlebot3_description/share/turtlebot3_description/rviz/model.rviz
[0.840s] -- Up-to-date: /home/u22/turtlebot/install/turtlebot3_description/share/turtlebot3_description/urdf
[0.840s] -- Up-to-date: /home/u22/turtlebot/install/turtlebot3_description/share/turtlebot3_description/urdf/turtlebot3_waffle_pi.urdf
[0.841s] -- Up-to-date: /home/u22/turtlebot/install/turtlebot3_description/share/turtlebot3_description/urdf/turtlebot3_waffle.urdf
[0.842s] -- Up-to-date: /home/u22/turtlebot/install/turtlebot3_description/share/turtlebot3_description/urdf/common_properties.urdf
[0.843s] -- Up-to-date: /home/u22/turtlebot/install/turtlebot3_description/share/turtlebot3_description/urdf/turtlebot3_burger.urdf
[0.844s] -- Up-to-date: /home/u22/turtlebot/install/turtlebot3_description/share/ament_index/resource_index/package_run_dependencies/turtlebot3_description
[0.849s] -- Up-to-date: /home/u22/turtlebot/install/turtlebot3_description/share/ament_index/resource_index/parent_prefix_path/turtlebot3_description
[0.849s] -- Up-to-date: /home/u22/turtlebot/install/turtlebot3_description/share/turtlebot3_description/environment/ament_prefix_path.sh
[0.849s] -- Up-to-date: /home/u22/turtlebot/install/turtlebot3_description/share/turtlebot3_description/environment/ament_prefix_path.dsv
[0.850s] -- Up-to-date: /home/u22/turtlebot/install/turtlebot3_description/share/turtlebot3_description/environment/path.sh
[0.850s] -- Up-to-date: /home/u22/turtlebot/install/turtlebot3_description/share/turtlebot3_description/environment/path.dsv
[0.850s] -- Up-to-date: /home/u22/turtlebot/install/turtlebot3_description/share/turtlebot3_description/local_setup.bash
[0.850s] -- Up-to-date: /home/u22/turtlebot/install/turtlebot3_description/share/turtlebot3_description/local_setup.sh
[0.853s] -- Up-to-date: /home/u22/turtlebot/install/turtlebot3_description/share/turtlebot3_description/local_setup.zsh
[0.855s] -- Up-to-date: /home/u22/turtlebot/install/turtlebot3_description/share/turtlebot3_description/local_setup.dsv
[0.856s] -- Up-to-date: /home/u22/turtlebot/install/turtlebot3_description/share/turtlebot3_description/package.dsv
[0.856s] -- Up-to-date: /home/u22/turtlebot/install/turtlebot3_description/share/ament_index/resource_index/packages/turtlebot3_description
[0.857s] -- Up-to-date: /home/u22/turtlebot/install/turtlebot3_description/share/turtlebot3_description/cmake/turtlebot3_descriptionConfig.cmake
[0.858s] -- Up-to-date: /home/u22/turtlebot/install/turtlebot3_description/share/turtlebot3_description/cmake/turtlebot3_descriptionConfig-version.cmake
[0.858s] -- Up-to-date: /home/u22/turtlebot/install/turtlebot3_description/share/turtlebot3_description/package.xml
[0.872s] Invoked command in '/home/u22/turtlebot/build/turtlebot3_description' returned '0': CMAKE_PREFIX_PATH=${CMAKE_PREFIX_PATH}:/home/u22/turtlebot/install/turtlebot3_vision:/home/u22/turtlebot/install/turtlebot3_teleop:/home/u22/turtlebot/install/turtlebot3_example:/opt/ros/humble /usr/bin/cmake --install /home/u22/turtlebot/build/turtlebot3_description
