[0.025s] Invoking command in '/home/u22/turtlebot/build/turtlebot3_bringup': CMAKE_PREFIX_PATH=/home/u22/turtlebot/install/turtlebot3_node:/home/u22/turtlebot/install/turtlebot3_description:/home/u22/turtlebot/install/turtlebot3:/home/u22/turtlebot/install/turtlebot3_simulations:/home/u22/turtlebot/install/turtlebot3_bringup:/home/u22/turtlebot/install/turtlebot3_navigation2:/home/u22/turtlebot/install/turtlebot3_manipulation_gazebo:/home/u22/turtlebot/install/turtlebot3_gazebo:/home/u22/turtlebot/install/turtlebot3_fake_node:/home/u22/turtlebot/install/turtlebot3_cartographer:/home/u22/turtlebot/install/turtlebot3_ball_collection:/home/u22/turtlebot/install/turtlebot3_teleop:/home/u22/turtlebot/install/turtlebot3_example:/opt/ros/humble /usr/bin/cmake /home/u22/turtlebot/turtlebot3/turtlebot3_bringup -DCMAKE_INSTALL_PREFIX=/home/u22/turtlebot/install/turtlebot3_bringup
[0.135s] -- The C compiler identification is GNU 11.4.0
[0.262s] -- The CXX compiler identification is GNU 11.4.0
[0.280s] -- Detecting C compiler ABI info
[0.429s] -- Detecting C compiler ABI info - done
[0.441s] -- Check for working C compiler: /usr/bin/cc - skipped
[0.441s] -- Detecting C compile features
[0.442s] -- Detecting C compile features - done
[0.449s] -- Detecting CXX compiler ABI info
[0.618s] -- Detecting CXX compiler ABI info - done
[0.632s] -- Check for working CXX compiler: /usr/bin/c++ - skipped
[0.632s] -- Detecting CXX compile features
[0.634s] -- Detecting CXX compile features - done
[0.639s] -- Found ament_cmake: 1.3.13 (/opt/ros/humble/share/ament_cmake/cmake)
[0.977s] -- Found Python3: /usr/bin/python3 (found version "3.10.12") found components: Interpreter 
[1.340s] -- Configuring done
[1.348s] -- Generating done
[1.352s] -- Build files have been written to: /home/u22/turtlebot/build/turtlebot3_bringup
[1.359s] Invoked command in '/home/u22/turtlebot/build/turtlebot3_bringup' returned '0': CMAKE_PREFIX_PATH=/home/u22/turtlebot/install/turtlebot3_node:/home/u22/turtlebot/install/turtlebot3_description:/home/u22/turtlebot/install/turtlebot3:/home/u22/turtlebot/install/turtlebot3_simulations:/home/u22/turtlebot/install/turtlebot3_bringup:/home/u22/turtlebot/install/turtlebot3_navigation2:/home/u22/turtlebot/install/turtlebot3_manipulation_gazebo:/home/u22/turtlebot/install/turtlebot3_gazebo:/home/u22/turtlebot/install/turtlebot3_fake_node:/home/u22/turtlebot/install/turtlebot3_cartographer:/home/u22/turtlebot/install/turtlebot3_ball_collection:/home/u22/turtlebot/install/turtlebot3_teleop:/home/u22/turtlebot/install/turtlebot3_example:/opt/ros/humble /usr/bin/cmake /home/u22/turtlebot/turtlebot3/turtlebot3_bringup -DCMAKE_INSTALL_PREFIX=/home/u22/turtlebot/install/turtlebot3_bringup
[1.363s] Invoking command in '/home/u22/turtlebot/build/turtlebot3_bringup': CMAKE_PREFIX_PATH=/home/u22/turtlebot/install/turtlebot3_node:/home/u22/turtlebot/install/turtlebot3_description:/home/u22/turtlebot/install/turtlebot3:/home/u22/turtlebot/install/turtlebot3_simulations:/home/u22/turtlebot/install/turtlebot3_bringup:/home/u22/turtlebot/install/turtlebot3_navigation2:/home/u22/turtlebot/install/turtlebot3_manipulation_gazebo:/home/u22/turtlebot/install/turtlebot3_gazebo:/home/u22/turtlebot/install/turtlebot3_fake_node:/home/u22/turtlebot/install/turtlebot3_cartographer:/home/u22/turtlebot/install/turtlebot3_ball_collection:/home/u22/turtlebot/install/turtlebot3_teleop:/home/u22/turtlebot/install/turtlebot3_example:/opt/ros/humble /usr/bin/cmake --build /home/u22/turtlebot/build/turtlebot3_bringup -- -j4 -l4
[1.452s] Invoked command in '/home/u22/turtlebot/build/turtlebot3_bringup' returned '0': CMAKE_PREFIX_PATH=/home/u22/turtlebot/install/turtlebot3_node:/home/u22/turtlebot/install/turtlebot3_description:/home/u22/turtlebot/install/turtlebot3:/home/u22/turtlebot/install/turtlebot3_simulations:/home/u22/turtlebot/install/turtlebot3_bringup:/home/u22/turtlebot/install/turtlebot3_navigation2:/home/u22/turtlebot/install/turtlebot3_manipulation_gazebo:/home/u22/turtlebot/install/turtlebot3_gazebo:/home/u22/turtlebot/install/turtlebot3_fake_node:/home/u22/turtlebot/install/turtlebot3_cartographer:/home/u22/turtlebot/install/turtlebot3_ball_collection:/home/u22/turtlebot/install/turtlebot3_teleop:/home/u22/turtlebot/install/turtlebot3_example:/opt/ros/humble /usr/bin/cmake --build /home/u22/turtlebot/build/turtlebot3_bringup -- -j4 -l4
[1.457s] Invoking command in '/home/u22/turtlebot/build/turtlebot3_bringup': CMAKE_PREFIX_PATH=/home/u22/turtlebot/install/turtlebot3_node:/home/u22/turtlebot/install/turtlebot3_description:/home/u22/turtlebot/install/turtlebot3:/home/u22/turtlebot/install/turtlebot3_simulations:/home/u22/turtlebot/install/turtlebot3_bringup:/home/u22/turtlebot/install/turtlebot3_navigation2:/home/u22/turtlebot/install/turtlebot3_manipulation_gazebo:/home/u22/turtlebot/install/turtlebot3_gazebo:/home/u22/turtlebot/install/turtlebot3_fake_node:/home/u22/turtlebot/install/turtlebot3_cartographer:/home/u22/turtlebot/install/turtlebot3_ball_collection:/home/u22/turtlebot/install/turtlebot3_teleop:/home/u22/turtlebot/install/turtlebot3_example:/opt/ros/humble /usr/bin/cmake --install /home/u22/turtlebot/build/turtlebot3_bringup
[1.473s] -- Install configuration: ""
[1.473s] -- Installing: /home/u22/turtlebot/install/turtlebot3_bringup/share/turtlebot3_bringup/launch
[1.473s] -- Installing: /home/u22/turtlebot/install/turtlebot3_bringup/share/turtlebot3_bringup/launch/turtlebot3_state_publisher.launch.py
[1.488s] -- Installing: /home/u22/turtlebot/install/turtlebot3_bringup/share/turtlebot3_bringup/launch/rviz2.launch.py
[1.489s] -- Installing: /home/u22/turtlebot/install/turtlebot3_bringup/share/turtlebot3_bringup/launch/camera.launch.py
[1.490s] -- Installing: /home/u22/turtlebot/install/turtlebot3_bringup/share/turtlebot3_bringup/launch/robot.launch.py
[1.490s] -- Installing: /home/u22/turtlebot/install/turtlebot3_bringup/share/turtlebot3_bringup/param
[1.491s] -- Installing: /home/u22/turtlebot/install/turtlebot3_bringup/share/turtlebot3_bringup/param/waffle.yaml
[1.492s] -- Installing: /home/u22/turtlebot/install/turtlebot3_bringup/share/turtlebot3_bringup/param/waffle_pi.yaml
[1.492s] -- Installing: /home/u22/turtlebot/install/turtlebot3_bringup/share/turtlebot3_bringup/param/humble
[1.493s] -- Installing: /home/u22/turtlebot/install/turtlebot3_bringup/share/turtlebot3_bringup/param/humble/waffle.yaml
[1.493s] -- Installing: /home/u22/turtlebot/install/turtlebot3_bringup/share/turtlebot3_bringup/param/humble/waffle_pi.yaml
[1.494s] -- Installing: /home/u22/turtlebot/install/turtlebot3_bringup/share/turtlebot3_bringup/param/humble/burger.yaml
[1.494s] -- Installing: /home/u22/turtlebot/install/turtlebot3_bringup/share/turtlebot3_bringup/param/burger.yaml
[1.496s] -- Installing: /home/u22/turtlebot/install/turtlebot3_bringup/share/turtlebot3_bringup/script
[1.496s] -- Installing: /home/u22/turtlebot/install/turtlebot3_bringup/share/turtlebot3_bringup/script/create_udev_rules
[1.496s] -- Installing: /home/u22/turtlebot/install/turtlebot3_bringup/share/turtlebot3_bringup/script/99-turtlebot3-cdc.rules
[1.497s] -- Installing: /home/u22/turtlebot/install/turtlebot3_bringup/share/ament_index/resource_index/package_run_dependencies/turtlebot3_bringup
[1.497s] -- Installing: /home/u22/turtlebot/install/turtlebot3_bringup/share/ament_index/resource_index/parent_prefix_path/turtlebot3_bringup
[1.498s] -- Installing: /home/u22/turtlebot/install/turtlebot3_bringup/share/turtlebot3_bringup/environment/ament_prefix_path.sh
[1.498s] -- Installing: /home/u22/turtlebot/install/turtlebot3_bringup/share/turtlebot3_bringup/environment/ament_prefix_path.dsv
[1.499s] -- Installing: /home/u22/turtlebot/install/turtlebot3_bringup/share/turtlebot3_bringup/environment/path.sh
[1.499s] -- Installing: /home/u22/turtlebot/install/turtlebot3_bringup/share/turtlebot3_bringup/environment/path.dsv
[1.500s] -- Installing: /home/u22/turtlebot/install/turtlebot3_bringup/share/turtlebot3_bringup/local_setup.bash
[1.501s] -- Installing: /home/u22/turtlebot/install/turtlebot3_bringup/share/turtlebot3_bringup/local_setup.sh
[1.501s] -- Installing: /home/u22/turtlebot/install/turtlebot3_bringup/share/turtlebot3_bringup/local_setup.zsh
[1.503s] -- Installing: /home/u22/turtlebot/install/turtlebot3_bringup/share/turtlebot3_bringup/local_setup.dsv
[1.504s] -- Installing: /home/u22/turtlebot/install/turtlebot3_bringup/share/turtlebot3_bringup/package.dsv
[1.505s] -- Installing: /home/u22/turtlebot/install/turtlebot3_bringup/share/ament_index/resource_index/packages/turtlebot3_bringup
[1.506s] -- Installing: /home/u22/turtlebot/install/turtlebot3_bringup/share/turtlebot3_bringup/cmake/turtlebot3_bringupConfig.cmake
[1.507s] -- Installing: /home/u22/turtlebot/install/turtlebot3_bringup/share/turtlebot3_bringup/cmake/turtlebot3_bringupConfig-version.cmake
[1.507s] -- Installing: /home/u22/turtlebot/install/turtlebot3_bringup/share/turtlebot3_bringup/package.xml
[1.513s] Invoked command in '/home/u22/turtlebot/build/turtlebot3_bringup' returned '0': CMAKE_PREFIX_PATH=/home/u22/turtlebot/install/turtlebot3_node:/home/u22/turtlebot/install/turtlebot3_description:/home/u22/turtlebot/install/turtlebot3:/home/u22/turtlebot/install/turtlebot3_simulations:/home/u22/turtlebot/install/turtlebot3_bringup:/home/u22/turtlebot/install/turtlebot3_navigation2:/home/u22/turtlebot/install/turtlebot3_manipulation_gazebo:/home/u22/turtlebot/install/turtlebot3_gazebo:/home/u22/turtlebot/install/turtlebot3_fake_node:/home/u22/turtlebot/install/turtlebot3_cartographer:/home/u22/turtlebot/install/turtlebot3_ball_collection:/home/u22/turtlebot/install/turtlebot3_teleop:/home/u22/turtlebot/install/turtlebot3_example:/opt/ros/humble /usr/bin/cmake --install /home/u22/turtlebot/build/turtlebot3_bringup
