[0.219s] DEBUG:colcon:Command line arguments: ['/usr/bin/colcon', 'build', '--packages-select', 'turtlebot3_ball_collection']
[0.220s] DEBUG:colcon:Parsed command line arguments: Namespace(log_base=None, log_level=None, verb_name='build', build_base='build', install_base='install', merge_install=False, symlink_install=False, test_result_base=None, continue_on_error=False, executor='parallel', parallel_workers=4, event_handlers=None, ignore_user_meta=False, metas=['./colcon.meta'], base_paths=['.'], packages_ignore=None, packages_ignore_regex=None, paths=None, packages_up_to=None, packages_up_to_regex=None, packages_above=None, packages_above_and_dependencies=None, packages_above_depth=None, packages_select_by_dep=None, packages_skip_by_dep=None, packages_skip_up_to=None, packages_select_build_failed=False, packages_skip_build_finished=False, packages_select_test_failures=False, packages_skip_test_passed=False, packages_select=['turtlebot3_ball_collection'], packages_skip=None, packages_select_regex=None, packages_skip_regex=None, packages_start=None, packages_end=None, allow_overriding=[], cmake_args=None, cmake_target=None, cmake_target_skip_unavailable=False, cmake_clean_cache=False, cmake_clean_first=False, cmake_force_configure=False, ament_cmake_args=None, catkin_cmake_args=None, catkin_skip_building_tests=False, verb_parser=<colcon_defaults.argument_parser.defaults.DefaultArgumentsDecorator object at 0x751a1bf66230>, verb_extension=<colcon_core.verb.build.BuildVerb object at 0x751a1bf65d20>, main=<bound method BuildVerb.main of <colcon_core.verb.build.BuildVerb object at 0x751a1bf65d20>>)
[0.583s] Level 1:colcon.colcon_core.package_discovery:discover_packages(colcon_meta) check parameters
[0.583s] Level 1:colcon.colcon_core.package_discovery:discover_packages(recursive) check parameters
[0.583s] Level 1:colcon.colcon_core.package_discovery:discover_packages(ignore) check parameters
[0.583s] Level 1:colcon.colcon_core.package_discovery:discover_packages(path) check parameters
[0.583s] Level 1:colcon.colcon_core.package_discovery:discover_packages(colcon_meta) discover
[0.583s] Level 1:colcon.colcon_core.package_discovery:discover_packages(recursive) discover
[0.584s] INFO:colcon.colcon_core.package_discovery:Crawling recursively for packages in '/home/u22/turtlebot'
[0.584s] Level 1:colcon.colcon_core.package_identification:_identify(.) by extensions ['ignore', 'ignore_ament_install']
[0.584s] Level 1:colcon.colcon_core.package_identification:_identify(.) by extension 'ignore'
[0.584s] Level 1:colcon.colcon_core.package_identification:_identify(.) by extension 'ignore_ament_install'
[0.584s] Level 1:colcon.colcon_core.package_identification:_identify(.) by extensions ['colcon_pkg']
[0.584s] Level 1:colcon.colcon_core.package_identification:_identify(.) by extension 'colcon_pkg'
[0.584s] Level 1:colcon.colcon_core.package_identification:_identify(.) by extensions ['colcon_meta']
[0.584s] Level 1:colcon.colcon_core.package_identification:_identify(.) by extension 'colcon_meta'
[0.585s] Level 1:colcon.colcon_core.package_identification:_identify(.) by extensions ['ros']
[0.585s] Level 1:colcon.colcon_core.package_identification:_identify(.) by extension 'ros'
[0.606s] Level 1:colcon.colcon_core.package_identification:_identify(.) by extensions ['cmake', 'python']
[0.607s] Level 1:colcon.colcon_core.package_identification:_identify(.) by extension 'cmake'
[0.607s] Level 1:colcon.colcon_core.package_identification:_identify(.) by extension 'python'
[0.607s] Level 1:colcon.colcon_core.package_identification:_identify(.) by extensions ['python_setup_py']
[0.607s] Level 1:colcon.colcon_core.package_identification:_identify(.) by extension 'python_setup_py'
[0.607s] Level 1:colcon.colcon_core.package_identification:_identify(build) by extensions ['ignore', 'ignore_ament_install']
[0.607s] Level 1:colcon.colcon_core.package_identification:_identify(build) by extension 'ignore'
[0.607s] Level 1:colcon.colcon_core.package_identification:_identify(build) ignored
[0.608s] Level 1:colcon.colcon_core.package_identification:_identify(install) by extensions ['ignore', 'ignore_ament_install']
[0.608s] Level 1:colcon.colcon_core.package_identification:_identify(install) by extension 'ignore'
[0.608s] Level 1:colcon.colcon_core.package_identification:_identify(install) ignored
[0.609s] Level 1:colcon.colcon_core.package_identification:_identify(log) by extensions ['ignore', 'ignore_ament_install']
[0.609s] Level 1:colcon.colcon_core.package_identification:_identify(log) by extension 'ignore'
[0.609s] Level 1:colcon.colcon_core.package_identification:_identify(log) ignored
[0.610s] Level 1:colcon.colcon_core.package_identification:_identify(turtlebot3) by extensions ['ignore', 'ignore_ament_install']
[0.610s] Level 1:colcon.colcon_core.package_identification:_identify(turtlebot3) by extension 'ignore'
[0.611s] Level 1:colcon.colcon_core.package_identification:_identify(turtlebot3) by extension 'ignore_ament_install'
[0.611s] Level 1:colcon.colcon_core.package_identification:_identify(turtlebot3) by extensions ['colcon_pkg']
[0.611s] Level 1:colcon.colcon_core.package_identification:_identify(turtlebot3) by extension 'colcon_pkg'
[0.611s] Level 1:colcon.colcon_core.package_identification:_identify(turtlebot3) by extensions ['colcon_meta']
[0.611s] Level 1:colcon.colcon_core.package_identification:_identify(turtlebot3) by extension 'colcon_meta'
[0.611s] Level 1:colcon.colcon_core.package_identification:_identify(turtlebot3) by extensions ['ros']
[0.611s] Level 1:colcon.colcon_core.package_identification:_identify(turtlebot3) by extension 'ros'
[0.611s] Level 1:colcon.colcon_core.package_identification:_identify(turtlebot3) by extensions ['cmake', 'python']
[0.612s] Level 1:colcon.colcon_core.package_identification:_identify(turtlebot3) by extension 'cmake'
[0.612s] Level 1:colcon.colcon_core.package_identification:_identify(turtlebot3) by extension 'python'
[0.612s] Level 1:colcon.colcon_core.package_identification:_identify(turtlebot3) by extensions ['python_setup_py']
[0.612s] Level 1:colcon.colcon_core.package_identification:_identify(turtlebot3) by extension 'python_setup_py'
[0.612s] Level 1:colcon.colcon_core.package_identification:_identify(turtlebot3/docker) by extensions ['ignore', 'ignore_ament_install']
[0.612s] Level 1:colcon.colcon_core.package_identification:_identify(turtlebot3/docker) by extension 'ignore'
[0.612s] Level 1:colcon.colcon_core.package_identification:_identify(turtlebot3/docker) by extension 'ignore_ament_install'
[0.612s] Level 1:colcon.colcon_core.package_identification:_identify(turtlebot3/docker) by extensions ['colcon_pkg']
[0.612s] Level 1:colcon.colcon_core.package_identification:_identify(turtlebot3/docker) by extension 'colcon_pkg'
[0.612s] Level 1:colcon.colcon_core.package_identification:_identify(turtlebot3/docker) by extensions ['colcon_meta']
[0.612s] Level 1:colcon.colcon_core.package_identification:_identify(turtlebot3/docker) by extension 'colcon_meta'
[0.612s] Level 1:colcon.colcon_core.package_identification:_identify(turtlebot3/docker) by extensions ['ros']
[0.612s] Level 1:colcon.colcon_core.package_identification:_identify(turtlebot3/docker) by extension 'ros'
[0.613s] Level 1:colcon.colcon_core.package_identification:_identify(turtlebot3/docker) by extensions ['cmake', 'python']
[0.613s] Level 1:colcon.colcon_core.package_identification:_identify(turtlebot3/docker) by extension 'cmake'
[0.613s] Level 1:colcon.colcon_core.package_identification:_identify(turtlebot3/docker) by extension 'python'
[0.613s] Level 1:colcon.colcon_core.package_identification:_identify(turtlebot3/docker) by extensions ['python_setup_py']
[0.613s] Level 1:colcon.colcon_core.package_identification:_identify(turtlebot3/docker) by extension 'python_setup_py'
[0.613s] Level 1:colcon.colcon_core.package_identification:_identify(turtlebot3/docker/humble) by extensions ['ignore', 'ignore_ament_install']
[0.613s] Level 1:colcon.colcon_core.package_identification:_identify(turtlebot3/docker/humble) by extension 'ignore'
[0.613s] Level 1:colcon.colcon_core.package_identification:_identify(turtlebot3/docker/humble) by extension 'ignore_ament_install'
[0.613s] Level 1:colcon.colcon_core.package_identification:_identify(turtlebot3/docker/humble) by extensions ['colcon_pkg']
[0.613s] Level 1:colcon.colcon_core.package_identification:_identify(turtlebot3/docker/humble) by extension 'colcon_pkg'
[0.613s] Level 1:colcon.colcon_core.package_identification:_identify(turtlebot3/docker/humble) by extensions ['colcon_meta']
[0.613s] Level 1:colcon.colcon_core.package_identification:_identify(turtlebot3/docker/humble) by extension 'colcon_meta'
[0.614s] Level 1:colcon.colcon_core.package_identification:_identify(turtlebot3/docker/humble) by extensions ['ros']
[0.614s] Level 1:colcon.colcon_core.package_identification:_identify(turtlebot3/docker/humble) by extension 'ros'
[0.614s] Level 1:colcon.colcon_core.package_identification:_identify(turtlebot3/docker/humble) by extensions ['cmake', 'python']
[0.614s] Level 1:colcon.colcon_core.package_identification:_identify(turtlebot3/docker/humble) by extension 'cmake'
[0.614s] Level 1:colcon.colcon_core.package_identification:_identify(turtlebot3/docker/humble) by extension 'python'
[0.614s] Level 1:colcon.colcon_core.package_identification:_identify(turtlebot3/docker/humble) by extensions ['python_setup_py']
[0.614s] Level 1:colcon.colcon_core.package_identification:_identify(turtlebot3/docker/humble) by extension 'python_setup_py'
[0.614s] Level 1:colcon.colcon_core.package_identification:_identify(turtlebot3/docker/jazzy) by extensions ['ignore', 'ignore_ament_install']
[0.615s] Level 1:colcon.colcon_core.package_identification:_identify(turtlebot3/docker/jazzy) by extension 'ignore'
[0.615s] Level 1:colcon.colcon_core.package_identification:_identify(turtlebot3/docker/jazzy) by extension 'ignore_ament_install'
[0.615s] Level 1:colcon.colcon_core.package_identification:_identify(turtlebot3/docker/jazzy) by extensions ['colcon_pkg']
[0.615s] Level 1:colcon.colcon_core.package_identification:_identify(turtlebot3/docker/jazzy) by extension 'colcon_pkg'
[0.615s] Level 1:colcon.colcon_core.package_identification:_identify(turtlebot3/docker/jazzy) by extensions ['colcon_meta']
[0.615s] Level 1:colcon.colcon_core.package_identification:_identify(turtlebot3/docker/jazzy) by extension 'colcon_meta'
[0.615s] Level 1:colcon.colcon_core.package_identification:_identify(turtlebot3/docker/jazzy) by extensions ['ros']
[0.615s] Level 1:colcon.colcon_core.package_identification:_identify(turtlebot3/docker/jazzy) by extension 'ros'
[0.615s] Level 1:colcon.colcon_core.package_identification:_identify(turtlebot3/docker/jazzy) by extensions ['cmake', 'python']
[0.615s] Level 1:colcon.colcon_core.package_identification:_identify(turtlebot3/docker/jazzy) by extension 'cmake'
[0.616s] Level 1:colcon.colcon_core.package_identification:_identify(turtlebot3/docker/jazzy) by extension 'python'
[0.616s] Level 1:colcon.colcon_core.package_identification:_identify(turtlebot3/docker/jazzy) by extensions ['python_setup_py']
[0.616s] Level 1:colcon.colcon_core.package_identification:_identify(turtlebot3/docker/jazzy) by extension 'python_setup_py'
[0.616s] Level 1:colcon.colcon_core.package_identification:_identify(turtlebot3/turtlebot3) by extensions ['ignore', 'ignore_ament_install']
[0.616s] Level 1:colcon.colcon_core.package_identification:_identify(turtlebot3/turtlebot3) by extension 'ignore'
[0.616s] Level 1:colcon.colcon_core.package_identification:_identify(turtlebot3/turtlebot3) by extension 'ignore_ament_install'
[0.616s] Level 1:colcon.colcon_core.package_identification:_identify(turtlebot3/turtlebot3) by extensions ['colcon_pkg']
[0.616s] Level 1:colcon.colcon_core.package_identification:_identify(turtlebot3/turtlebot3) by extension 'colcon_pkg'
[0.616s] Level 1:colcon.colcon_core.package_identification:_identify(turtlebot3/turtlebot3) by extensions ['colcon_meta']
[0.616s] Level 1:colcon.colcon_core.package_identification:_identify(turtlebot3/turtlebot3) by extension 'colcon_meta'
[0.616s] Level 1:colcon.colcon_core.package_identification:_identify(turtlebot3/turtlebot3) by extensions ['ros']
[0.616s] Level 1:colcon.colcon_core.package_identification:_identify(turtlebot3/turtlebot3) by extension 'ros'
[0.622s] DEBUG:colcon.colcon_core.package_identification:Package 'turtlebot3/turtlebot3' with type 'ros.ament_cmake' and name 'turtlebot3'
[0.622s] Level 1:colcon.colcon_core.package_identification:_identify(turtlebot3/turtlebot3_ball_collection) by extensions ['ignore', 'ignore_ament_install']
[0.623s] Level 1:colcon.colcon_core.package_identification:_identify(turtlebot3/turtlebot3_ball_collection) by extension 'ignore'
[0.623s] Level 1:colcon.colcon_core.package_identification:_identify(turtlebot3/turtlebot3_ball_collection) by extension 'ignore_ament_install'
[0.623s] Level 1:colcon.colcon_core.package_identification:_identify(turtlebot3/turtlebot3_ball_collection) by extensions ['colcon_pkg']
[0.623s] Level 1:colcon.colcon_core.package_identification:_identify(turtlebot3/turtlebot3_ball_collection) by extension 'colcon_pkg'
[0.623s] Level 1:colcon.colcon_core.package_identification:_identify(turtlebot3/turtlebot3_ball_collection) by extensions ['colcon_meta']
[0.623s] Level 1:colcon.colcon_core.package_identification:_identify(turtlebot3/turtlebot3_ball_collection) by extension 'colcon_meta'
[0.623s] Level 1:colcon.colcon_core.package_identification:_identify(turtlebot3/turtlebot3_ball_collection) by extensions ['ros']
[0.623s] Level 1:colcon.colcon_core.package_identification:_identify(turtlebot3/turtlebot3_ball_collection) by extension 'ros'
[0.625s] DEBUG:colcon.colcon_core.package_identification:Package 'turtlebot3/turtlebot3_ball_collection' with type 'ros.ament_cmake' and name 'turtlebot3_ball_collection'
[0.626s] Level 1:colcon.colcon_core.package_identification:_identify(turtlebot3/turtlebot3_bringup) by extensions ['ignore', 'ignore_ament_install']
[0.626s] Level 1:colcon.colcon_core.package_identification:_identify(turtlebot3/turtlebot3_bringup) by extension 'ignore'
[0.626s] Level 1:colcon.colcon_core.package_identification:_identify(turtlebot3/turtlebot3_bringup) by extension 'ignore_ament_install'
[0.626s] Level 1:colcon.colcon_core.package_identification:_identify(turtlebot3/turtlebot3_bringup) by extensions ['colcon_pkg']
[0.626s] Level 1:colcon.colcon_core.package_identification:_identify(turtlebot3/turtlebot3_bringup) by extension 'colcon_pkg'
[0.626s] Level 1:colcon.colcon_core.package_identification:_identify(turtlebot3/turtlebot3_bringup) by extensions ['colcon_meta']
[0.626s] Level 1:colcon.colcon_core.package_identification:_identify(turtlebot3/turtlebot3_bringup) by extension 'colcon_meta'
[0.626s] Level 1:colcon.colcon_core.package_identification:_identify(turtlebot3/turtlebot3_bringup) by extensions ['ros']
[0.627s] Level 1:colcon.colcon_core.package_identification:_identify(turtlebot3/turtlebot3_bringup) by extension 'ros'
[0.628s] DEBUG:colcon.colcon_core.package_identification:Package 'turtlebot3/turtlebot3_bringup' with type 'ros.ament_cmake' and name 'turtlebot3_bringup'
[0.628s] Level 1:colcon.colcon_core.package_identification:_identify(turtlebot3/turtlebot3_cartographer) by extensions ['ignore', 'ignore_ament_install']
[0.628s] Level 1:colcon.colcon_core.package_identification:_identify(turtlebot3/turtlebot3_cartographer) by extension 'ignore'
[0.629s] Level 1:colcon.colcon_core.package_identification:_identify(turtlebot3/turtlebot3_cartographer) by extension 'ignore_ament_install'
[0.629s] Level 1:colcon.colcon_core.package_identification:_identify(turtlebot3/turtlebot3_cartographer) by extensions ['colcon_pkg']
[0.629s] Level 1:colcon.colcon_core.package_identification:_identify(turtlebot3/turtlebot3_cartographer) by extension 'colcon_pkg'
[0.629s] Level 1:colcon.colcon_core.package_identification:_identify(turtlebot3/turtlebot3_cartographer) by extensions ['colcon_meta']
[0.629s] Level 1:colcon.colcon_core.package_identification:_identify(turtlebot3/turtlebot3_cartographer) by extension 'colcon_meta'
[0.629s] Level 1:colcon.colcon_core.package_identification:_identify(turtlebot3/turtlebot3_cartographer) by extensions ['ros']
[0.629s] Level 1:colcon.colcon_core.package_identification:_identify(turtlebot3/turtlebot3_cartographer) by extension 'ros'
[0.630s] DEBUG:colcon.colcon_core.package_identification:Package 'turtlebot3/turtlebot3_cartographer' with type 'ros.ament_cmake' and name 'turtlebot3_cartographer'
[0.631s] Level 1:colcon.colcon_core.package_identification:_identify(turtlebot3/turtlebot3_description) by extensions ['ignore', 'ignore_ament_install']
[0.631s] Level 1:colcon.colcon_core.package_identification:_identify(turtlebot3/turtlebot3_description) by extension 'ignore'
[0.631s] Level 1:colcon.colcon_core.package_identification:_identify(turtlebot3/turtlebot3_description) by extension 'ignore_ament_install'
[0.631s] Level 1:colcon.colcon_core.package_identification:_identify(turtlebot3/turtlebot3_description) by extensions ['colcon_pkg']
[0.631s] Level 1:colcon.colcon_core.package_identification:_identify(turtlebot3/turtlebot3_description) by extension 'colcon_pkg'
[0.631s] Level 1:colcon.colcon_core.package_identification:_identify(turtlebot3/turtlebot3_description) by extensions ['colcon_meta']
[0.631s] Level 1:colcon.colcon_core.package_identification:_identify(turtlebot3/turtlebot3_description) by extension 'colcon_meta'
[0.631s] Level 1:colcon.colcon_core.package_identification:_identify(turtlebot3/turtlebot3_description) by extensions ['ros']
[0.631s] Level 1:colcon.colcon_core.package_identification:_identify(turtlebot3/turtlebot3_description) by extension 'ros'
[0.632s] DEBUG:colcon.colcon_core.package_identification:Package 'turtlebot3/turtlebot3_description' with type 'ros.ament_cmake' and name 'turtlebot3_description'
[0.632s] Level 1:colcon.colcon_core.package_identification:_identify(turtlebot3/turtlebot3_example) by extensions ['ignore', 'ignore_ament_install']
[0.633s] Level 1:colcon.colcon_core.package_identification:_identify(turtlebot3/turtlebot3_example) by extension 'ignore'
[0.633s] Level 1:colcon.colcon_core.package_identification:_identify(turtlebot3/turtlebot3_example) by extension 'ignore_ament_install'
[0.633s] Level 1:colcon.colcon_core.package_identification:_identify(turtlebot3/turtlebot3_example) by extensions ['colcon_pkg']
[0.633s] Level 1:colcon.colcon_core.package_identification:_identify(turtlebot3/turtlebot3_example) by extension 'colcon_pkg'
[0.633s] Level 1:colcon.colcon_core.package_identification:_identify(turtlebot3/turtlebot3_example) by extensions ['colcon_meta']
[0.633s] Level 1:colcon.colcon_core.package_identification:_identify(turtlebot3/turtlebot3_example) by extension 'colcon_meta'
[0.633s] Level 1:colcon.colcon_core.package_identification:_identify(turtlebot3/turtlebot3_example) by extensions ['ros']
[0.633s] Level 1:colcon.colcon_core.package_identification:_identify(turtlebot3/turtlebot3_example) by extension 'ros'
[0.635s] DEBUG:colcon.colcon_core.package_identification:Package 'turtlebot3/turtlebot3_example' with type 'ros.ament_python' and name 'turtlebot3_example'
[0.635s] Level 1:colcon.colcon_core.package_identification:_identify(turtlebot3/turtlebot3_navigation2) by extensions ['ignore', 'ignore_ament_install']
[0.635s] Level 1:colcon.colcon_core.package_identification:_identify(turtlebot3/turtlebot3_navigation2) by extension 'ignore'
[0.635s] Level 1:colcon.colcon_core.package_identification:_identify(turtlebot3/turtlebot3_navigation2) by extension 'ignore_ament_install'
[0.636s] Level 1:colcon.colcon_core.package_identification:_identify(turtlebot3/turtlebot3_navigation2) by extensions ['colcon_pkg']
[0.636s] Level 1:colcon.colcon_core.package_identification:_identify(turtlebot3/turtlebot3_navigation2) by extension 'colcon_pkg'
[0.636s] Level 1:colcon.colcon_core.package_identification:_identify(turtlebot3/turtlebot3_navigation2) by extensions ['colcon_meta']
[0.636s] Level 1:colcon.colcon_core.package_identification:_identify(turtlebot3/turtlebot3_navigation2) by extension 'colcon_meta'
[0.636s] Level 1:colcon.colcon_core.package_identification:_identify(turtlebot3/turtlebot3_navigation2) by extensions ['ros']
[0.636s] Level 1:colcon.colcon_core.package_identification:_identify(turtlebot3/turtlebot3_navigation2) by extension 'ros'
[0.637s] DEBUG:colcon.colcon_core.package_identification:Package 'turtlebot3/turtlebot3_navigation2' with type 'ros.ament_cmake' and name 'turtlebot3_navigation2'
[0.637s] Level 1:colcon.colcon_core.package_identification:_identify(turtlebot3/turtlebot3_node) by extensions ['ignore', 'ignore_ament_install']
[0.637s] Level 1:colcon.colcon_core.package_identification:_identify(turtlebot3/turtlebot3_node) by extension 'ignore'
[0.637s] Level 1:colcon.colcon_core.package_identification:_identify(turtlebot3/turtlebot3_node) by extension 'ignore_ament_install'
[0.638s] Level 1:colcon.colcon_core.package_identification:_identify(turtlebot3/turtlebot3_node) by extensions ['colcon_pkg']
[0.638s] Level 1:colcon.colcon_core.package_identification:_identify(turtlebot3/turtlebot3_node) by extension 'colcon_pkg'
[0.638s] Level 1:colcon.colcon_core.package_identification:_identify(turtlebot3/turtlebot3_node) by extensions ['colcon_meta']
[0.638s] Level 1:colcon.colcon_core.package_identification:_identify(turtlebot3/turtlebot3_node) by extension 'colcon_meta'
[0.638s] Level 1:colcon.colcon_core.package_identification:_identify(turtlebot3/turtlebot3_node) by extensions ['ros']
[0.638s] Level 1:colcon.colcon_core.package_identification:_identify(turtlebot3/turtlebot3_node) by extension 'ros'
[0.639s] DEBUG:colcon.colcon_core.package_identification:Package 'turtlebot3/turtlebot3_node' with type 'ros.ament_cmake' and name 'turtlebot3_node'
[0.639s] Level 1:colcon.colcon_core.package_identification:_identify(turtlebot3/turtlebot3_teleop) by extensions ['ignore', 'ignore_ament_install']
[0.639s] Level 1:colcon.colcon_core.package_identification:_identify(turtlebot3/turtlebot3_teleop) by extension 'ignore'
[0.640s] Level 1:colcon.colcon_core.package_identification:_identify(turtlebot3/turtlebot3_teleop) by extension 'ignore_ament_install'
[0.640s] Level 1:colcon.colcon_core.package_identification:_identify(turtlebot3/turtlebot3_teleop) by extensions ['colcon_pkg']
[0.640s] Level 1:colcon.colcon_core.package_identification:_identify(turtlebot3/turtlebot3_teleop) by extension 'colcon_pkg'
[0.640s] Level 1:colcon.colcon_core.package_identification:_identify(turtlebot3/turtlebot3_teleop) by extensions ['colcon_meta']
[0.640s] Level 1:colcon.colcon_core.package_identification:_identify(turtlebot3/turtlebot3_teleop) by extension 'colcon_meta'
[0.640s] Level 1:colcon.colcon_core.package_identification:_identify(turtlebot3/turtlebot3_teleop) by extensions ['ros']
[0.640s] Level 1:colcon.colcon_core.package_identification:_identify(turtlebot3/turtlebot3_teleop) by extension 'ros'
[0.641s] DEBUG:colcon.colcon_core.package_identification:Package 'turtlebot3/turtlebot3_teleop' with type 'ros.ament_python' and name 'turtlebot3_teleop'
[0.642s] Level 1:colcon.colcon_core.package_identification:_identify(turtlebot3/turtlebot3_vision) by extensions ['ignore', 'ignore_ament_install']
[0.642s] Level 1:colcon.colcon_core.package_identification:_identify(turtlebot3/turtlebot3_vision) by extension 'ignore'
[0.642s] Level 1:colcon.colcon_core.package_identification:_identify(turtlebot3/turtlebot3_vision) by extension 'ignore_ament_install'
[0.642s] Level 1:colcon.colcon_core.package_identification:_identify(turtlebot3/turtlebot3_vision) by extensions ['colcon_pkg']
[0.642s] Level 1:colcon.colcon_core.package_identification:_identify(turtlebot3/turtlebot3_vision) by extension 'colcon_pkg'
[0.642s] Level 1:colcon.colcon_core.package_identification:_identify(turtlebot3/turtlebot3_vision) by extensions ['colcon_meta']
[0.642s] Level 1:colcon.colcon_core.package_identification:_identify(turtlebot3/turtlebot3_vision) by extension 'colcon_meta'
[0.642s] Level 1:colcon.colcon_core.package_identification:_identify(turtlebot3/turtlebot3_vision) by extensions ['ros']
[0.642s] Level 1:colcon.colcon_core.package_identification:_identify(turtlebot3/turtlebot3_vision) by extension 'ros'
[0.643s] DEBUG:colcon.colcon_core.package_identification:Package 'turtlebot3/turtlebot3_vision' with type 'ros.ament_python' and name 'turtlebot3_vision'
[0.643s] Level 1:colcon.colcon_core.package_identification:_identify(turtlebot3_simulations) by extensions ['ignore', 'ignore_ament_install']
[0.643s] Level 1:colcon.colcon_core.package_identification:_identify(turtlebot3_simulations) by extension 'ignore'
[0.643s] Level 1:colcon.colcon_core.package_identification:_identify(turtlebot3_simulations) by extension 'ignore_ament_install'
[0.643s] Level 1:colcon.colcon_core.package_identification:_identify(turtlebot3_simulations) by extensions ['colcon_pkg']
[0.643s] Level 1:colcon.colcon_core.package_identification:_identify(turtlebot3_simulations) by extension 'colcon_pkg'
[0.643s] Level 1:colcon.colcon_core.package_identification:_identify(turtlebot3_simulations) by extensions ['colcon_meta']
[0.644s] Level 1:colcon.colcon_core.package_identification:_identify(turtlebot3_simulations) by extension 'colcon_meta'
[0.644s] Level 1:colcon.colcon_core.package_identification:_identify(turtlebot3_simulations) by extensions ['ros']
[0.644s] Level 1:colcon.colcon_core.package_identification:_identify(turtlebot3_simulations) by extension 'ros'
[0.644s] Level 1:colcon.colcon_core.package_identification:_identify(turtlebot3_simulations) by extensions ['cmake', 'python']
[0.644s] Level 1:colcon.colcon_core.package_identification:_identify(turtlebot3_simulations) by extension 'cmake'
[0.644s] Level 1:colcon.colcon_core.package_identification:_identify(turtlebot3_simulations) by extension 'python'
[0.644s] Level 1:colcon.colcon_core.package_identification:_identify(turtlebot3_simulations) by extensions ['python_setup_py']
[0.644s] Level 1:colcon.colcon_core.package_identification:_identify(turtlebot3_simulations) by extension 'python_setup_py'
[0.644s] Level 1:colcon.colcon_core.package_identification:_identify(turtlebot3_simulations/turtlebot3_fake_node) by extensions ['ignore', 'ignore_ament_install']
[0.644s] Level 1:colcon.colcon_core.package_identification:_identify(turtlebot3_simulations/turtlebot3_fake_node) by extension 'ignore'
[0.644s] Level 1:colcon.colcon_core.package_identification:_identify(turtlebot3_simulations/turtlebot3_fake_node) by extension 'ignore_ament_install'
[0.645s] Level 1:colcon.colcon_core.package_identification:_identify(turtlebot3_simulations/turtlebot3_fake_node) by extensions ['colcon_pkg']
[0.645s] Level 1:colcon.colcon_core.package_identification:_identify(turtlebot3_simulations/turtlebot3_fake_node) by extension 'colcon_pkg'
[0.645s] Level 1:colcon.colcon_core.package_identification:_identify(turtlebot3_simulations/turtlebot3_fake_node) by extensions ['colcon_meta']
[0.645s] Level 1:colcon.colcon_core.package_identification:_identify(turtlebot3_simulations/turtlebot3_fake_node) by extension 'colcon_meta'
[0.645s] Level 1:colcon.colcon_core.package_identification:_identify(turtlebot3_simulations/turtlebot3_fake_node) by extensions ['ros']
[0.645s] Level 1:colcon.colcon_core.package_identification:_identify(turtlebot3_simulations/turtlebot3_fake_node) by extension 'ros'
[0.649s] DEBUG:colcon.colcon_core.package_identification:Package 'turtlebot3_simulations/turtlebot3_fake_node' with type 'ros.ament_cmake' and name 'turtlebot3_fake_node'
[0.649s] Level 1:colcon.colcon_core.package_identification:_identify(turtlebot3_simulations/turtlebot3_gazebo) by extensions ['ignore', 'ignore_ament_install']
[0.649s] Level 1:colcon.colcon_core.package_identification:_identify(turtlebot3_simulations/turtlebot3_gazebo) by extension 'ignore'
[0.649s] Level 1:colcon.colcon_core.package_identification:_identify(turtlebot3_simulations/turtlebot3_gazebo) by extension 'ignore_ament_install'
[0.649s] Level 1:colcon.colcon_core.package_identification:_identify(turtlebot3_simulations/turtlebot3_gazebo) by extensions ['colcon_pkg']
[0.649s] Level 1:colcon.colcon_core.package_identification:_identify(turtlebot3_simulations/turtlebot3_gazebo) by extension 'colcon_pkg'
[0.650s] Level 1:colcon.colcon_core.package_identification:_identify(turtlebot3_simulations/turtlebot3_gazebo) by extensions ['colcon_meta']
[0.650s] Level 1:colcon.colcon_core.package_identification:_identify(turtlebot3_simulations/turtlebot3_gazebo) by extension 'colcon_meta'
[0.650s] Level 1:colcon.colcon_core.package_identification:_identify(turtlebot3_simulations/turtlebot3_gazebo) by extensions ['ros']
[0.650s] Level 1:colcon.colcon_core.package_identification:_identify(turtlebot3_simulations/turtlebot3_gazebo) by extension 'ros'
[0.652s] DEBUG:colcon.colcon_core.package_identification:Package 'turtlebot3_simulations/turtlebot3_gazebo' with type 'ros.ament_cmake' and name 'turtlebot3_gazebo'
[0.652s] Level 1:colcon.colcon_core.package_identification:_identify(turtlebot3_simulations/turtlebot3_manipulation_gazebo) by extensions ['ignore', 'ignore_ament_install']
[0.652s] Level 1:colcon.colcon_core.package_identification:_identify(turtlebot3_simulations/turtlebot3_manipulation_gazebo) by extension 'ignore'
[0.652s] Level 1:colcon.colcon_core.package_identification:_identify(turtlebot3_simulations/turtlebot3_manipulation_gazebo) by extension 'ignore_ament_install'
[0.653s] Level 1:colcon.colcon_core.package_identification:_identify(turtlebot3_simulations/turtlebot3_manipulation_gazebo) by extensions ['colcon_pkg']
[0.653s] Level 1:colcon.colcon_core.package_identification:_identify(turtlebot3_simulations/turtlebot3_manipulation_gazebo) by extension 'colcon_pkg'
[0.653s] Level 1:colcon.colcon_core.package_identification:_identify(turtlebot3_simulations/turtlebot3_manipulation_gazebo) by extensions ['colcon_meta']
[0.653s] Level 1:colcon.colcon_core.package_identification:_identify(turtlebot3_simulations/turtlebot3_manipulation_gazebo) by extension 'colcon_meta'
[0.653s] Level 1:colcon.colcon_core.package_identification:_identify(turtlebot3_simulations/turtlebot3_manipulation_gazebo) by extensions ['ros']
[0.653s] Level 1:colcon.colcon_core.package_identification:_identify(turtlebot3_simulations/turtlebot3_manipulation_gazebo) by extension 'ros'
[0.654s] DEBUG:colcon.colcon_core.package_identification:Package 'turtlebot3_simulations/turtlebot3_manipulation_gazebo' with type 'ros.ament_cmake' and name 'turtlebot3_manipulation_gazebo'
[0.654s] Level 1:colcon.colcon_core.package_identification:_identify(turtlebot3_simulations/turtlebot3_simulations) by extensions ['ignore', 'ignore_ament_install']
[0.654s] Level 1:colcon.colcon_core.package_identification:_identify(turtlebot3_simulations/turtlebot3_simulations) by extension 'ignore'
[0.655s] Level 1:colcon.colcon_core.package_identification:_identify(turtlebot3_simulations/turtlebot3_simulations) by extension 'ignore_ament_install'
[0.655s] Level 1:colcon.colcon_core.package_identification:_identify(turtlebot3_simulations/turtlebot3_simulations) by extensions ['colcon_pkg']
[0.655s] Level 1:colcon.colcon_core.package_identification:_identify(turtlebot3_simulations/turtlebot3_simulations) by extension 'colcon_pkg'
[0.655s] Level 1:colcon.colcon_core.package_identification:_identify(turtlebot3_simulations/turtlebot3_simulations) by extensions ['colcon_meta']
[0.655s] Level 1:colcon.colcon_core.package_identification:_identify(turtlebot3_simulations/turtlebot3_simulations) by extension 'colcon_meta'
[0.655s] Level 1:colcon.colcon_core.package_identification:_identify(turtlebot3_simulations/turtlebot3_simulations) by extensions ['ros']
[0.655s] Level 1:colcon.colcon_core.package_identification:_identify(turtlebot3_simulations/turtlebot3_simulations) by extension 'ros'
[0.656s] DEBUG:colcon.colcon_core.package_identification:Package 'turtlebot3_simulations/turtlebot3_simulations' with type 'ros.ament_cmake' and name 'turtlebot3_simulations'
[0.656s] Level 1:colcon.colcon_core.package_discovery:discover_packages(recursive) using defaults
[0.656s] Level 1:colcon.colcon_core.package_discovery:discover_packages(ignore) discover
[0.657s] Level 1:colcon.colcon_core.package_discovery:discover_packages(ignore) using defaults
[0.657s] Level 1:colcon.colcon_core.package_discovery:discover_packages(path) discover
[0.657s] Level 1:colcon.colcon_core.package_discovery:discover_packages(path) using defaults
[0.716s] INFO:colcon.colcon_core.package_selection:Skipping not selected package 'turtlebot3_cartographer' in 'turtlebot3/turtlebot3_cartographer'
[0.716s] INFO:colcon.colcon_core.package_selection:Skipping not selected package 'turtlebot3_description' in 'turtlebot3/turtlebot3_description'
[0.716s] INFO:colcon.colcon_core.package_selection:Skipping not selected package 'turtlebot3_example' in 'turtlebot3/turtlebot3_example'
[0.716s] INFO:colcon.colcon_core.package_selection:Skipping not selected package 'turtlebot3_fake_node' in 'turtlebot3_simulations/turtlebot3_fake_node'
[0.716s] INFO:colcon.colcon_core.package_selection:Skipping not selected package 'turtlebot3_gazebo' in 'turtlebot3_simulations/turtlebot3_gazebo'
[0.716s] INFO:colcon.colcon_core.package_selection:Skipping not selected package 'turtlebot3_manipulation_gazebo' in 'turtlebot3_simulations/turtlebot3_manipulation_gazebo'
[0.716s] INFO:colcon.colcon_core.package_selection:Skipping not selected package 'turtlebot3_navigation2' in 'turtlebot3/turtlebot3_navigation2'
[0.716s] INFO:colcon.colcon_core.package_selection:Skipping not selected package 'turtlebot3_node' in 'turtlebot3/turtlebot3_node'
[0.716s] INFO:colcon.colcon_core.package_selection:Skipping not selected package 'turtlebot3_teleop' in 'turtlebot3/turtlebot3_teleop'
[0.716s] INFO:colcon.colcon_core.package_selection:Skipping not selected package 'turtlebot3_vision' in 'turtlebot3/turtlebot3_vision'
[0.716s] INFO:colcon.colcon_core.package_selection:Skipping not selected package 'turtlebot3_bringup' in 'turtlebot3/turtlebot3_bringup'
[0.716s] INFO:colcon.colcon_core.package_selection:Skipping not selected package 'turtlebot3_simulations' in 'turtlebot3_simulations/turtlebot3_simulations'
[0.716s] INFO:colcon.colcon_core.package_selection:Skipping not selected package 'turtlebot3' in 'turtlebot3/turtlebot3'
[0.717s] Level 1:colcon.colcon_core.package_discovery:discover_packages(prefix_path) check parameters
[0.717s] Level 1:colcon.colcon_core.package_discovery:discover_packages(prefix_path) discover
[0.722s] DEBUG:colcon.colcon_installed_package_information.package_discovery:Found 15 installed packages in /home/u22/turtlebot/install
[0.725s] DEBUG:colcon.colcon_installed_package_information.package_discovery:Found 435 installed packages in /opt/ros/humble
[0.730s] Level 1:colcon.colcon_core.package_discovery:discover_packages(prefix_path) using defaults
[0.829s] Level 5:colcon.colcon_core.verb:set package 'turtlebot3_ball_collection' build argument 'cmake_args' from command line to 'None'
[0.829s] Level 5:colcon.colcon_core.verb:set package 'turtlebot3_ball_collection' build argument 'cmake_target' from command line to 'None'
[0.829s] Level 5:colcon.colcon_core.verb:set package 'turtlebot3_ball_collection' build argument 'cmake_target_skip_unavailable' from command line to 'False'
[0.830s] Level 5:colcon.colcon_core.verb:set package 'turtlebot3_ball_collection' build argument 'cmake_clean_cache' from command line to 'False'
[0.830s] Level 5:colcon.colcon_core.verb:set package 'turtlebot3_ball_collection' build argument 'cmake_clean_first' from command line to 'False'
[0.830s] Level 5:colcon.colcon_core.verb:set package 'turtlebot3_ball_collection' build argument 'cmake_force_configure' from command line to 'False'
[0.830s] Level 5:colcon.colcon_core.verb:set package 'turtlebot3_ball_collection' build argument 'ament_cmake_args' from command line to 'None'
[0.830s] Level 5:colcon.colcon_core.verb:set package 'turtlebot3_ball_collection' build argument 'catkin_cmake_args' from command line to 'None'
[0.830s] Level 5:colcon.colcon_core.verb:set package 'turtlebot3_ball_collection' build argument 'catkin_skip_building_tests' from command line to 'False'
[0.830s] DEBUG:colcon.colcon_core.verb:Building package 'turtlebot3_ball_collection' with the following arguments: {'ament_cmake_args': None, 'build_base': '/home/u22/turtlebot/build/turtlebot3_ball_collection', 'catkin_cmake_args': None, 'catkin_skip_building_tests': False, 'cmake_args': None, 'cmake_clean_cache': False, 'cmake_clean_first': False, 'cmake_force_configure': False, 'cmake_target': None, 'cmake_target_skip_unavailable': False, 'install_base': '/home/u22/turtlebot/install/turtlebot3_ball_collection', 'merge_install': False, 'path': '/home/u22/turtlebot/turtlebot3/turtlebot3_ball_collection', 'symlink_install': False, 'test_result_base': None}
[0.831s] INFO:colcon.colcon_core.executor:Executing jobs using 'parallel' executor
[0.836s] DEBUG:colcon.colcon_parallel_executor.executor.parallel:run_until_complete
[0.837s] INFO:colcon.colcon_ros.task.ament_cmake.build:Building ROS package in '/home/u22/turtlebot/turtlebot3/turtlebot3_ball_collection' with build type 'ament_cmake'
[0.837s] INFO:colcon.colcon_cmake.task.cmake.build:Building CMake package in '/home/u22/turtlebot/turtlebot3/turtlebot3_ball_collection'
[0.841s] INFO:colcon.colcon_core.plugin_system:Skipping extension 'colcon_core.shell.bat': Not used on non-Windows systems
[0.842s] INFO:colcon.colcon_core.shell:Skip shell extension 'powershell' for command environment: Not usable outside of PowerShell
[0.842s] DEBUG:colcon.colcon_core.shell:Skip shell extension 'dsv' for command environment
[0.885s] DEBUG:colcon.colcon_core.event_handler.log_command:Invoking command in '/home/u22/turtlebot/build/turtlebot3_ball_collection': CMAKE_PREFIX_PATH=${CMAKE_PREFIX_PATH}:/home/u22/turtlebot/install/turtlebot3_vision:/home/u22/turtlebot/install/turtlebot3_teleop:/home/u22/turtlebot/install/turtlebot3_example:/opt/ros/humble __trae_PS1=\n(TraeAI-6) \w [$?] $ /usr/bin/cmake --build /home/u22/turtlebot/build/turtlebot3_ball_collection -- -j4 -l4
[34.587s] Level 1:colcon.colcon_core.environment:create_environment_scripts_only(turtlebot3_ball_collection)
[34.588s] DEBUG:colcon.colcon_core.event_handler.log_command:Invoked command in '/home/u22/turtlebot/build/turtlebot3_ball_collection' returned '2': CMAKE_PREFIX_PATH=${CMAKE_PREFIX_PATH}:/home/u22/turtlebot/install/turtlebot3_vision:/home/u22/turtlebot/install/turtlebot3_teleop:/home/u22/turtlebot/install/turtlebot3_example:/opt/ros/humble __trae_PS1=\n(TraeAI-6) \w [$?] $ /usr/bin/cmake --build /home/u22/turtlebot/build/turtlebot3_ball_collection -- -j4 -l4
[34.593s] Level 1:colcon.colcon_core.environment:checking '/home/u22/turtlebot/install/turtlebot3_ball_collection' for CMake module files
[34.595s] Level 1:colcon.colcon_core.environment:checking '/home/u22/turtlebot/install/turtlebot3_ball_collection' for CMake config files
[34.595s] Level 1:colcon.colcon_core.shell:create_environment_hook('turtlebot3_ball_collection', 'cmake_prefix_path')
[34.595s] INFO:colcon.colcon_core.shell:Creating environment hook '/home/u22/turtlebot/install/turtlebot3_ball_collection/share/turtlebot3_ball_collection/hook/cmake_prefix_path.ps1'
[34.597s] INFO:colcon.colcon_core.shell:Creating environment descriptor '/home/u22/turtlebot/install/turtlebot3_ball_collection/share/turtlebot3_ball_collection/hook/cmake_prefix_path.dsv'
[34.598s] INFO:colcon.colcon_core.shell:Creating environment hook '/home/u22/turtlebot/install/turtlebot3_ball_collection/share/turtlebot3_ball_collection/hook/cmake_prefix_path.sh'
[34.601s] Level 1:colcon.colcon_core.environment:checking '/home/u22/turtlebot/install/turtlebot3_ball_collection/lib'
[34.602s] Level 1:colcon.colcon_core.environment:checking '/home/u22/turtlebot/install/turtlebot3_ball_collection/bin'
[34.602s] Level 1:colcon.colcon_core.environment:checking '/home/u22/turtlebot/install/turtlebot3_ball_collection/lib/pkgconfig/turtlebot3_ball_collection.pc'
[34.602s] Level 1:colcon.colcon_core.environment:checking '/home/u22/turtlebot/install/turtlebot3_ball_collection/lib/python3.10/site-packages'
[34.603s] Level 1:colcon.colcon_core.environment:checking '/home/u22/turtlebot/install/turtlebot3_ball_collection/bin'
[34.604s] INFO:colcon.colcon_core.shell:Creating package script '/home/u22/turtlebot/install/turtlebot3_ball_collection/share/turtlebot3_ball_collection/package.ps1'
[34.606s] INFO:colcon.colcon_core.shell:Creating package descriptor '/home/u22/turtlebot/install/turtlebot3_ball_collection/share/turtlebot3_ball_collection/package.dsv'
[34.607s] INFO:colcon.colcon_core.shell:Creating package script '/home/u22/turtlebot/install/turtlebot3_ball_collection/share/turtlebot3_ball_collection/package.sh'
[34.609s] INFO:colcon.colcon_core.shell:Creating package script '/home/u22/turtlebot/install/turtlebot3_ball_collection/share/turtlebot3_ball_collection/package.bash'
[34.612s] INFO:colcon.colcon_core.shell:Creating package script '/home/u22/turtlebot/install/turtlebot3_ball_collection/share/turtlebot3_ball_collection/package.zsh'
[34.613s] Level 1:colcon.colcon_core.environment:create_file_with_runtime_dependencies(/home/u22/turtlebot/install/turtlebot3_ball_collection/share/colcon-core/packages/turtlebot3_ball_collection)
[34.625s] DEBUG:colcon.colcon_parallel_executor.executor.parallel:closing loop
[34.626s] DEBUG:colcon.colcon_parallel_executor.executor.parallel:loop closed
[34.626s] DEBUG:colcon.colcon_parallel_executor.executor.parallel:run_until_complete finished with '2'
[34.626s] DEBUG:colcon.colcon_core.event_reactor:joining thread
[34.639s] INFO:colcon.colcon_core.plugin_system:Skipping extension 'colcon_notification.desktop_notification.terminal_notifier': Not used on non-Darwin systems
[34.639s] INFO:colcon.colcon_core.plugin_system:Skipping extension 'colcon_notification.desktop_notification.win32': Not used on non-Windows systems
[34.639s] INFO:colcon.colcon_notification.desktop_notification:Sending desktop notification using 'notify2'
[34.684s] DEBUG:colcon.colcon_core.event_reactor:joined thread
[34.686s] INFO:colcon.colcon_core.shell:Creating prefix script '/home/u22/turtlebot/install/local_setup.ps1'
[34.688s] INFO:colcon.colcon_core.shell:Creating prefix util module '/home/u22/turtlebot/install/_local_setup_util_ps1.py'
[34.692s] INFO:colcon.colcon_core.shell:Creating prefix chain script '/home/u22/turtlebot/install/setup.ps1'
[34.697s] INFO:colcon.colcon_core.shell:Creating prefix script '/home/u22/turtlebot/install/local_setup.sh'
[34.699s] INFO:colcon.colcon_core.shell:Creating prefix util module '/home/u22/turtlebot/install/_local_setup_util_sh.py'
[34.701s] INFO:colcon.colcon_core.shell:Creating prefix chain script '/home/u22/turtlebot/install/setup.sh'
[34.704s] INFO:colcon.colcon_core.shell:Creating prefix script '/home/u22/turtlebot/install/local_setup.bash'
[34.705s] INFO:colcon.colcon_core.shell:Creating prefix chain script '/home/u22/turtlebot/install/setup.bash'
[34.709s] INFO:colcon.colcon_core.shell:Creating prefix script '/home/u22/turtlebot/install/local_setup.zsh'
[34.711s] INFO:colcon.colcon_core.shell:Creating prefix chain script '/home/u22/turtlebot/install/setup.zsh'
