[0.022s] Invoking command in '/home/u22/turtlebot/build/semantic_density_map': CMAKE_PREFIX_PATH=/opt/ros/humble /usr/bin/cmake --build /home/u22/turtlebot/build/semantic_density_map -- -j4 -l4
[0.072s] -- Found ament_cmake: 1.3.13 (/opt/ros/humble/share/ament_cmake/cmake)
[0.326s] -- Found rclcpp: 16.0.18 (/opt/ros/humble/share/rclcpp/cmake)
[0.378s] -- Found rosidl_generator_c: 3.1.8 (/opt/ros/humble/share/rosidl_generator_c/cmake)
[0.383s] -- Found rosidl_adapter: 3.1.8 (/opt/ros/humble/share/rosidl_adapter/cmake)
[0.400s] -- Found rosidl_generator_cpp: 3.1.8 (/opt/ros/humble/share/rosidl_generator_cpp/cmake)
[0.427s] -- Using all available rosidl_typesupport_c: rosidl_typesupport_fastrtps_c;rosidl_typesupport_introspection_c
[0.462s] -- Using all available rosidl_typesupport_cpp: rosidl_typesupport_fastrtps_cpp;rosidl_typesupport_introspection_cpp
[0.539s] -- Found rmw_implementation_cmake: 6.1.2 (/opt/ros/humble/share/rmw_implementation_cmake/cmake)
[0.542s] -- Found rmw_fastrtps_cpp: 6.2.10 (/opt/ros/humble/share/rmw_fastrtps_cpp/cmake)
[0.764s] -- Using RMW implementation 'rmw_fastrtps_cpp' as default
[0.873s] -- Found geometry_msgs: 4.9.1 (/opt/ros/humble/share/geometry_msgs/cmake)
[0.900s] -- Found sensor_msgs: 4.9.1 (/opt/ros/humble/share/sensor_msgs/cmake)
[0.936s] -- Found nav_msgs: 4.9.1 (/opt/ros/humble/share/nav_msgs/cmake)
[0.980s] -- Found visualization_msgs: 4.9.1 (/opt/ros/humble/share/visualization_msgs/cmake)
[1.034s] -- Found tf2: 0.25.19 (/opt/ros/humble/share/tf2/cmake)
[1.042s] -- Found tf2_ros: 0.25.19 (/opt/ros/humble/share/tf2_ros/cmake)
[1.222s] -- Found tf2_geometry_msgs: 0.25.19 (/opt/ros/humble/share/tf2_geometry_msgs/cmake)
[1.232s] -- Found eigen3_cmake_module: 0.1.1 (/opt/ros/humble/share/eigen3_cmake_module/cmake)
[1.234s] -- Ensuring Eigen3 include directory is part of orocos-kdl CMake target
[1.236s] -- Found nav2_msgs: 1.1.20 (/opt/ros/humble/share/nav2_msgs/cmake)
[1.474s] -- Configuring done
[1.505s] -- Generating done
[1.529s] -- Build files have been written to: /home/u22/turtlebot/build/semantic_density_map
[1.570s] [35m[1mConsolidate compiler generated dependencies of target density_map_builder_node[0m
[1.580s] [ 25%] [32mBuilding CXX object CMakeFiles/semantic_path_planner_node.dir/src/semantic_path_planner_node.cpp.o[0m
[1.608s] [ 50%] [32mBuilding CXX object CMakeFiles/density_map_builder_node.dir/src/density_map_builder_node.cpp.o[0m
[2.044s] [01m[K/home/u22/turtlebot/turtlebot3/semantic_density_map/src/semantic_path_planner_node.cpp:3:10:[m[K [01;31m[Kfatal error: [m[Ktf2_geometry_msgs/tf2_geometry_msgs.hpp: No such file or directory
[2.044s]     3 | #include [01;31m[K<tf2_geometry_msgs/tf2_geometry_msgs.hpp>[m[K
[2.044s]       |          [01;31m[K^~~~~~~~~~~~~~~~~~~~~~~~~~~~~~~~~~~~~~~~~[m[K
[2.044s] compilation terminated.
[2.050s] gmake[2]: *** [CMakeFiles/semantic_path_planner_node.dir/build.make:76: CMakeFiles/semantic_path_planner_node.dir/src/semantic_path_planner_node.cpp.o] Error 1
[2.050s] gmake[1]: *** [CMakeFiles/Makefile2:165: CMakeFiles/semantic_path_planner_node.dir/all] Error 2
[2.051s] gmake[1]: *** Waiting for unfinished jobs....
[9.429s] gmake[2]: *** [CMakeFiles/density_map_builder_node.dir/build.make:76: CMakeFiles/density_map_builder_node.dir/src/density_map_builder_node.cpp.o] Interrupt
[9.429s] gmake[1]: *** [CMakeFiles/Makefile2:139: CMakeFiles/density_map_builder_node.dir/all] Interrupt
[9.429s] gmake: *** [Makefile:146: all] Interrupt
[9.471s] Invoked command in '/home/u22/turtlebot/build/semantic_density_map' returned '-2': CMAKE_PREFIX_PATH=/opt/ros/humble /usr/bin/cmake --build /home/u22/turtlebot/build/semantic_density_map -- -j4 -l4
