[0.061s] Invoking command in '/home/u22/turtlebot/build/turtlebot3_description': CMAKE_PREFIX_PATH=${CMAKE_PREFIX_PATH}:/home/u22/turtlebot/install/turtlebot3_teleop:/home/u22/turtlebot/install/turtlebot3_example:/opt/ros/humble /usr/bin/cmake /home/u22/turtlebot/turtlebot3/turtlebot3_description -DCMAKE_INSTALL_PREFIX=/home/u22/turtlebot/install/turtlebot3_description
[0.279s] -- The C compiler identification is GNU 11.4.0
[0.493s] -- The CXX compiler identification is GNU 11.4.0
[0.518s] -- Detecting C compiler ABI info
[0.758s] -- Detecting C compiler ABI info - done
[0.778s] -- Check for working C compiler: /usr/bin/cc - skipped
[0.781s] -- Detecting C compile features
[0.782s] -- Detecting C compile features - done
[0.783s] -- Detecting CXX compiler ABI info
[1.012s] -- Detecting CXX compiler ABI info - done
[1.038s] -- Check for working CXX compiler: /usr/bin/c++ - skipped
[1.039s] -- Detecting CXX compile features
[1.045s] -- Detecting CXX compile features - done
[1.051s] -- Found ament_cmake: 1.3.13 (/opt/ros/humble/share/ament_cmake/cmake)
[1.519s] -- Found Python3: /usr/bin/python3 (found version "3.10.12") found components: Interpreter 
[1.674s] -- Found urdf: 2.6.1 (/opt/ros/humble/share/urdf/cmake)
[2.011s] -- Configuring done
[2.017s] -- Generating done
[2.020s] -- Build files have been written to: /home/u22/turtlebot/build/turtlebot3_description
[2.037s] Invoked command in '/home/u22/turtlebot/build/turtlebot3_description' returned '0': CMAKE_PREFIX_PATH=${CMAKE_PREFIX_PATH}:/home/u22/turtlebot/install/turtlebot3_teleop:/home/u22/turtlebot/install/turtlebot3_example:/opt/ros/humble /usr/bin/cmake /home/u22/turtlebot/turtlebot3/turtlebot3_description -DCMAKE_INSTALL_PREFIX=/home/u22/turtlebot/install/turtlebot3_description
[2.042s] Invoking command in '/home/u22/turtlebot/build/turtlebot3_description': CMAKE_PREFIX_PATH=${CMAKE_PREFIX_PATH}:/home/u22/turtlebot/install/turtlebot3_teleop:/home/u22/turtlebot/install/turtlebot3_example:/opt/ros/humble /usr/bin/cmake --build /home/u22/turtlebot/build/turtlebot3_description -- -j4 -l4
[2.166s] Invoked command in '/home/u22/turtlebot/build/turtlebot3_description' returned '0': CMAKE_PREFIX_PATH=${CMAKE_PREFIX_PATH}:/home/u22/turtlebot/install/turtlebot3_teleop:/home/u22/turtlebot/install/turtlebot3_example:/opt/ros/humble /usr/bin/cmake --build /home/u22/turtlebot/build/turtlebot3_description -- -j4 -l4
[2.180s] Invoking command in '/home/u22/turtlebot/build/turtlebot3_description': CMAKE_PREFIX_PATH=${CMAKE_PREFIX_PATH}:/home/u22/turtlebot/install/turtlebot3_teleop:/home/u22/turtlebot/install/turtlebot3_example:/opt/ros/humble /usr/bin/cmake --install /home/u22/turtlebot/build/turtlebot3_description
[2.205s] -- Install configuration: ""
[2.207s] -- Installing: /home/u22/turtlebot/install/turtlebot3_description/share/turtlebot3_description/meshes
[2.207s] -- Installing: /home/u22/turtlebot/install/turtlebot3_description/share/turtlebot3_description/meshes/bases
[2.207s] -- Installing: /home/u22/turtlebot/install/turtlebot3_description/share/turtlebot3_description/meshes/bases/waffle_base.stl
[2.398s] -- Installing: /home/u22/turtlebot/install/turtlebot3_description/share/turtlebot3_description/meshes/bases/burger_base.stl
[2.466s] -- Installing: /home/u22/turtlebot/install/turtlebot3_description/share/turtlebot3_description/meshes/bases/waffle_pi_base.stl
[2.571s] -- Installing: /home/u22/turtlebot/install/turtlebot3_description/share/turtlebot3_description/meshes/wheels
[2.571s] -- Installing: /home/u22/turtlebot/install/turtlebot3_description/share/turtlebot3_description/meshes/wheels/left_tire.stl
[2.579s] -- Installing: /home/u22/turtlebot/install/turtlebot3_description/share/turtlebot3_description/meshes/wheels/right_tire.stl
[2.584s] -- Installing: /home/u22/turtlebot/install/turtlebot3_description/share/turtlebot3_description/meshes/sensors
[2.585s] -- Installing: /home/u22/turtlebot/install/turtlebot3_description/share/turtlebot3_description/meshes/sensors/r200.jpg
[2.586s] -- Installing: /home/u22/turtlebot/install/turtlebot3_description/share/turtlebot3_description/meshes/sensors/r200.dae
[2.589s] -- Installing: /home/u22/turtlebot/install/turtlebot3_description/share/turtlebot3_description/meshes/sensors/astra.jpg
[2.590s] -- Installing: /home/u22/turtlebot/install/turtlebot3_description/share/turtlebot3_description/meshes/sensors/lds.stl
[2.594s] -- Installing: /home/u22/turtlebot/install/turtlebot3_description/share/turtlebot3_description/meshes/sensors/astra.dae
[2.664s] -- Installing: /home/u22/turtlebot/install/turtlebot3_description/share/turtlebot3_description/rviz
[2.669s] -- Installing: /home/u22/turtlebot/install/turtlebot3_description/share/turtlebot3_description/rviz/model.rviz
[2.669s] -- Installing: /home/u22/turtlebot/install/turtlebot3_description/share/turtlebot3_description/urdf
[2.669s] -- Installing: /home/u22/turtlebot/install/turtlebot3_description/share/turtlebot3_description/urdf/turtlebot3_waffle_pi.urdf
[2.669s] -- Installing: /home/u22/turtlebot/install/turtlebot3_description/share/turtlebot3_description/urdf/turtlebot3_waffle.urdf
[2.669s] -- Installing: /home/u22/turtlebot/install/turtlebot3_description/share/turtlebot3_description/urdf/common_properties.urdf
[2.669s] -- Installing: /home/u22/turtlebot/install/turtlebot3_description/share/turtlebot3_description/urdf/turtlebot3_burger.urdf
[2.673s] -- Installing: /home/u22/turtlebot/install/turtlebot3_description/share/ament_index/resource_index/package_run_dependencies/turtlebot3_description
[2.673s] -- Installing: /home/u22/turtlebot/install/turtlebot3_description/share/ament_index/resource_index/parent_prefix_path/turtlebot3_description
[2.676s] -- Installing: /home/u22/turtlebot/install/turtlebot3_description/share/turtlebot3_description/environment/ament_prefix_path.sh
[2.676s] -- Installing: /home/u22/turtlebot/install/turtlebot3_description/share/turtlebot3_description/environment/ament_prefix_path.dsv
[2.676s] -- Installing: /home/u22/turtlebot/install/turtlebot3_description/share/turtlebot3_description/environment/path.sh
[2.676s] -- Installing: /home/u22/turtlebot/install/turtlebot3_description/share/turtlebot3_description/environment/path.dsv
[2.676s] -- Installing: /home/u22/turtlebot/install/turtlebot3_description/share/turtlebot3_description/local_setup.bash
[2.676s] -- Installing: /home/u22/turtlebot/install/turtlebot3_description/share/turtlebot3_description/local_setup.sh
[2.676s] -- Installing: /home/u22/turtlebot/install/turtlebot3_description/share/turtlebot3_description/local_setup.zsh
[2.676s] -- Installing: /home/u22/turtlebot/install/turtlebot3_description/share/turtlebot3_description/local_setup.dsv
[2.679s] -- Installing: /home/u22/turtlebot/install/turtlebot3_description/share/turtlebot3_description/package.dsv
[2.679s] -- Installing: /home/u22/turtlebot/install/turtlebot3_description/share/ament_index/resource_index/packages/turtlebot3_description
[2.680s] -- Installing: /home/u22/turtlebot/install/turtlebot3_description/share/turtlebot3_description/cmake/turtlebot3_descriptionConfig.cmake
[2.680s] -- Installing: /home/u22/turtlebot/install/turtlebot3_description/share/turtlebot3_description/cmake/turtlebot3_descriptionConfig-version.cmake
[2.680s] -- Installing: /home/u22/turtlebot/install/turtlebot3_description/share/turtlebot3_description/package.xml
[2.690s] Invoked command in '/home/u22/turtlebot/build/turtlebot3_description' returned '0': CMAKE_PREFIX_PATH=${CMAKE_PREFIX_PATH}:/home/u22/turtlebot/install/turtlebot3_teleop:/home/u22/turtlebot/install/turtlebot3_example:/opt/ros/humble /usr/bin/cmake --install /home/u22/turtlebot/build/turtlebot3_description
