[0.107s] Invoking command in '/home/u22/turtlebot/build/turtlebot3_bringup': CMAKE_PREFIX_PATH=/home/u22/turtlebot/install/turtlebot3_node:/home/u22/turtlebot/install/turtlebot3_description:/home/u22/turtlebot/install/turtlebot3:/home/u22/turtlebot/install/turtlebot3_simulations:/home/u22/turtlebot/install/turtlebot3_bringup:/home/u22/turtlebot/install/turtlebot3_navigation2:/home/u22/turtlebot/install/turtlebot3_manipulation_gazebo:/home/u22/turtlebot/install/turtlebot3_gazebo:/home/u22/turtlebot/install/turtlebot3_fake_node:/home/u22/turtlebot/install/turtlebot3_cartographer:/home/u22/turtlebot/install/turtlebot3_ball_collection:/home/u22/turtlebot/install/semantic_density_map:/home/u22/turtlebot/install/turtlebot3_vision:/home/u22/turtlebot/install/turtlebot3_teleop:/home/u22/turtlebot/install/turtlebot3_example:/opt/ros/humble /usr/bin/cmake --build /home/u22/turtlebot/build/turtlebot3_bringup -- -j4 -l4
[0.200s] Invoked command in '/home/u22/turtlebot/build/turtlebot3_bringup' returned '0': CMAKE_PREFIX_PATH=/home/u22/turtlebot/install/turtlebot3_node:/home/u22/turtlebot/install/turtlebot3_description:/home/u22/turtlebot/install/turtlebot3:/home/u22/turtlebot/install/turtlebot3_simulations:/home/u22/turtlebot/install/turtlebot3_bringup:/home/u22/turtlebot/install/turtlebot3_navigation2:/home/u22/turtlebot/install/turtlebot3_manipulation_gazebo:/home/u22/turtlebot/install/turtlebot3_gazebo:/home/u22/turtlebot/install/turtlebot3_fake_node:/home/u22/turtlebot/install/turtlebot3_cartographer:/home/u22/turtlebot/install/turtlebot3_ball_collection:/home/u22/turtlebot/install/semantic_density_map:/home/u22/turtlebot/install/turtlebot3_vision:/home/u22/turtlebot/install/turtlebot3_teleop:/home/u22/turtlebot/install/turtlebot3_example:/opt/ros/humble /usr/bin/cmake --build /home/u22/turtlebot/build/turtlebot3_bringup -- -j4 -l4
[0.203s] Invoking command in '/home/u22/turtlebot/build/turtlebot3_bringup': CMAKE_PREFIX_PATH=/home/u22/turtlebot/install/turtlebot3_node:/home/u22/turtlebot/install/turtlebot3_description:/home/u22/turtlebot/install/turtlebot3:/home/u22/turtlebot/install/turtlebot3_simulations:/home/u22/turtlebot/install/turtlebot3_bringup:/home/u22/turtlebot/install/turtlebot3_navigation2:/home/u22/turtlebot/install/turtlebot3_manipulation_gazebo:/home/u22/turtlebot/install/turtlebot3_gazebo:/home/u22/turtlebot/install/turtlebot3_fake_node:/home/u22/turtlebot/install/turtlebot3_cartographer:/home/u22/turtlebot/install/turtlebot3_ball_collection:/home/u22/turtlebot/install/semantic_density_map:/home/u22/turtlebot/install/turtlebot3_vision:/home/u22/turtlebot/install/turtlebot3_teleop:/home/u22/turtlebot/install/turtlebot3_example:/opt/ros/humble /usr/bin/cmake --install /home/u22/turtlebot/build/turtlebot3_bringup
[0.223s] -- Install configuration: ""
[0.223s] -- Up-to-date: /home/u22/turtlebot/install/turtlebot3_bringup/share/turtlebot3_bringup/launch
[0.223s] -- Up-to-date: /home/u22/turtlebot/install/turtlebot3_bringup/share/turtlebot3_bringup/launch/turtlebot3_state_publisher.launch.py
[0.223s] -- Up-to-date: /home/u22/turtlebot/install/turtlebot3_bringup/share/turtlebot3_bringup/launch/rviz2.launch.py
[0.223s] -- Up-to-date: /home/u22/turtlebot/install/turtlebot3_bringup/share/turtlebot3_bringup/launch/camera.launch.py
[0.223s] -- Up-to-date: /home/u22/turtlebot/install/turtlebot3_bringup/share/turtlebot3_bringup/launch/robot.launch.py
[0.223s] -- Up-to-date: /home/u22/turtlebot/install/turtlebot3_bringup/share/turtlebot3_bringup/param
[0.229s] -- Up-to-date: /home/u22/turtlebot/install/turtlebot3_bringup/share/turtlebot3_bringup/param/waffle.yaml
[0.229s] -- Up-to-date: /home/u22/turtlebot/install/turtlebot3_bringup/share/turtlebot3_bringup/param/waffle_pi.yaml
[0.229s] -- Up-to-date: /home/u22/turtlebot/install/turtlebot3_bringup/share/turtlebot3_bringup/param/humble
[0.229s] -- Up-to-date: /home/u22/turtlebot/install/turtlebot3_bringup/share/turtlebot3_bringup/param/humble/waffle.yaml
[0.229s] -- Up-to-date: /home/u22/turtlebot/install/turtlebot3_bringup/share/turtlebot3_bringup/param/humble/waffle_pi.yaml
[0.229s] -- Up-to-date: /home/u22/turtlebot/install/turtlebot3_bringup/share/turtlebot3_bringup/param/humble/burger.yaml
[0.230s] -- Up-to-date: /home/u22/turtlebot/install/turtlebot3_bringup/share/turtlebot3_bringup/param/burger.yaml
[0.230s] -- Up-to-date: /home/u22/turtlebot/install/turtlebot3_bringup/share/turtlebot3_bringup/script
[0.230s] -- Up-to-date: /home/u22/turtlebot/install/turtlebot3_bringup/share/turtlebot3_bringup/script/create_udev_rules
[0.230s] -- Up-to-date: /home/u22/turtlebot/install/turtlebot3_bringup/share/turtlebot3_bringup/script/99-turtlebot3-cdc.rules
[0.230s] -- Up-to-date: /home/u22/turtlebot/install/turtlebot3_bringup/share/ament_index/resource_index/package_run_dependencies/turtlebot3_bringup
[0.230s] -- Up-to-date: /home/u22/turtlebot/install/turtlebot3_bringup/share/ament_index/resource_index/parent_prefix_path/turtlebot3_bringup
[0.230s] -- Up-to-date: /home/u22/turtlebot/install/turtlebot3_bringup/share/turtlebot3_bringup/environment/ament_prefix_path.sh
[0.230s] -- Up-to-date: /home/u22/turtlebot/install/turtlebot3_bringup/share/turtlebot3_bringup/environment/ament_prefix_path.dsv
[0.230s] -- Up-to-date: /home/u22/turtlebot/install/turtlebot3_bringup/share/turtlebot3_bringup/environment/path.sh
[0.230s] -- Up-to-date: /home/u22/turtlebot/install/turtlebot3_bringup/share/turtlebot3_bringup/environment/path.dsv
[0.230s] -- Up-to-date: /home/u22/turtlebot/install/turtlebot3_bringup/share/turtlebot3_bringup/local_setup.bash
[0.230s] -- Up-to-date: /home/u22/turtlebot/install/turtlebot3_bringup/share/turtlebot3_bringup/local_setup.sh
[0.231s] -- Up-to-date: /home/u22/turtlebot/install/turtlebot3_bringup/share/turtlebot3_bringup/local_setup.zsh
[0.243s] -- Up-to-date: /home/u22/turtlebot/install/turtlebot3_bringup/share/turtlebot3_bringup/local_setup.dsv
[0.244s] -- Up-to-date: /home/u22/turtlebot/install/turtlebot3_bringup/share/turtlebot3_bringup/package.dsv
[0.244s] -- Up-to-date: /home/u22/turtlebot/install/turtlebot3_bringup/share/ament_index/resource_index/packages/turtlebot3_bringup
[0.245s] -- Up-to-date: /home/u22/turtlebot/install/turtlebot3_bringup/share/turtlebot3_bringup/cmake/turtlebot3_bringupConfig.cmake
[0.245s] -- Up-to-date: /home/u22/turtlebot/install/turtlebot3_bringup/share/turtlebot3_bringup/cmake/turtlebot3_bringupConfig-version.cmake
[0.249s] -- Up-to-date: /home/u22/turtlebot/install/turtlebot3_bringup/share/turtlebot3_bringup/package.xml
[0.251s] Invoked command in '/home/u22/turtlebot/build/turtlebot3_bringup' returned '0': CMAKE_PREFIX_PATH=/home/u22/turtlebot/install/turtlebot3_node:/home/u22/turtlebot/install/turtlebot3_description:/home/u22/turtlebot/install/turtlebot3:/home/u22/turtlebot/install/turtlebot3_simulations:/home/u22/turtlebot/install/turtlebot3_bringup:/home/u22/turtlebot/install/turtlebot3_navigation2:/home/u22/turtlebot/install/turtlebot3_manipulation_gazebo:/home/u22/turtlebot/install/turtlebot3_gazebo:/home/u22/turtlebot/install/turtlebot3_fake_node:/home/u22/turtlebot/install/turtlebot3_cartographer:/home/u22/turtlebot/install/turtlebot3_ball_collection:/home/u22/turtlebot/install/semantic_density_map:/home/u22/turtlebot/install/turtlebot3_vision:/home/u22/turtlebot/install/turtlebot3_teleop:/home/u22/turtlebot/install/turtlebot3_example:/opt/ros/humble /usr/bin/cmake --install /home/u22/turtlebot/build/turtlebot3_bringup
