[ 25%] [32mBuilding CXX object CMakeFiles/semantic_path_planner_node.dir/src/semantic_path_planner_node.cpp.o[0m
[ 50%] [32mBuilding CXX object CMakeFiles/density_map_builder_node.dir/src/density_map_builder_node.cpp.o[0m
[ 75%] [32m[1mLinking CXX executable density_map_builder_node[0m
[ 75%] Built target density_map_builder_node
[100%] [32m[1mLinking CXX executable semantic_path_planner_node[0m
[100%] Built target semantic_path_planner_node
-- Install configuration: ""
-- Installing: /home/u22/turtlebot/install/semantic_density_map/lib/semantic_density_map/density_map_builder_node
-- Set runtime path of "/home/u22/turtlebot/install/semantic_density_map/lib/semantic_density_map/density_map_builder_node" to ""
-- Installing: /home/u22/turtlebot/install/semantic_density_map/lib/semantic_density_map/semantic_path_planner_node
-- Set runtime path of "/home/u22/turtlebot/install/semantic_density_map/lib/semantic_density_map/semantic_path_planner_node" to ""
-- Installing: /home/u22/turtlebot/install/semantic_density_map/share/semantic_density_map/launch
-- Installing: /home/u22/turtlebot/install/semantic_density_map/share/semantic_density_map/launch/semantic_density_system.launch.py
-- Installing: /home/u22/turtlebot/install/semantic_density_map/include/
-- Installing: /home/u22/turtlebot/install/semantic_density_map/include//semantic_density_map
-- Installing: /home/u22/turtlebot/install/semantic_density_map/include//semantic_density_map/semantic_path_planner_node.hpp
-- Installing: /home/u22/turtlebot/install/semantic_density_map/include//semantic_density_map/density_map_builder_node.hpp
-- Installing: /home/u22/turtlebot/install/semantic_density_map/share/ament_index/resource_index/package_run_dependencies/semantic_density_map
-- Installing: /home/u22/turtlebot/install/semantic_density_map/share/ament_index/resource_index/parent_prefix_path/semantic_density_map
-- Installing: /home/u22/turtlebot/install/semantic_density_map/share/semantic_density_map/environment/ament_prefix_path.sh
-- Installing: /home/u22/turtlebot/install/semantic_density_map/share/semantic_density_map/environment/ament_prefix_path.dsv
-- Installing: /home/u22/turtlebot/install/semantic_density_map/share/semantic_density_map/environment/path.sh
-- Installing: /home/u22/turtlebot/install/semantic_density_map/share/semantic_density_map/environment/path.dsv
-- Installing: /home/u22/turtlebot/install/semantic_density_map/share/semantic_density_map/local_setup.bash
-- Installing: /home/u22/turtlebot/install/semantic_density_map/share/semantic_density_map/local_setup.sh
-- Installing: /home/u22/turtlebot/install/semantic_density_map/share/semantic_density_map/local_setup.zsh
-- Installing: /home/u22/turtlebot/install/semantic_density_map/share/semantic_density_map/local_setup.dsv
-- Installing: /home/u22/turtlebot/install/semantic_density_map/share/semantic_density_map/package.dsv
-- Installing: /home/u22/turtlebot/install/semantic_density_map/share/ament_index/resource_index/packages/semantic_density_map
-- Installing: /home/u22/turtlebot/install/semantic_density_map/share/semantic_density_map/cmake/semantic_density_mapConfig.cmake
-- Installing: /home/u22/turtlebot/install/semantic_density_map/share/semantic_density_map/cmake/semantic_density_mapConfig-version.cmake
-- Installing: /home/u22/turtlebot/install/semantic_density_map/share/semantic_density_map/package.xml
