[0.100s] Invoking command in '/home/u22/turtlebot/build/turtlebot3_simulations': CMAKE_PREFIX_PATH=/home/u22/turtlebot/install/turtlebot3_manipulation_gazebo:/home/u22/turtlebot/install/turtlebot3_gazebo:/home/u22/turtlebot/install/turtlebot3_fake_node:/home/u22/turtlebot/install/turtlebot3:/home/u22/turtlebot/install/turtlebot3_simulations:/home/u22/turtlebot/install/turtlebot3_bringup:/home/u22/turtlebot/install/turtlebot3_node:/home/u22/turtlebot/install/turtlebot3_navigation2:/home/u22/turtlebot/install/turtlebot3_description:/home/u22/turtlebot/install/turtlebot3_cartographer:/home/u22/turtlebot/install/turtlebot3_ball_collection:/home/u22/turtlebot/install/semantic_density_map:/home/u22/turtlebot/install/turtlebot3_vision:/home/u22/turtlebot/install/turtlebot3_teleop:/home/u22/turtlebot/install/turtlebot3_example:/opt/ros/humble /usr/bin/cmake --build /home/u22/turtlebot/build/turtlebot3_simulations -- -j4 -l4
[0.200s] Invoked command in '/home/u22/turtlebot/build/turtlebot3_simulations' returned '0': CMAKE_PREFIX_PATH=/home/u22/turtlebot/install/turtlebot3_manipulation_gazebo:/home/u22/turtlebot/install/turtlebot3_gazebo:/home/u22/turtlebot/install/turtlebot3_fake_node:/home/u22/turtlebot/install/turtlebot3:/home/u22/turtlebot/install/turtlebot3_simulations:/home/u22/turtlebot/install/turtlebot3_bringup:/home/u22/turtlebot/install/turtlebot3_node:/home/u22/turtlebot/install/turtlebot3_navigation2:/home/u22/turtlebot/install/turtlebot3_description:/home/u22/turtlebot/install/turtlebot3_cartographer:/home/u22/turtlebot/install/turtlebot3_ball_collection:/home/u22/turtlebot/install/semantic_density_map:/home/u22/turtlebot/install/turtlebot3_vision:/home/u22/turtlebot/install/turtlebot3_teleop:/home/u22/turtlebot/install/turtlebot3_example:/opt/ros/humble /usr/bin/cmake --build /home/u22/turtlebot/build/turtlebot3_simulations -- -j4 -l4
[0.203s] Invoking command in '/home/u22/turtlebot/build/turtlebot3_simulations': CMAKE_PREFIX_PATH=/home/u22/turtlebot/install/turtlebot3_manipulation_gazebo:/home/u22/turtlebot/install/turtlebot3_gazebo:/home/u22/turtlebot/install/turtlebot3_fake_node:/home/u22/turtlebot/install/turtlebot3:/home/u22/turtlebot/install/turtlebot3_simulations:/home/u22/turtlebot/install/turtlebot3_bringup:/home/u22/turtlebot/install/turtlebot3_node:/home/u22/turtlebot/install/turtlebot3_navigation2:/home/u22/turtlebot/install/turtlebot3_description:/home/u22/turtlebot/install/turtlebot3_cartographer:/home/u22/turtlebot/install/turtlebot3_ball_collection:/home/u22/turtlebot/install/semantic_density_map:/home/u22/turtlebot/install/turtlebot3_vision:/home/u22/turtlebot/install/turtlebot3_teleop:/home/u22/turtlebot/install/turtlebot3_example:/opt/ros/humble /usr/bin/cmake --install /home/u22/turtlebot/build/turtlebot3_simulations
[0.223s] -- Install configuration: ""
[0.223s] -- Up-to-date: /home/u22/turtlebot/install/turtlebot3_simulations/share/ament_index/resource_index/package_run_dependencies/turtlebot3_simulations
[0.223s] -- Up-to-date: /home/u22/turtlebot/install/turtlebot3_simulations/share/ament_index/resource_index/parent_prefix_path/turtlebot3_simulations
[0.223s] -- Up-to-date: /home/u22/turtlebot/install/turtlebot3_simulations/share/turtlebot3_simulations/environment/ament_prefix_path.sh
[0.223s] -- Up-to-date: /home/u22/turtlebot/install/turtlebot3_simulations/share/turtlebot3_simulations/environment/ament_prefix_path.dsv
[0.224s] -- Up-to-date: /home/u22/turtlebot/install/turtlebot3_simulations/share/turtlebot3_simulations/environment/path.sh
[0.224s] -- Up-to-date: /home/u22/turtlebot/install/turtlebot3_simulations/share/turtlebot3_simulations/environment/path.dsv
[0.224s] -- Up-to-date: /home/u22/turtlebot/install/turtlebot3_simulations/share/turtlebot3_simulations/local_setup.bash
[0.227s] -- Up-to-date: /home/u22/turtlebot/install/turtlebot3_simulations/share/turtlebot3_simulations/local_setup.sh
[0.227s] -- Up-to-date: /home/u22/turtlebot/install/turtlebot3_simulations/share/turtlebot3_simulations/local_setup.zsh
[0.230s] -- Up-to-date: /home/u22/turtlebot/install/turtlebot3_simulations/share/turtlebot3_simulations/local_setup.dsv
[0.232s] -- Up-to-date: /home/u22/turtlebot/install/turtlebot3_simulations/share/turtlebot3_simulations/package.dsv
[0.232s] -- Up-to-date: /home/u22/turtlebot/install/turtlebot3_simulations/share/ament_index/resource_index/packages/turtlebot3_simulations
[0.233s] -- Up-to-date: /home/u22/turtlebot/install/turtlebot3_simulations/share/turtlebot3_simulations/cmake/turtlebot3_simulationsConfig.cmake
[0.234s] -- Up-to-date: /home/u22/turtlebot/install/turtlebot3_simulations/share/turtlebot3_simulations/cmake/turtlebot3_simulationsConfig-version.cmake
[0.235s] -- Up-to-date: /home/u22/turtlebot/install/turtlebot3_simulations/share/turtlebot3_simulations/package.xml
[0.237s] Invoked command in '/home/u22/turtlebot/build/turtlebot3_simulations' returned '0': CMAKE_PREFIX_PATH=/home/u22/turtlebot/install/turtlebot3_manipulation_gazebo:/home/u22/turtlebot/install/turtlebot3_gazebo:/home/u22/turtlebot/install/turtlebot3_fake_node:/home/u22/turtlebot/install/turtlebot3:/home/u22/turtlebot/install/turtlebot3_simulations:/home/u22/turtlebot/install/turtlebot3_bringup:/home/u22/turtlebot/install/turtlebot3_node:/home/u22/turtlebot/install/turtlebot3_navigation2:/home/u22/turtlebot/install/turtlebot3_description:/home/u22/turtlebot/install/turtlebot3_cartographer:/home/u22/turtlebot/install/turtlebot3_ball_collection:/home/u22/turtlebot/install/semantic_density_map:/home/u22/turtlebot/install/turtlebot3_vision:/home/u22/turtlebot/install/turtlebot3_teleop:/home/u22/turtlebot/install/turtlebot3_example:/opt/ros/humble /usr/bin/cmake --install /home/u22/turtlebot/build/turtlebot3_simulations
