[ 10%] [32mBuilding CXX object CMakeFiles/density_map_builder_node.dir/src/density_map_builder_node.cpp.o[0m
[ 30%] Built target tsp_planner_node
[ 50%] Built target semantic_path_planner_node
[ 70%] Built target ball_detector_node
[35m[1mConsolidate compiler generated dependencies of target path_planner_node[0m
[ 90%] Built target path_planner_node
[100%] [32m[1mLinking CXX executable density_map_builder_node[0m
[100%] Built target density_map_builder_node
-- Install configuration: ""
-- Installing: /home/u22/turtlebot/install/turtlebot3_ball_collection/lib/turtlebot3_ball_collection/density_map_builder_node
-- Set runtime path of "/home/u22/turtlebot/install/turtlebot3_ball_collection/lib/turtlebot3_ball_collection/density_map_builder_node" to ""
-- Up-to-date: /home/u22/turtlebot/install/turtlebot3_ball_collection/lib/turtlebot3_ball_collection/semantic_path_planner_node
-- Up-to-date: /home/u22/turtlebot/install/turtlebot3_ball_collection/lib/turtlebot3_ball_collection/ball_detector_node
-- Up-to-date: /home/u22/turtlebot/install/turtlebot3_ball_collection/lib/turtlebot3_ball_collection/tsp_planner_node
-- Up-to-date: /home/u22/turtlebot/install/turtlebot3_ball_collection/lib/turtlebot3_ball_collection/path_planner_node
-- Up-to-date: /home/u22/turtlebot/install/turtlebot3_ball_collection/share/turtlebot3_ball_collection/launch
-- Installing: /home/u22/turtlebot/install/turtlebot3_ball_collection/share/turtlebot3_ball_collection/launch/ball_collection.launch.py
-- Up-to-date: /home/u22/turtlebot/install/turtlebot3_ball_collection/share/turtlebot3_ball_collection/launch/full_system.launch.py
-- Up-to-date: /home/u22/turtlebot/install/turtlebot3_ball_collection/share/turtlebot3_ball_collection/launch/slam_navigation.launch.py
-- Up-to-date: /home/u22/turtlebot/install/turtlebot3_ball_collection/share/turtlebot3_ball_collection/param
-- Up-to-date: /home/u22/turtlebot/install/turtlebot3_ball_collection/share/turtlebot3_ball_collection/param/slam_toolbox.yaml
-- Up-to-date: /home/u22/turtlebot/install/turtlebot3_ball_collection/share/ament_index/resource_index/package_run_dependencies/turtlebot3_ball_collection
-- Up-to-date: /home/u22/turtlebot/install/turtlebot3_ball_collection/share/ament_index/resource_index/parent_prefix_path/turtlebot3_ball_collection
-- Up-to-date: /home/u22/turtlebot/install/turtlebot3_ball_collection/share/turtlebot3_ball_collection/environment/ament_prefix_path.sh
-- Up-to-date: /home/u22/turtlebot/install/turtlebot3_ball_collection/share/turtlebot3_ball_collection/environment/ament_prefix_path.dsv
-- Up-to-date: /home/u22/turtlebot/install/turtlebot3_ball_collection/share/turtlebot3_ball_collection/environment/path.sh
-- Up-to-date: /home/u22/turtlebot/install/turtlebot3_ball_collection/share/turtlebot3_ball_collection/environment/path.dsv
-- Up-to-date: /home/u22/turtlebot/install/turtlebot3_ball_collection/share/turtlebot3_ball_collection/local_setup.bash
-- Up-to-date: /home/u22/turtlebot/install/turtlebot3_ball_collection/share/turtlebot3_ball_collection/local_setup.sh
-- Up-to-date: /home/u22/turtlebot/install/turtlebot3_ball_collection/share/turtlebot3_ball_collection/local_setup.zsh
-- Up-to-date: /home/u22/turtlebot/install/turtlebot3_ball_collection/share/turtlebot3_ball_collection/local_setup.dsv
-- Installing: /home/u22/turtlebot/install/turtlebot3_ball_collection/share/turtlebot3_ball_collection/package.dsv
-- Up-to-date: /home/u22/turtlebot/install/turtlebot3_ball_collection/share/ament_index/resource_index/packages/turtlebot3_ball_collection
-- Up-to-date: /home/u22/turtlebot/install/turtlebot3_ball_collection/share/turtlebot3_ball_collection/cmake/turtlebot3_ball_collectionConfig.cmake
-- Up-to-date: /home/u22/turtlebot/install/turtlebot3_ball_collection/share/turtlebot3_ball_collection/cmake/turtlebot3_ball_collectionConfig-version.cmake
-- Up-to-date: /home/u22/turtlebot/install/turtlebot3_ball_collection/share/turtlebot3_ball_collection/package.xml
