[0.028s] Invoking command in '/home/u22/turtlebot/build/turtlebot3_ball_collection': CMAKE_PREFIX_PATH=${CMAKE_PREFIX_PATH}:/home/u22/turtlebot/install/turtlebot3_vision:/home/u22/turtlebot/install/turtlebot3_teleop:/home/u22/turtlebot/install/turtlebot3_example:/opt/ros/humble __trae_PS1=\n(TraeAI-5) \w [$?] $ /usr/bin/cmake --build /home/u22/turtlebot/build/turtlebot3_ball_collection -- -j4 -l4
[0.253s] [ 10%] [32mBuilding CXX object CMakeFiles/density_map_builder_node.dir/src/density_map_builder_node.cpp.o[0m
[0.255s] [ 30%] Built target tsp_planner_node
[0.279s] [ 50%] Built target semantic_path_planner_node
[0.288s] [ 70%] Built target ball_detector_node
[0.327s] [35m[1mConsolidate compiler generated dependencies of target path_planner_node[0m
[0.395s] [ 90%] Built target path_planner_node
[22.009s] [100%] [32m[1mLinking CXX executable density_map_builder_node[0m
[23.785s] [100%] Built target density_map_builder_node
[23.820s] Invoked command in '/home/u22/turtlebot/build/turtlebot3_ball_collection' returned '0': CMAKE_PREFIX_PATH=${CMAKE_PREFIX_PATH}:/home/u22/turtlebot/install/turtlebot3_vision:/home/u22/turtlebot/install/turtlebot3_teleop:/home/u22/turtlebot/install/turtlebot3_example:/opt/ros/humble __trae_PS1=\n(TraeAI-5) \w [$?] $ /usr/bin/cmake --build /home/u22/turtlebot/build/turtlebot3_ball_collection -- -j4 -l4
[23.860s] Invoking command in '/home/u22/turtlebot/build/turtlebot3_ball_collection': CMAKE_PREFIX_PATH=${CMAKE_PREFIX_PATH}:/home/u22/turtlebot/install/turtlebot3_vision:/home/u22/turtlebot/install/turtlebot3_teleop:/home/u22/turtlebot/install/turtlebot3_example:/opt/ros/humble __trae_PS1=\n(TraeAI-5) \w [$?] $ /usr/bin/cmake --install /home/u22/turtlebot/build/turtlebot3_ball_collection
[23.887s] -- Install configuration: ""
[23.887s] -- Installing: /home/u22/turtlebot/install/turtlebot3_ball_collection/lib/turtlebot3_ball_collection/density_map_builder_node
[23.892s] -- Set runtime path of "/home/u22/turtlebot/install/turtlebot3_ball_collection/lib/turtlebot3_ball_collection/density_map_builder_node" to ""
[23.892s] -- Up-to-date: /home/u22/turtlebot/install/turtlebot3_ball_collection/lib/turtlebot3_ball_collection/semantic_path_planner_node
[23.893s] -- Up-to-date: /home/u22/turtlebot/install/turtlebot3_ball_collection/lib/turtlebot3_ball_collection/ball_detector_node
[23.895s] -- Up-to-date: /home/u22/turtlebot/install/turtlebot3_ball_collection/lib/turtlebot3_ball_collection/tsp_planner_node
[23.896s] -- Up-to-date: /home/u22/turtlebot/install/turtlebot3_ball_collection/lib/turtlebot3_ball_collection/path_planner_node
[23.899s] -- Up-to-date: /home/u22/turtlebot/install/turtlebot3_ball_collection/share/turtlebot3_ball_collection/launch
[23.899s] -- Installing: /home/u22/turtlebot/install/turtlebot3_ball_collection/share/turtlebot3_ball_collection/launch/ball_collection.launch.py
[23.899s] -- Up-to-date: /home/u22/turtlebot/install/turtlebot3_ball_collection/share/turtlebot3_ball_collection/launch/full_system.launch.py
[23.899s] -- Up-to-date: /home/u22/turtlebot/install/turtlebot3_ball_collection/share/turtlebot3_ball_collection/launch/slam_navigation.launch.py
[23.899s] -- Up-to-date: /home/u22/turtlebot/install/turtlebot3_ball_collection/share/turtlebot3_ball_collection/param
[23.899s] -- Up-to-date: /home/u22/turtlebot/install/turtlebot3_ball_collection/share/turtlebot3_ball_collection/param/slam_toolbox.yaml
[23.899s] -- Up-to-date: /home/u22/turtlebot/install/turtlebot3_ball_collection/share/ament_index/resource_index/package_run_dependencies/turtlebot3_ball_collection
[23.900s] -- Up-to-date: /home/u22/turtlebot/install/turtlebot3_ball_collection/share/ament_index/resource_index/parent_prefix_path/turtlebot3_ball_collection
[23.900s] -- Up-to-date: /home/u22/turtlebot/install/turtlebot3_ball_collection/share/turtlebot3_ball_collection/environment/ament_prefix_path.sh
[23.900s] -- Up-to-date: /home/u22/turtlebot/install/turtlebot3_ball_collection/share/turtlebot3_ball_collection/environment/ament_prefix_path.dsv
[23.900s] -- Up-to-date: /home/u22/turtlebot/install/turtlebot3_ball_collection/share/turtlebot3_ball_collection/environment/path.sh
[23.901s] -- Up-to-date: /home/u22/turtlebot/install/turtlebot3_ball_collection/share/turtlebot3_ball_collection/environment/path.dsv
[23.901s] -- Up-to-date: /home/u22/turtlebot/install/turtlebot3_ball_collection/share/turtlebot3_ball_collection/local_setup.bash
[23.902s] -- Up-to-date: /home/u22/turtlebot/install/turtlebot3_ball_collection/share/turtlebot3_ball_collection/local_setup.sh
[23.902s] -- Up-to-date: /home/u22/turtlebot/install/turtlebot3_ball_collection/share/turtlebot3_ball_collection/local_setup.zsh
[23.902s] -- Up-to-date: /home/u22/turtlebot/install/turtlebot3_ball_collection/share/turtlebot3_ball_collection/local_setup.dsv
[23.903s] -- Installing: /home/u22/turtlebot/install/turtlebot3_ball_collection/share/turtlebot3_ball_collection/package.dsv
[23.905s] -- Up-to-date: /home/u22/turtlebot/install/turtlebot3_ball_collection/share/ament_index/resource_index/packages/turtlebot3_ball_collection
[23.906s] -- Up-to-date: /home/u22/turtlebot/install/turtlebot3_ball_collection/share/turtlebot3_ball_collection/cmake/turtlebot3_ball_collectionConfig.cmake
[23.906s] -- Up-to-date: /home/u22/turtlebot/install/turtlebot3_ball_collection/share/turtlebot3_ball_collection/cmake/turtlebot3_ball_collectionConfig-version.cmake
[23.906s] -- Up-to-date: /home/u22/turtlebot/install/turtlebot3_ball_collection/share/turtlebot3_ball_collection/package.xml
[23.912s] Invoked command in '/home/u22/turtlebot/build/turtlebot3_ball_collection' returned '0': CMAKE_PREFIX_PATH=${CMAKE_PREFIX_PATH}:/home/u22/turtlebot/install/turtlebot3_vision:/home/u22/turtlebot/install/turtlebot3_teleop:/home/u22/turtlebot/install/turtlebot3_example:/opt/ros/humble __trae_PS1=\n(TraeAI-5) \w [$?] $ /usr/bin/cmake --install /home/u22/turtlebot/build/turtlebot3_ball_collection
