-- Found ament_cmake: 1.3.13 (/opt/ros/humble/share/ament_cmake/cmake)
-- Found rclcpp: 16.0.18 (/opt/ros/humble/share/rclcpp/cmake)
-- Found rosidl_generator_c: 3.1.8 (/opt/ros/humble/share/rosidl_generator_c/cmake)
-- Found rosidl_adapter: 3.1.8 (/opt/ros/humble/share/rosidl_adapter/cmake)
-- Found rosidl_generator_cpp: 3.1.8 (/opt/ros/humble/share/rosidl_generator_cpp/cmake)
-- Using all available rosidl_typesupport_c: rosidl_typesupport_fastrtps_c;rosidl_typesupport_introspection_c
-- Using all available rosidl_typesupport_cpp: rosidl_typesupport_fastrtps_cpp;rosidl_typesupport_introspection_cpp
-- Found rmw_implementation_cmake: 6.1.2 (/opt/ros/humble/share/rmw_implementation_cmake/cmake)
-- Found rmw_fastrtps_cpp: 6.2.10 (/opt/ros/humble/share/rmw_fastrtps_cpp/cmake)
-- Using RMW implementation 'rmw_fastrtps_cpp' as default
-- Found geometry_msgs: 4.9.1 (/opt/ros/humble/share/geometry_msgs/cmake)
-- Found sensor_msgs: 4.9.1 (/opt/ros/humble/share/sensor_msgs/cmake)
-- Found nav_msgs: 4.9.1 (/opt/ros/humble/share/nav_msgs/cmake)
-- Found visualization_msgs: 4.9.1 (/opt/ros/humble/share/visualization_msgs/cmake)
-- Found tf2: 0.25.19 (/opt/ros/humble/share/tf2/cmake)
-- Found tf2_ros: 0.25.19 (/opt/ros/humble/share/tf2_ros/cmake)
-- Found nav2_msgs: 1.1.20 (/opt/ros/humble/share/nav2_msgs/cmake)
-- Configuring done
-- Generating done
-- Build files have been written to: /home/u22/turtlebot/build/turtlebot3_ball_collection
[ 25%] [32mBuilding CXX object CMakeFiles/density_map_builder_node.dir/src/density_map_builder_node.cpp.o[0m
[ 50%] [32mBuilding CXX object CMakeFiles/semantic_path_planner_node.dir/src/semantic_path_planner_node.cpp.o[0m
[ 75%] [32m[1mLinking CXX executable density_map_builder_node[0m
[ 75%] Built target density_map_builder_node
[100%] [32m[1mLinking CXX executable semantic_path_planner_node[0m
[100%] Built target semantic_path_planner_node
-- Install configuration: ""
-- Installing: /home/u22/turtlebot/install/turtlebot3_ball_collection/lib/turtlebot3_ball_collection/density_map_builder_node
-- Set runtime path of "/home/u22/turtlebot/install/turtlebot3_ball_collection/lib/turtlebot3_ball_collection/density_map_builder_node" to ""
-- Installing: /home/u22/turtlebot/install/turtlebot3_ball_collection/lib/turtlebot3_ball_collection/semantic_path_planner_node
-- Set runtime path of "/home/u22/turtlebot/install/turtlebot3_ball_collection/lib/turtlebot3_ball_collection/semantic_path_planner_node" to ""
-- Up-to-date: /home/u22/turtlebot/install/turtlebot3_ball_collection/share/turtlebot3_ball_collection/launch
-- Installing: /home/u22/turtlebot/install/turtlebot3_ball_collection/share/turtlebot3_ball_collection/launch/ball_collection.launch.py
-- Installing: /home/u22/turtlebot/install/turtlebot3_ball_collection/share/turtlebot3_ball_collection/launch/full_system.launch.py
-- Installing: /home/u22/turtlebot/install/turtlebot3_ball_collection/share/turtlebot3_ball_collection/launch/slam_navigation.launch.py
-- Up-to-date: /home/u22/turtlebot/install/turtlebot3_ball_collection/share/turtlebot3_ball_collection/param
-- Up-to-date: /home/u22/turtlebot/install/turtlebot3_ball_collection/share/turtlebot3_ball_collection/param/slam_toolbox.yaml
-- Up-to-date: /home/u22/turtlebot/install/turtlebot3_ball_collection/share/ament_index/resource_index/package_run_dependencies/turtlebot3_ball_collection
-- Installing: /home/u22/turtlebot/install/turtlebot3_ball_collection/share/ament_index/resource_index/parent_prefix_path/turtlebot3_ball_collection
-- Up-to-date: /home/u22/turtlebot/install/turtlebot3_ball_collection/share/turtlebot3_ball_collection/environment/ament_prefix_path.sh
-- Installing: /home/u22/turtlebot/install/turtlebot3_ball_collection/share/turtlebot3_ball_collection/environment/ament_prefix_path.dsv
-- Up-to-date: /home/u22/turtlebot/install/turtlebot3_ball_collection/share/turtlebot3_ball_collection/environment/path.sh
-- Installing: /home/u22/turtlebot/install/turtlebot3_ball_collection/share/turtlebot3_ball_collection/environment/path.dsv
-- Up-to-date: /home/u22/turtlebot/install/turtlebot3_ball_collection/share/turtlebot3_ball_collection/local_setup.bash
-- Up-to-date: /home/u22/turtlebot/install/turtlebot3_ball_collection/share/turtlebot3_ball_collection/local_setup.sh
-- Up-to-date: /home/u22/turtlebot/install/turtlebot3_ball_collection/share/turtlebot3_ball_collection/local_setup.zsh
-- Installing: /home/u22/turtlebot/install/turtlebot3_ball_collection/share/turtlebot3_ball_collection/local_setup.dsv
-- Installing: /home/u22/turtlebot/install/turtlebot3_ball_collection/share/turtlebot3_ball_collection/package.dsv
-- Up-to-date: /home/u22/turtlebot/install/turtlebot3_ball_collection/share/ament_index/resource_index/packages/turtlebot3_ball_collection
-- Up-to-date: /home/u22/turtlebot/install/turtlebot3_ball_collection/share/turtlebot3_ball_collection/cmake/turtlebot3_ball_collectionConfig.cmake
-- Up-to-date: /home/u22/turtlebot/install/turtlebot3_ball_collection/share/turtlebot3_ball_collection/cmake/turtlebot3_ball_collectionConfig-version.cmake
-- Up-to-date: /home/u22/turtlebot/install/turtlebot3_ball_collection/share/turtlebot3_ball_collection/package.xml
