[0.026s] Invoking command in '/home/u22/turtlebot/build/turtlebot3_ball_collection': CMAKE_PREFIX_PATH=/opt/ros/humble __trae_PS1=\n(TraeAI-3) \w [$?] $ /usr/bin/cmake --build /home/u22/turtlebot/build/turtlebot3_ball_collection -- -j4 -l4
[0.101s] -- Found ament_cmake: 1.3.13 (/opt/ros/humble/share/ament_cmake/cmake)
[0.458s] -- Found rclcpp: 16.0.18 (/opt/ros/humble/share/rclcpp/cmake)
[0.552s] -- Found rosidl_generator_c: 3.1.8 (/opt/ros/humble/share/rosidl_generator_c/cmake)
[0.560s] -- Found rosidl_adapter: 3.1.8 (/opt/ros/humble/share/rosidl_adapter/cmake)
[0.580s] -- Found rosidl_generator_cpp: 3.1.8 (/opt/ros/humble/share/rosidl_generator_cpp/cmake)
[0.603s] -- Using all available rosidl_typesupport_c: rosidl_typesupport_fastrtps_c;rosidl_typesupport_introspection_c
[0.636s] -- Using all available rosidl_typesupport_cpp: rosidl_typesupport_fastrtps_cpp;rosidl_typesupport_introspection_cpp
[0.734s] -- Found rmw_implementation_cmake: 6.1.2 (/opt/ros/humble/share/rmw_implementation_cmake/cmake)
[0.740s] -- Found rmw_fastrtps_cpp: 6.2.10 (/opt/ros/humble/share/rmw_fastrtps_cpp/cmake)
[0.996s] -- Using RMW implementation 'rmw_fastrtps_cpp' as default
[1.133s] -- Found geometry_msgs: 4.9.1 (/opt/ros/humble/share/geometry_msgs/cmake)
[1.168s] -- Found sensor_msgs: 4.9.1 (/opt/ros/humble/share/sensor_msgs/cmake)
[1.216s] -- Found nav_msgs: 4.9.1 (/opt/ros/humble/share/nav_msgs/cmake)
[1.259s] -- Found visualization_msgs: 4.9.1 (/opt/ros/humble/share/visualization_msgs/cmake)
[1.312s] -- Found tf2: 0.25.19 (/opt/ros/humble/share/tf2/cmake)
[1.323s] -- Found tf2_ros: 0.25.19 (/opt/ros/humble/share/tf2_ros/cmake)
[1.534s] -- Found nav2_msgs: 1.1.20 (/opt/ros/humble/share/nav2_msgs/cmake)
[1.594s] -- Found pcl_conversions: 2.4.5 (/opt/ros/humble/share/pcl_conversions/cmake)
[1.664s] -- Eigen found (include: /usr/include/eigen3, version: 3.4.0)
[1.730s] -- FLANN found (include: /usr/include, lib: /usr/lib/x86_64-linux-gnu/libflann_cpp.so)
[2.409s] -- OpenNI found (version: 1.5.4.0, include: /usr/include/ni, lib: /usr/lib/libOpenNI.so;libusb::libusb)
[2.424s] -- OpenNI2 found (version: 2.2.0.33, include: /usr/include/openni2, lib: /usr/lib/x86_64-linux-gnu/libOpenNI2.so;libusb::libusb)
[2.743s] -- Eigen found (include: /usr/include/eigen3, version: 3.4.0)
[2.755s] -- OpenNI found (version: 1.5.4.0, include: /usr/include/ni, lib: /usr/lib/libOpenNI.so;libusb::libusb)
[2.771s] -- OpenNI2 found (version: 2.2.0.33, include: /usr/include/openni2, lib: /usr/lib/x86_64-linux-gnu/libOpenNI2.so;libusb::libusb)
[3.103s] -- Found Qhull version 8.0.2
[3.434s] -- OpenNI found (version: 1.5.4.0, include: /usr/include/ni, lib: /usr/lib/libOpenNI.so;libusb::libusb)
[3.960s] -- Configuring done
[4.213s] -- Generating done
[4.286s] -- Build files have been written to: /home/u22/turtlebot/build/turtlebot3_ball_collection
[4.358s] [35m[1mConsolidate compiler generated dependencies of target semantic_path_planner_node[0m
[4.358s] [35m[1mConsolidate compiler generated dependencies of target density_map_builder_node[0m
[4.360s] [35m[1mConsolidate compiler generated dependencies of target tsp_planner_node[0m
[4.381s] [35m[1mConsolidate compiler generated dependencies of target ball_detector_node[0m
[4.416s] [ 20%] Built target density_map_builder_node
[4.424s] [ 40%] Built target semantic_path_planner_node
[4.444s] [ 60%] Built target tsp_planner_node
[4.446s] [35m[1mConsolidate compiler generated dependencies of target path_planner_node[0m
[4.464s] [ 80%] Built target ball_detector_node
[4.503s] [ 90%] [32mBuilding CXX object CMakeFiles/path_planner_node.dir/src/path_planner_node.cpp.o[0m
[9.754s] [01m[K/home/u22/turtlebot/turtlebot3/turtlebot3_ball_collection/src/path_planner_node.cpp:[m[K In lambda function:
[9.754s] [01m[K/home/u22/turtlebot/turtlebot3/turtlebot3_ball_collection/src/path_planner_node.cpp:61:98:[m[K [01;35m[Kwarning: [m[Kunused parameter ‘[01m[Khandle[m[K’ [[01;35m[K]8;;https://gcc.gnu.org/onlinedocs/gcc/Warning-Options.html#index-Wunused-parameter-Wunused-parameter]8;;[m[K]
[9.754s]    61 | [01;35m[Kpp_action::ClientGoalHandle<nav2_msgs::action::NavigateToPose>> handle[m[K,
[9.754s]       | [01;35m[K~~~~~~~~~~~~~~~~~~~~~~~~~~~~~~~~~~~~~~~~~~~~~~~~~~~~~~~~~~~~~~~~^~~~~~[m[K
[9.754s] 
[9.754s] [01m[K/home/u22/turtlebot/turtlebot3/turtlebot3_ball_collection/src/path_planner_node.cpp:62:81:[m[K [01;35m[Kwarning: [m[Kunused parameter ‘[01m[Kfeedback[m[K’ [[01;35m[K]8;;https://gcc.gnu.org/onlinedocs/gcc/Warning-Options.html#index-Wunused-parameter-Wunused-parameter]8;;[m[K]
[9.754s]    62 | [01;35m[Kared_ptr<const nav2_msgs::action::NavigateToPose::Feedback> feedback[m[K) {
[9.754s]       | [01;35m[K~~~~~~~~~~~~~~~~~~~~~~~~~~~~~~~~~~~~~~~~~~~~~~~~~~~~~~~~~~~~^~~~~~~~[m[K
[9.755s] 
[23.446s] [100%] [32m[1mLinking CXX executable path_planner_node[0m
[24.347s] [100%] Built target path_planner_node
[24.369s] Invoked command in '/home/u22/turtlebot/build/turtlebot3_ball_collection' returned '0': CMAKE_PREFIX_PATH=/opt/ros/humble __trae_PS1=\n(TraeAI-3) \w [$?] $ /usr/bin/cmake --build /home/u22/turtlebot/build/turtlebot3_ball_collection -- -j4 -l4
[24.395s] Invoking command in '/home/u22/turtlebot/build/turtlebot3_ball_collection': CMAKE_PREFIX_PATH=/opt/ros/humble __trae_PS1=\n(TraeAI-3) \w [$?] $ /usr/bin/cmake --install /home/u22/turtlebot/build/turtlebot3_ball_collection
[24.410s] -- Install configuration: ""
[24.428s] -- Installing: /home/u22/turtlebot/install/turtlebot3_ball_collection/lib/turtlebot3_ball_collection/density_map_builder_node
[24.434s] -- Set runtime path of "/home/u22/turtlebot/install/turtlebot3_ball_collection/lib/turtlebot3_ball_collection/density_map_builder_node" to ""
[24.437s] -- Installing: /home/u22/turtlebot/install/turtlebot3_ball_collection/lib/turtlebot3_ball_collection/semantic_path_planner_node
[24.444s] -- Set runtime path of "/home/u22/turtlebot/install/turtlebot3_ball_collection/lib/turtlebot3_ball_collection/semantic_path_planner_node" to ""
[24.447s] -- Installing: /home/u22/turtlebot/install/turtlebot3_ball_collection/lib/turtlebot3_ball_collection/ball_detector_node
[24.452s] -- Set runtime path of "/home/u22/turtlebot/install/turtlebot3_ball_collection/lib/turtlebot3_ball_collection/ball_detector_node" to ""
[24.453s] -- Installing: /home/u22/turtlebot/install/turtlebot3_ball_collection/lib/turtlebot3_ball_collection/tsp_planner_node
[24.460s] -- Set runtime path of "/home/u22/turtlebot/install/turtlebot3_ball_collection/lib/turtlebot3_ball_collection/tsp_planner_node" to ""
[24.463s] -- Installing: /home/u22/turtlebot/install/turtlebot3_ball_collection/lib/turtlebot3_ball_collection/path_planner_node
[24.471s] -- Set runtime path of "/home/u22/turtlebot/install/turtlebot3_ball_collection/lib/turtlebot3_ball_collection/path_planner_node" to ""
[24.472s] -- Up-to-date: /home/u22/turtlebot/install/turtlebot3_ball_collection/share/turtlebot3_ball_collection/launch
[24.472s] -- Installing: /home/u22/turtlebot/install/turtlebot3_ball_collection/share/turtlebot3_ball_collection/launch/ball_collection.launch.py
[24.472s] -- Up-to-date: /home/u22/turtlebot/install/turtlebot3_ball_collection/share/turtlebot3_ball_collection/launch/full_system.launch.py
[24.472s] -- Up-to-date: /home/u22/turtlebot/install/turtlebot3_ball_collection/share/turtlebot3_ball_collection/launch/slam_navigation.launch.py
[24.472s] -- Up-to-date: /home/u22/turtlebot/install/turtlebot3_ball_collection/share/turtlebot3_ball_collection/param
[24.472s] -- Up-to-date: /home/u22/turtlebot/install/turtlebot3_ball_collection/share/turtlebot3_ball_collection/param/slam_toolbox.yaml
[24.473s] -- Up-to-date: /home/u22/turtlebot/install/turtlebot3_ball_collection/share/ament_index/resource_index/package_run_dependencies/turtlebot3_ball_collection
[24.476s] -- Up-to-date: /home/u22/turtlebot/install/turtlebot3_ball_collection/share/ament_index/resource_index/parent_prefix_path/turtlebot3_ball_collection
[24.476s] -- Up-to-date: /home/u22/turtlebot/install/turtlebot3_ball_collection/share/turtlebot3_ball_collection/environment/ament_prefix_path.sh
[24.477s] -- Installing: /home/u22/turtlebot/install/turtlebot3_ball_collection/share/turtlebot3_ball_collection/environment/ament_prefix_path.dsv
[24.477s] -- Up-to-date: /home/u22/turtlebot/install/turtlebot3_ball_collection/share/turtlebot3_ball_collection/environment/path.sh
[24.477s] -- Installing: /home/u22/turtlebot/install/turtlebot3_ball_collection/share/turtlebot3_ball_collection/environment/path.dsv
[24.477s] -- Up-to-date: /home/u22/turtlebot/install/turtlebot3_ball_collection/share/turtlebot3_ball_collection/local_setup.bash
[24.477s] -- Up-to-date: /home/u22/turtlebot/install/turtlebot3_ball_collection/share/turtlebot3_ball_collection/local_setup.sh
[24.477s] -- Up-to-date: /home/u22/turtlebot/install/turtlebot3_ball_collection/share/turtlebot3_ball_collection/local_setup.zsh
[24.477s] -- Installing: /home/u22/turtlebot/install/turtlebot3_ball_collection/share/turtlebot3_ball_collection/local_setup.dsv
[24.477s] -- Installing: /home/u22/turtlebot/install/turtlebot3_ball_collection/share/turtlebot3_ball_collection/package.dsv
[24.477s] -- Up-to-date: /home/u22/turtlebot/install/turtlebot3_ball_collection/share/ament_index/resource_index/packages/turtlebot3_ball_collection
[24.477s] -- Up-to-date: /home/u22/turtlebot/install/turtlebot3_ball_collection/share/turtlebot3_ball_collection/cmake/turtlebot3_ball_collectionConfig.cmake
[24.477s] -- Up-to-date: /home/u22/turtlebot/install/turtlebot3_ball_collection/share/turtlebot3_ball_collection/cmake/turtlebot3_ball_collectionConfig-version.cmake
[24.477s] -- Up-to-date: /home/u22/turtlebot/install/turtlebot3_ball_collection/share/turtlebot3_ball_collection/package.xml
[24.482s] Invoked command in '/home/u22/turtlebot/build/turtlebot3_ball_collection' returned '0': CMAKE_PREFIX_PATH=/opt/ros/humble __trae_PS1=\n(TraeAI-3) \w [$?] $ /usr/bin/cmake --install /home/u22/turtlebot/build/turtlebot3_ball_collection
