[0.030s] Invoking command in '/home/u22/turtlebot/build/turtlebot3_ball_collection': CMAKE_PREFIX_PATH=/opt/ros/humble __trae_PS1=\n(TraeAI-3) \w [$?] $ /usr/bin/cmake --build /home/u22/turtlebot/build/turtlebot3_ball_collection -- -j4 -l4
[0.353s] -- Found ament_cmake: 1.3.13 (/opt/ros/humble/share/ament_cmake/cmake)
[0.840s] -- Found rclcpp: 16.0.18 (/opt/ros/humble/share/rclcpp/cmake)
[0.931s] -- Found rosidl_generator_c: 3.1.8 (/opt/ros/humble/share/rosidl_generator_c/cmake)
[0.939s] -- Found rosidl_adapter: 3.1.8 (/opt/ros/humble/share/rosidl_adapter/cmake)
[0.957s] -- Found rosidl_generator_cpp: 3.1.8 (/opt/ros/humble/share/rosidl_generator_cpp/cmake)
[0.983s] -- Using all available rosidl_typesupport_c: rosidl_typesupport_fastrtps_c;rosidl_typesupport_introspection_c
[1.020s] -- Using all available rosidl_typesupport_cpp: rosidl_typesupport_fastrtps_cpp;rosidl_typesupport_introspection_cpp
[1.120s] -- Found rmw_implementation_cmake: 6.1.2 (/opt/ros/humble/share/rmw_implementation_cmake/cmake)
[1.127s] -- Found rmw_fastrtps_cpp: 6.2.10 (/opt/ros/humble/share/rmw_fastrtps_cpp/cmake)
[1.359s] -- Using RMW implementation 'rmw_fastrtps_cpp' as default
[1.518s] -- Found geometry_msgs: 4.9.1 (/opt/ros/humble/share/geometry_msgs/cmake)
[1.568s] -- Found sensor_msgs: 4.9.1 (/opt/ros/humble/share/sensor_msgs/cmake)
[1.625s] -- Found nav_msgs: 4.9.1 (/opt/ros/humble/share/nav_msgs/cmake)
[1.674s] -- Found visualization_msgs: 4.9.1 (/opt/ros/humble/share/visualization_msgs/cmake)
[1.722s] -- Found tf2: 0.25.19 (/opt/ros/humble/share/tf2/cmake)
[1.732s] -- Found tf2_ros: 0.25.19 (/opt/ros/humble/share/tf2_ros/cmake)
[1.964s] -- Found nav2_msgs: 1.1.20 (/opt/ros/humble/share/nav2_msgs/cmake)
[2.043s] -- Found pcl_conversions: 2.4.5 (/opt/ros/humble/share/pcl_conversions/cmake)
[2.161s] -- Eigen found (include: /usr/include/eigen3, version: 3.4.0)
[2.246s] -- FLANN found (include: /usr/include, lib: /usr/lib/x86_64-linux-gnu/libflann_cpp.so)
[3.383s] -- OpenNI found (version: 1.5.4.0, include: /usr/include/ni, lib: /usr/lib/libOpenNI.so;libusb::libusb)
[3.399s] -- OpenNI2 found (version: 2.2.0.33, include: /usr/include/openni2, lib: /usr/lib/x86_64-linux-gnu/libOpenNI2.so;libusb::libusb)
[3.769s] -- Eigen found (include: /usr/include/eigen3, version: 3.4.0)
[3.783s] -- OpenNI found (version: 1.5.4.0, include: /usr/include/ni, lib: /usr/lib/libOpenNI.so;libusb::libusb)
[3.799s] -- OpenNI2 found (version: 2.2.0.33, include: /usr/include/openni2, lib: /usr/lib/x86_64-linux-gnu/libOpenNI2.so;libusb::libusb)
[4.119s] -- Found Qhull version 8.0.2
[4.400s] -- OpenNI found (version: 1.5.4.0, include: /usr/include/ni, lib: /usr/lib/libOpenNI.so;libusb::libusb)
[4.732s] [31mCMake Error at CMakeLists.txt:23 (find_package):
[4.732s]   By not providing "Findpcl_ros.cmake" in CMAKE_MODULE_PATH this project has
[4.733s]   asked CMake to find a package configuration file provided by "pcl_ros", but
[4.733s]   CMake did not find one.
[4.733s] 
[4.733s]   Could not find a package configuration file provided by "pcl_ros" with any
[4.733s]   of the following names:
[4.733s] 
[4.733s]     pcl_rosConfig.cmake
[4.733s]     pcl_ros-config.cmake
[4.733s] 
[4.733s]   Add the installation prefix of "pcl_ros" to CMAKE_PREFIX_PATH or set
[4.733s]   "pcl_ros_DIR" to a directory containing one of the above files.  If
[4.733s]   "pcl_ros" provides a separate development package or SDK, be sure it has
[4.734s]   been installed.
[4.734s] 
[4.734s] [0m
[4.734s] -- Configuring incomplete, errors occurred!
[4.734s] See also "/home/u22/turtlebot/build/turtlebot3_ball_collection/CMakeFiles/CMakeOutput.log".
[4.751s] gmake: *** [Makefile:308: cmake_check_build_system] Error 1
[4.755s] Invoked command in '/home/u22/turtlebot/build/turtlebot3_ball_collection' returned '2': CMAKE_PREFIX_PATH=/opt/ros/humble __trae_PS1=\n(TraeAI-3) \w [$?] $ /usr/bin/cmake --build /home/u22/turtlebot/build/turtlebot3_ball_collection -- -j4 -l4
