[0.026s] Invoking command in '/home/u22/turtlebot/build/semantic_density_map': CMAKE_PREFIX_PATH=/opt/ros/humble /usr/bin/cmake --build /home/u22/turtlebot/build/semantic_density_map -- -j4 -l4
[0.093s] -- Found ament_cmake: 1.3.13 (/opt/ros/humble/share/ament_cmake/cmake)
[0.365s] -- Found rclcpp: 16.0.18 (/opt/ros/humble/share/rclcpp/cmake)
[0.419s] -- Found rosidl_generator_c: 3.1.8 (/opt/ros/humble/share/rosidl_generator_c/cmake)
[0.422s] -- Found rosidl_adapter: 3.1.8 (/opt/ros/humble/share/rosidl_adapter/cmake)
[0.434s] -- Found rosidl_generator_cpp: 3.1.8 (/opt/ros/humble/share/rosidl_generator_cpp/cmake)
[0.450s] -- Using all available rosidl_typesupport_c: rosidl_typesupport_fastrtps_c;rosidl_typesupport_introspection_c
[0.470s] -- Using all available rosidl_typesupport_cpp: rosidl_typesupport_fastrtps_cpp;rosidl_typesupport_introspection_cpp
[0.532s] -- Found rmw_implementation_cmake: 6.1.2 (/opt/ros/humble/share/rmw_implementation_cmake/cmake)
[0.534s] -- Found rmw_fastrtps_cpp: 6.2.10 (/opt/ros/humble/share/rmw_fastrtps_cpp/cmake)
[0.752s] -- Using RMW implementation 'rmw_fastrtps_cpp' as default
[0.865s] -- Found geometry_msgs: 4.9.1 (/opt/ros/humble/share/geometry_msgs/cmake)
[0.891s] -- Found sensor_msgs: 4.9.1 (/opt/ros/humble/share/sensor_msgs/cmake)
[0.925s] -- Found nav_msgs: 4.9.1 (/opt/ros/humble/share/nav_msgs/cmake)
[0.959s] -- Found visualization_msgs: 4.9.1 (/opt/ros/humble/share/visualization_msgs/cmake)
[0.997s] -- Found tf2: 0.25.19 (/opt/ros/humble/share/tf2/cmake)
[1.006s] -- Found tf2_ros: 0.25.19 (/opt/ros/humble/share/tf2_ros/cmake)
[1.191s] -- Found tf2_geometry_msgs: 0.25.19 (/opt/ros/humble/share/tf2_geometry_msgs/cmake)
[1.198s] -- Found eigen3_cmake_module: 0.1.1 (/opt/ros/humble/share/eigen3_cmake_module/cmake)
[1.201s] -- Ensuring Eigen3 include directory is part of orocos-kdl CMake target
[1.204s] -- Found pcl_conversions: 2.4.5 (/opt/ros/humble/share/pcl_conversions/cmake)
[1.270s] -- Eigen found (include: /usr/include/eigen3, version: 3.4.0)
[1.328s] -- FLANN found (include: /usr/include, lib: /usr/lib/x86_64-linux-gnu/libflann_cpp.so)
[1.988s] -- OpenNI found (version: 1.5.4.0, include: /usr/include/ni, lib: /usr/lib/libOpenNI.so;libusb::libusb)
[2.006s] -- OpenNI2 found (version: 2.2.0.33, include: /usr/include/openni2, lib: /usr/lib/x86_64-linux-gnu/libOpenNI2.so;libusb::libusb)
[2.391s] -- Eigen found (include: /usr/include/eigen3, version: 3.4.0)
[2.404s] -- OpenNI found (version: 1.5.4.0, include: /usr/include/ni, lib: /usr/lib/libOpenNI.so;libusb::libusb)
[2.416s] -- OpenNI2 found (version: 2.2.0.33, include: /usr/include/openni2, lib: /usr/lib/x86_64-linux-gnu/libOpenNI2.so;libusb::libusb)
[2.737s] -- Found Qhull version 8.0.2
[3.114s] -- OpenNI found (version: 1.5.4.0, include: /usr/include/ni, lib: /usr/lib/libOpenNI.so;libusb::libusb)
[3.490s] [33mCMake Warning (dev) at CMakeLists.txt:20 (find_package):
[3.490s]   Policy CMP0074 is not set: find_package uses <PackageName>_ROOT variables.
[3.490s]   Run "cmake --help-policy CMP0074" for policy details.  Use the cmake_policy
[3.490s]   command to set the policy and suppress this warning.
[3.490s] 
[3.491s]   CMake variable PCL_ROOT is set to:
[3.491s] 
[3.491s]     /usr
[3.491s] 
[3.491s]   For compatibility, CMake is ignoring the variable.
[3.491s] This warning is for project developers.  Use -Wno-dev to suppress it.
[3.491s] [0m
[3.504s] -- Found nav2_msgs: 1.1.20 (/opt/ros/humble/share/nav2_msgs/cmake)
[3.567s] [31mCMake Error at /opt/ros/humble/share/ament_cmake_target_dependencies/cmake/ament_target_dependencies.cmake:77 (message):
[3.567s]   ament_target_dependencies() the passed package name 'nav2_core' was not
[3.568s]   found before
[3.568s] Call Stack (most recent call first):
[3.568s]   CMakeLists.txt:31 (ament_target_dependencies)
[3.568s] 
[3.568s] [0m
[3.571s] -- Configuring incomplete, errors occurred!
[3.571s] See also "/home/u22/turtlebot/build/semantic_density_map/CMakeFiles/CMakeOutput.log".
[3.592s] gmake: *** [Makefile:308: cmake_check_build_system] Error 1
[3.596s] Invoked command in '/home/u22/turtlebot/build/semantic_density_map' returned '2': CMAKE_PREFIX_PATH=/opt/ros/humble /usr/bin/cmake --build /home/u22/turtlebot/build/semantic_density_map -- -j4 -l4
